{"/Users/andystewart/Development/shdr/src/glsl-asset-manager.ts": {"path":"/Users/andystewart/Development/shdr/src/glsl-asset-manager.ts","all":false,"statementMap":{"0":{"start":{"line":1,"column":0},"end":{"line":1,"column":8}},"1":{"start":{"line":2,"column":0},"end":{"line":2,"column":17}},"2":{"start":{"line":3,"column":0},"end":{"line":3,"column":19}},"3":{"start":{"line":4,"column":0},"end":{"line":4,"column":16}},"4":{"start":{"line":5,"column":0},"end":{"line":5,"column":16}},"5":{"start":{"line":6,"column":0},"end":{"line":6,"column":20}},"7":{"start":{"line":8,"column":0},"end":{"line":8,"column":17}},"9":{"start":{"line":10,"column":0},"end":{"line":10,"column":8}},"10":{"start":{"line":11,"column":0},"end":{"line":11,"column":9}},"11":{"start":{"line":12,"column":0},"end":{"line":12,"column":14}},"12":{"start":{"line":13,"column":0},"end":{"line":13,"column":11}},"13":{"start":{"line":14,"column":0},"end":{"line":14,"column":11}},"14":{"start":{"line":15,"column":0},"end":{"line":15,"column":9}},"15":{"start":{"line":16,"column":0},"end":{"line":16,"column":9}},"16":{"start":{"line":17,"column":0},"end":{"line":17,"column":9}},"17":{"start":{"line":18,"column":0},"end":{"line":18,"column":14}},"18":{"start":{"line":19,"column":0},"end":{"line":19,"column":22}},"34":{"start":{"line":35,"column":0},"end":{"line":35,"column":24}},"37":{"start":{"line":38,"column":0},"end":{"line":38,"column":59}},"38":{"start":{"line":39,"column":0},"end":{"line":39,"column":66}},"39":{"start":{"line":40,"column":0},"end":{"line":40,"column":68}},"40":{"start":{"line":41,"column":0},"end":{"line":41,"column":39}},"41":{"start":{"line":42,"column":0},"end":{"line":42,"column":46}},"43":{"start":{"line":44,"column":0},"end":{"line":44,"column":14}},"44":{"start":{"line":45,"column":0},"end":{"line":45,"column":31}},"45":{"start":{"line":46,"column":0},"end":{"line":46,"column":26}},"46":{"start":{"line":47,"column":0},"end":{"line":47,"column":32}},"47":{"start":{"line":48,"column":0},"end":{"line":48,"column":26}},"48":{"start":{"line":49,"column":0},"end":{"line":49,"column":28}},"49":{"start":{"line":50,"column":0},"end":{"line":50,"column":5}},"50":{"start":{"line":51,"column":0},"end":{"line":51,"column":17}},"51":{"start":{"line":52,"column":0},"end":{"line":52,"column":27}},"52":{"start":{"line":53,"column":0},"end":{"line":53,"column":39}},"53":{"start":{"line":54,"column":0},"end":{"line":54,"column":35}},"55":{"start":{"line":56,"column":0},"end":{"line":56,"column":67}},"56":{"start":{"line":57,"column":0},"end":{"line":57,"column":20}},"57":{"start":{"line":58,"column":0},"end":{"line":58,"column":13}},"58":{"start":{"line":59,"column":0},"end":{"line":59,"column":67}},"59":{"start":{"line":60,"column":0},"end":{"line":60,"column":20}},"60":{"start":{"line":61,"column":0},"end":{"line":61,"column":13}},"61":{"start":{"line":62,"column":0},"end":{"line":62,"column":66}},"62":{"start":{"line":63,"column":0},"end":{"line":63,"column":66}},"64":{"start":{"line":65,"column":0},"end":{"line":65,"column":37}},"65":{"start":{"line":66,"column":0},"end":{"line":66,"column":51}},"66":{"start":{"line":67,"column":0},"end":{"line":67,"column":3}},"70":{"start":{"line":71,"column":0},"end":{"line":71,"column":39}},"71":{"start":{"line":72,"column":0},"end":{"line":72,"column":48}},"72":{"start":{"line":73,"column":0},"end":{"line":73,"column":76}},"73":{"start":{"line":74,"column":0},"end":{"line":74,"column":23}},"74":{"start":{"line":75,"column":0},"end":{"line":75,"column":77}},"75":{"start":{"line":76,"column":0},"end":{"line":76,"column":5}},"77":{"start":{"line":78,"column":0},"end":{"line":78,"column":53}},"78":{"start":{"line":79,"column":0},"end":{"line":79,"column":74}},"79":{"start":{"line":80,"column":0},"end":{"line":80,"column":22}},"80":{"start":{"line":81,"column":0},"end":{"line":81,"column":74}},"81":{"start":{"line":82,"column":0},"end":{"line":82,"column":5}},"83":{"start":{"line":84,"column":0},"end":{"line":84,"column":50}},"84":{"start":{"line":85,"column":0},"end":{"line":85,"column":78}},"85":{"start":{"line":86,"column":0},"end":{"line":86,"column":24}},"86":{"start":{"line":87,"column":0},"end":{"line":87,"column":78}},"87":{"start":{"line":88,"column":0},"end":{"line":88,"column":5}},"88":{"start":{"line":89,"column":0},"end":{"line":89,"column":3}},"90":{"start":{"line":91,"column":0},"end":{"line":91,"column":58}},"91":{"start":{"line":92,"column":0},"end":{"line":92,"column":58}},"92":{"start":{"line":93,"column":0},"end":{"line":93,"column":45}},"93":{"start":{"line":94,"column":0},"end":{"line":94,"column":70}},"94":{"start":{"line":95,"column":0},"end":{"line":95,"column":22}},"95":{"start":{"line":96,"column":0},"end":{"line":96,"column":21}},"96":{"start":{"line":97,"column":0},"end":{"line":97,"column":117}},"97":{"start":{"line":98,"column":0},"end":{"line":98,"column":10}},"98":{"start":{"line":99,"column":0},"end":{"line":99,"column":17}},"99":{"start":{"line":100,"column":0},"end":{"line":100,"column":7}},"101":{"start":{"line":102,"column":0},"end":{"line":102,"column":43}},"103":{"start":{"line":104,"column":0},"end":{"line":104,"column":28}},"104":{"start":{"line":105,"column":0},"end":{"line":105,"column":40}},"105":{"start":{"line":106,"column":0},"end":{"line":106,"column":17}},"106":{"start":{"line":107,"column":0},"end":{"line":107,"column":7}},"108":{"start":{"line":109,"column":0},"end":{"line":109,"column":65}},"109":{"start":{"line":110,"column":0},"end":{"line":110,"column":50}},"110":{"start":{"line":111,"column":0},"end":{"line":111,"column":5}},"111":{"start":{"line":112,"column":0},"end":{"line":112,"column":3}},"113":{"start":{"line":114,"column":0},"end":{"line":114,"column":62}},"114":{"start":{"line":115,"column":0},"end":{"line":115,"column":43}},"115":{"start":{"line":116,"column":0},"end":{"line":116,"column":40}},"117":{"start":{"line":118,"column":0},"end":{"line":118,"column":15}},"118":{"start":{"line":119,"column":0},"end":{"line":119,"column":60}},"119":{"start":{"line":120,"column":0},"end":{"line":120,"column":13}},"120":{"start":{"line":121,"column":0},"end":{"line":121,"column":5}},"122":{"start":{"line":123,"column":0},"end":{"line":123,"column":35}},"124":{"start":{"line":125,"column":0},"end":{"line":125,"column":19}},"125":{"start":{"line":126,"column":0},"end":{"line":126,"column":19}},"126":{"start":{"line":127,"column":0},"end":{"line":127,"column":64}},"127":{"start":{"line":128,"column":0},"end":{"line":128,"column":61}},"128":{"start":{"line":129,"column":0},"end":{"line":129,"column":14}},"130":{"start":{"line":131,"column":0},"end":{"line":131,"column":18}},"131":{"start":{"line":132,"column":0},"end":{"line":132,"column":63}},"132":{"start":{"line":133,"column":0},"end":{"line":133,"column":59}},"133":{"start":{"line":134,"column":0},"end":{"line":134,"column":14}},"135":{"start":{"line":136,"column":0},"end":{"line":136,"column":18}},"136":{"start":{"line":137,"column":0},"end":{"line":137,"column":63}},"137":{"start":{"line":138,"column":0},"end":{"line":138,"column":59}},"138":{"start":{"line":139,"column":0},"end":{"line":139,"column":14}},"140":{"start":{"line":141,"column":0},"end":{"line":141,"column":18}},"141":{"start":{"line":142,"column":0},"end":{"line":142,"column":63}},"142":{"start":{"line":143,"column":0},"end":{"line":143,"column":59}},"143":{"start":{"line":144,"column":0},"end":{"line":144,"column":14}},"145":{"start":{"line":146,"column":0},"end":{"line":146,"column":17}},"146":{"start":{"line":147,"column":0},"end":{"line":147,"column":64}},"147":{"start":{"line":148,"column":0},"end":{"line":148,"column":61}},"148":{"start":{"line":149,"column":0},"end":{"line":149,"column":14}},"150":{"start":{"line":151,"column":0},"end":{"line":151,"column":18}},"151":{"start":{"line":152,"column":0},"end":{"line":152,"column":70}},"152":{"start":{"line":153,"column":0},"end":{"line":153,"column":62}},"153":{"start":{"line":154,"column":0},"end":{"line":154,"column":14}},"155":{"start":{"line":156,"column":0},"end":{"line":156,"column":19}},"156":{"start":{"line":157,"column":0},"end":{"line":157,"column":65}},"157":{"start":{"line":158,"column":0},"end":{"line":158,"column":61}},"158":{"start":{"line":159,"column":0},"end":{"line":159,"column":14}},"160":{"start":{"line":161,"column":0},"end":{"line":161,"column":19}},"161":{"start":{"line":162,"column":0},"end":{"line":162,"column":66}},"162":{"start":{"line":163,"column":0},"end":{"line":163,"column":61}},"163":{"start":{"line":164,"column":0},"end":{"line":164,"column":14}},"165":{"start":{"line":166,"column":0},"end":{"line":166,"column":20}},"166":{"start":{"line":167,"column":0},"end":{"line":167,"column":38}},"167":{"start":{"line":168,"column":0},"end":{"line":168,"column":14}},"169":{"start":{"line":170,"column":0},"end":{"line":170,"column":14}},"170":{"start":{"line":171,"column":0},"end":{"line":171,"column":61}},"171":{"start":{"line":172,"column":0},"end":{"line":172,"column":5}},"172":{"start":{"line":173,"column":0},"end":{"line":173,"column":3}},"174":{"start":{"line":175,"column":0},"end":{"line":175,"column":38}},"175":{"start":{"line":176,"column":0},"end":{"line":176,"column":69}},"176":{"start":{"line":177,"column":0},"end":{"line":177,"column":3}},"180":{"start":{"line":181,"column":0},"end":{"line":181,"column":28}},"181":{"start":{"line":182,"column":0},"end":{"line":182,"column":64}},"182":{"start":{"line":183,"column":0},"end":{"line":183,"column":3}},"184":{"start":{"line":185,"column":0},"end":{"line":185,"column":44}},"185":{"start":{"line":186,"column":0},"end":{"line":186,"column":68}},"186":{"start":{"line":187,"column":0},"end":{"line":187,"column":20}},"187":{"start":{"line":188,"column":0},"end":{"line":188,"column":72}},"188":{"start":{"line":189,"column":0},"end":{"line":189,"column":5}},"189":{"start":{"line":190,"column":0},"end":{"line":190,"column":20}},"190":{"start":{"line":191,"column":0},"end":{"line":191,"column":3}},"192":{"start":{"line":193,"column":0},"end":{"line":193,"column":43}},"194":{"start":{"line":195,"column":0},"end":{"line":195,"column":51}},"195":{"start":{"line":196,"column":0},"end":{"line":196,"column":44}},"196":{"start":{"line":197,"column":0},"end":{"line":197,"column":46}},"199":{"start":{"line":200,"column":0},"end":{"line":200,"column":45}},"202":{"start":{"line":203,"column":0},"end":{"line":203,"column":58}},"203":{"start":{"line":204,"column":0},"end":{"line":204,"column":53}},"204":{"start":{"line":205,"column":0},"end":{"line":205,"column":27}},"206":{"start":{"line":207,"column":0},"end":{"line":207,"column":43}},"207":{"start":{"line":208,"column":0},"end":{"line":208,"column":3}},"209":{"start":{"line":210,"column":0},"end":{"line":210,"column":56}},"210":{"start":{"line":211,"column":0},"end":{"line":211,"column":64}},"211":{"start":{"line":212,"column":0},"end":{"line":212,"column":20}},"212":{"start":{"line":213,"column":0},"end":{"line":213,"column":80}},"213":{"start":{"line":214,"column":0},"end":{"line":214,"column":76}},"216":{"start":{"line":217,"column":0},"end":{"line":217,"column":73}},"217":{"start":{"line":218,"column":0},"end":{"line":218,"column":23}},"218":{"start":{"line":219,"column":0},"end":{"line":219,"column":35}},"219":{"start":{"line":220,"column":0},"end":{"line":220,"column":21}},"220":{"start":{"line":221,"column":0},"end":{"line":221,"column":31}},"221":{"start":{"line":222,"column":0},"end":{"line":222,"column":9}},"222":{"start":{"line":223,"column":0},"end":{"line":223,"column":5}},"225":{"start":{"line":226,"column":0},"end":{"line":226,"column":30}},"226":{"start":{"line":227,"column":0},"end":{"line":227,"column":36}},"228":{"start":{"line":229,"column":0},"end":{"line":229,"column":26}},"229":{"start":{"line":230,"column":0},"end":{"line":230,"column":11}},"230":{"start":{"line":231,"column":0},"end":{"line":231,"column":54}},"232":{"start":{"line":233,"column":0},"end":{"line":233,"column":22}},"233":{"start":{"line":234,"column":0},"end":{"line":234,"column":29}},"234":{"start":{"line":235,"column":0},"end":{"line":235,"column":41}},"235":{"start":{"line":236,"column":0},"end":{"line":236,"column":27}},"236":{"start":{"line":237,"column":0},"end":{"line":237,"column":37}},"237":{"start":{"line":238,"column":0},"end":{"line":238,"column":15}},"238":{"start":{"line":239,"column":0},"end":{"line":239,"column":71}},"239":{"start":{"line":240,"column":0},"end":{"line":240,"column":18}},"240":{"start":{"line":241,"column":0},"end":{"line":241,"column":25}},"241":{"start":{"line":242,"column":0},"end":{"line":242,"column":125}},"242":{"start":{"line":243,"column":0},"end":{"line":243,"column":14}},"243":{"start":{"line":244,"column":0},"end":{"line":244,"column":11}},"245":{"start":{"line":246,"column":0},"end":{"line":246,"column":65}},"246":{"start":{"line":247,"column":0},"end":{"line":247,"column":65}},"247":{"start":{"line":248,"column":0},"end":{"line":248,"column":65}},"248":{"start":{"line":249,"column":0},"end":{"line":249,"column":43}},"249":{"start":{"line":250,"column":0},"end":{"line":250,"column":40}},"251":{"start":{"line":252,"column":0},"end":{"line":252,"column":57}},"252":{"start":{"line":253,"column":0},"end":{"line":253,"column":52}},"253":{"start":{"line":254,"column":0},"end":{"line":254,"column":16}},"254":{"start":{"line":255,"column":0},"end":{"line":255,"column":72}},"255":{"start":{"line":256,"column":0},"end":{"line":256,"column":9}},"256":{"start":{"line":257,"column":0},"end":{"line":257,"column":23}},"257":{"start":{"line":258,"column":0},"end":{"line":258,"column":74}},"258":{"start":{"line":259,"column":0},"end":{"line":259,"column":7}},"259":{"start":{"line":260,"column":0},"end":{"line":260,"column":6}},"261":{"start":{"line":262,"column":0},"end":{"line":262,"column":32}},"262":{"start":{"line":263,"column":0},"end":{"line":263,"column":72}},"263":{"start":{"line":264,"column":0},"end":{"line":264,"column":6}},"265":{"start":{"line":266,"column":0},"end":{"line":266,"column":20}},"266":{"start":{"line":267,"column":0},"end":{"line":267,"column":3}},"268":{"start":{"line":269,"column":0},"end":{"line":269,"column":64}},"269":{"start":{"line":270,"column":0},"end":{"line":270,"column":50}},"270":{"start":{"line":271,"column":0},"end":{"line":271,"column":23}},"271":{"start":{"line":272,"column":0},"end":{"line":272,"column":26}},"272":{"start":{"line":273,"column":0},"end":{"line":273,"column":29}},"274":{"start":{"line":275,"column":0},"end":{"line":275,"column":32}},"275":{"start":{"line":276,"column":0},"end":{"line":276,"column":57}},"276":{"start":{"line":277,"column":0},"end":{"line":277,"column":22}},"277":{"start":{"line":278,"column":0},"end":{"line":278,"column":36}},"278":{"start":{"line":279,"column":0},"end":{"line":279,"column":32}},"279":{"start":{"line":280,"column":0},"end":{"line":280,"column":32}},"280":{"start":{"line":281,"column":0},"end":{"line":281,"column":78}},"282":{"start":{"line":283,"column":0},"end":{"line":283,"column":25}},"283":{"start":{"line":284,"column":0},"end":{"line":284,"column":37}},"284":{"start":{"line":285,"column":0},"end":{"line":285,"column":23}},"285":{"start":{"line":286,"column":0},"end":{"line":286,"column":33}},"286":{"start":{"line":287,"column":0},"end":{"line":287,"column":11}},"287":{"start":{"line":288,"column":0},"end":{"line":288,"column":7}},"290":{"start":{"line":291,"column":0},"end":{"line":291,"column":61}},"292":{"start":{"line":293,"column":0},"end":{"line":293,"column":19}},"294":{"start":{"line":295,"column":0},"end":{"line":295,"column":11}},"295":{"start":{"line":296,"column":0},"end":{"line":296,"column":55}},"296":{"start":{"line":297,"column":0},"end":{"line":297,"column":63}},"298":{"start":{"line":299,"column":0},"end":{"line":299,"column":22}},"299":{"start":{"line":300,"column":0},"end":{"line":300,"column":29}},"300":{"start":{"line":301,"column":0},"end":{"line":301,"column":41}},"301":{"start":{"line":302,"column":0},"end":{"line":302,"column":27}},"302":{"start":{"line":303,"column":0},"end":{"line":303,"column":37}},"303":{"start":{"line":304,"column":0},"end":{"line":304,"column":15}},"304":{"start":{"line":305,"column":0},"end":{"line":305,"column":30}},"305":{"start":{"line":306,"column":0},"end":{"line":306,"column":27}},"306":{"start":{"line":307,"column":0},"end":{"line":307,"column":31}},"307":{"start":{"line":308,"column":0},"end":{"line":308,"column":31}},"308":{"start":{"line":309,"column":0},"end":{"line":309,"column":14}},"309":{"start":{"line":310,"column":0},"end":{"line":310,"column":18}},"310":{"start":{"line":311,"column":0},"end":{"line":311,"column":25}},"311":{"start":{"line":312,"column":0},"end":{"line":312,"column":125}},"312":{"start":{"line":313,"column":0},"end":{"line":313,"column":14}},"313":{"start":{"line":314,"column":0},"end":{"line":314,"column":11}},"315":{"start":{"line":316,"column":0},"end":{"line":316,"column":65}},"316":{"start":{"line":317,"column":0},"end":{"line":317,"column":65}},"317":{"start":{"line":318,"column":0},"end":{"line":318,"column":51}},"318":{"start":{"line":319,"column":0},"end":{"line":319,"column":48}},"319":{"start":{"line":320,"column":0},"end":{"line":320,"column":9}},"320":{"start":{"line":321,"column":0},"end":{"line":321,"column":23}},"321":{"start":{"line":322,"column":0},"end":{"line":322,"column":74}},"322":{"start":{"line":323,"column":0},"end":{"line":323,"column":7}},"323":{"start":{"line":324,"column":0},"end":{"line":324,"column":6}},"325":{"start":{"line":326,"column":0},"end":{"line":326,"column":27}},"326":{"start":{"line":327,"column":0},"end":{"line":327,"column":65}},"327":{"start":{"line":328,"column":0},"end":{"line":328,"column":6}},"329":{"start":{"line":330,"column":0},"end":{"line":330,"column":15}},"330":{"start":{"line":331,"column":0},"end":{"line":331,"column":80}},"331":{"start":{"line":332,"column":0},"end":{"line":332,"column":31}},"332":{"start":{"line":333,"column":0},"end":{"line":333,"column":12}},"333":{"start":{"line":334,"column":0},"end":{"line":334,"column":24}},"334":{"start":{"line":335,"column":0},"end":{"line":335,"column":38}},"335":{"start":{"line":336,"column":0},"end":{"line":336,"column":22}},"336":{"start":{"line":337,"column":0},"end":{"line":337,"column":5}},"337":{"start":{"line":338,"column":0},"end":{"line":338,"column":3}},"339":{"start":{"line":340,"column":0},"end":{"line":340,"column":34}},"340":{"start":{"line":341,"column":0},"end":{"line":341,"column":70}},"341":{"start":{"line":342,"column":0},"end":{"line":342,"column":61}},"342":{"start":{"line":343,"column":0},"end":{"line":343,"column":61}},"343":{"start":{"line":344,"column":0},"end":{"line":344,"column":25}},"344":{"start":{"line":345,"column":0},"end":{"line":345,"column":27}},"345":{"start":{"line":346,"column":0},"end":{"line":346,"column":10}},"346":{"start":{"line":347,"column":0},"end":{"line":347,"column":21}},"347":{"start":{"line":348,"column":0},"end":{"line":348,"column":21}},"348":{"start":{"line":349,"column":0},"end":{"line":349,"column":30}},"349":{"start":{"line":350,"column":0},"end":{"line":350,"column":21}},"350":{"start":{"line":351,"column":0},"end":{"line":351,"column":8}},"351":{"start":{"line":352,"column":0},"end":{"line":352,"column":5}},"352":{"start":{"line":353,"column":0},"end":{"line":353,"column":3}},"356":{"start":{"line":357,"column":0},"end":{"line":357,"column":20}},"357":{"start":{"line":358,"column":0},"end":{"line":358,"column":77}},"358":{"start":{"line":359,"column":0},"end":{"line":359,"column":32}},"359":{"start":{"line":360,"column":0},"end":{"line":360,"column":70}},"360":{"start":{"line":361,"column":0},"end":{"line":361,"column":42}},"361":{"start":{"line":362,"column":0},"end":{"line":362,"column":39}},"362":{"start":{"line":363,"column":0},"end":{"line":363,"column":57}},"363":{"start":{"line":364,"column":0},"end":{"line":364,"column":14}},"364":{"start":{"line":365,"column":0},"end":{"line":365,"column":39}},"365":{"start":{"line":366,"column":0},"end":{"line":366,"column":7}},"366":{"start":{"line":367,"column":0},"end":{"line":367,"column":5}},"367":{"start":{"line":368,"column":0},"end":{"line":368,"column":33}},"368":{"start":{"line":369,"column":0},"end":{"line":369,"column":3}},"369":{"start":{"line":370,"column":0},"end":{"line":370,"column":1}},"371":{"start":{"line":372,"column":0},"end":{"line":372,"column":32}}},"s":{"0":1,"1":1,"2":1,"3":1,"4":1,"5":1,"7":1,"9":1,"10":1,"11":1,"12":1,"13":1,"14":1,"15":1,"16":1,"17":1,"18":1,"34":1,"37":1,"38":1,"39":1,"40":1,"41":1,"43":1,"44":17,"45":17,"46":17,"47":17,"48":17,"49":17,"50":17,"51":17,"52":17,"53":17,"55":17,"56":9,"57":17,"58":17,"59":9,"60":17,"61":17,"62":17,"64":17,"65":17,"66":17,"70":1,"71":17,"72":17,"73":17,"74":17,"75":17,"77":17,"78":17,"79":17,"80":17,"81":17,"83":17,"84":17,"85":17,"86":17,"87":17,"88":17,"90":1,"91":17,"92":9,"93":9,"94":9,"95":1,"96":1,"97":1,"98":1,"99":1,"101":8,"103":9,"104":0,"105":0,"106":0,"108":8,"109":8,"110":8,"111":17,"113":1,"114":9,"115":9,"117":9,"118":0,"119":0,"120":0,"122":9,"124":9,"125":9,"126":3,"127":0,"128":3,"130":9,"131":2,"132":0,"133":2,"135":9,"136":0,"137":0,"138":0,"140":9,"141":0,"142":0,"143":0,"145":9,"146":0,"147":0,"148":0,"150":9,"151":0,"152":0,"153":0,"155":9,"156":2,"157":0,"158":2,"160":9,"161":2,"162":0,"163":2,"165":9,"166":0,"167":0,"169":9,"170":0,"171":9,"172":9,"174":1,"175":402,"176":402,"180":1,"181":2,"182":2,"184":1,"185":3,"186":3,"187":0,"188":0,"189":3,"190":3,"192":1,"194":2,"195":2,"196":2,"199":2,"202":2,"203":2,"204":2,"206":2,"207":2,"209":1,"210":2,"211":2,"212":2,"213":2,"216":2,"217":2,"218":2,"219":2,"220":2,"221":2,"222":2,"225":2,"226":2,"228":2,"229":1,"230":1,"232":1,"233":1,"234":1,"235":1,"236":1,"237":1,"238":1,"239":1,"240":0,"241":0,"242":0,"243":0,"245":1,"246":1,"247":1,"248":1,"249":1,"251":1,"252":1,"253":1,"254":0,"255":0,"256":1,"257":0,"258":0,"259":1,"261":2,"262":1,"263":1,"265":2,"266":2,"268":1,"269":2,"270":2,"271":2,"272":2,"274":2,"275":0,"276":0,"277":0,"278":0,"279":0,"280":0,"282":0,"283":0,"284":0,"285":0,"286":0,"287":0,"290":0,"292":0,"294":0,"295":0,"296":0,"298":0,"299":0,"300":0,"301":0,"302":0,"303":0,"304":0,"305":0,"306":0,"307":0,"308":0,"309":0,"310":0,"311":0,"312":0,"313":0,"315":0,"316":0,"317":0,"318":0,"319":0,"320":0,"321":0,"322":0,"323":0,"325":2,"326":2,"327":2,"329":2,"330":0,"331":0,"332":2,"333":2,"334":2,"335":2,"336":2,"337":2,"339":1,"340":162,"341":0,"342":0,"343":0,"344":0,"345":0,"346":0,"347":0,"348":0,"349":0,"350":0,"351":0,"352":162,"356":1,"357":1,"358":1,"359":1,"360":0,"361":0,"362":0,"363":0,"364":0,"365":0,"366":0,"367":1,"368":1,"369":1,"371":1},"branchMap":{"0":{"type":"branch","line":44,"loc":{"start":{"line":44,"column":2},"end":{"line":67,"column":3}},"locations":[{"start":{"line":44,"column":2},"end":{"line":67,"column":3}}]},"1":{"type":"branch","line":62,"loc":{"start":{"line":62,"column":20},"end":{"line":62,"column":66}},"locations":[{"start":{"line":62,"column":20},"end":{"line":62,"column":66}}]},"2":{"type":"branch","line":63,"loc":{"start":{"line":63,"column":20},"end":{"line":63,"column":66}},"locations":[{"start":{"line":63,"column":20},"end":{"line":63,"column":66}}]},"3":{"type":"branch","line":56,"loc":{"start":{"line":56,"column":61},"end":{"line":57,"column":20}},"locations":[{"start":{"line":56,"column":61},"end":{"line":57,"column":20}}]},"4":{"type":"branch","line":59,"loc":{"start":{"line":59,"column":61},"end":{"line":60,"column":20}},"locations":[{"start":{"line":59,"column":61},"end":{"line":60,"column":20}}]},"5":{"type":"branch","line":71,"loc":{"start":{"line":71,"column":10},"end":{"line":89,"column":3}},"locations":[{"start":{"line":71,"column":10},"end":{"line":89,"column":3}}]},"6":{"type":"branch","line":91,"loc":{"start":{"line":91,"column":10},"end":{"line":112,"column":3}},"locations":[{"start":{"line":91,"column":10},"end":{"line":112,"column":3}}]},"7":{"type":"branch","line":92,"loc":{"start":{"line":92,"column":57},"end":{"line":111,"column":5}},"locations":[{"start":{"line":92,"column":57},"end":{"line":111,"column":5}}]},"8":{"type":"branch","line":95,"loc":{"start":{"line":95,"column":21},"end":{"line":100,"column":7}},"locations":[{"start":{"line":95,"column":21},"end":{"line":100,"column":7}}]},"9":{"type":"branch","line":100,"loc":{"start":{"line":100,"column":6},"end":{"line":104,"column":27}},"locations":[{"start":{"line":100,"column":6},"end":{"line":104,"column":27}}]},"10":{"type":"branch","line":104,"loc":{"start":{"line":104,"column":27},"end":{"line":107,"column":7}},"locations":[{"start":{"line":104,"column":27},"end":{"line":107,"column":7}}]},"11":{"type":"branch","line":107,"loc":{"start":{"line":107,"column":6},"end":{"line":111,"column":5}},"locations":[{"start":{"line":107,"column":6},"end":{"line":111,"column":5}}]},"12":{"type":"branch","line":114,"loc":{"start":{"line":114,"column":9},"end":{"line":173,"column":3}},"locations":[{"start":{"line":114,"column":9},"end":{"line":173,"column":3}}]},"13":{"type":"branch","line":118,"loc":{"start":{"line":118,"column":14},"end":{"line":121,"column":5}},"locations":[{"start":{"line":118,"column":14},"end":{"line":121,"column":5}}]},"14":{"type":"branch","line":126,"loc":{"start":{"line":126,"column":6},"end":{"line":129,"column":14}},"locations":[{"start":{"line":126,"column":6},"end":{"line":129,"column":14}}]},"15":{"type":"branch","line":127,"loc":{"start":{"line":127,"column":62},"end":{"line":128,"column":61}},"locations":[{"start":{"line":127,"column":62},"end":{"line":128,"column":61}}]},"16":{"type":"branch","line":131,"loc":{"start":{"line":131,"column":6},"end":{"line":134,"column":14}},"locations":[{"start":{"line":131,"column":6},"end":{"line":134,"column":14}}]},"17":{"type":"branch","line":132,"loc":{"start":{"line":132,"column":61},"end":{"line":133,"column":59}},"locations":[{"start":{"line":132,"column":61},"end":{"line":133,"column":59}}]},"18":{"type":"branch","line":136,"loc":{"start":{"line":136,"column":6},"end":{"line":139,"column":14}},"locations":[{"start":{"line":136,"column":6},"end":{"line":139,"column":14}}]},"19":{"type":"branch","line":141,"loc":{"start":{"line":141,"column":6},"end":{"line":144,"column":14}},"locations":[{"start":{"line":141,"column":6},"end":{"line":144,"column":14}}]},"20":{"type":"branch","line":146,"loc":{"start":{"line":146,"column":6},"end":{"line":149,"column":14}},"locations":[{"start":{"line":146,"column":6},"end":{"line":149,"column":14}}]},"21":{"type":"branch","line":151,"loc":{"start":{"line":151,"column":6},"end":{"line":154,"column":14}},"locations":[{"start":{"line":151,"column":6},"end":{"line":154,"column":14}}]},"22":{"type":"branch","line":156,"loc":{"start":{"line":156,"column":6},"end":{"line":159,"column":14}},"locations":[{"start":{"line":156,"column":6},"end":{"line":159,"column":14}}]},"23":{"type":"branch","line":157,"loc":{"start":{"line":157,"column":63},"end":{"line":158,"column":61}},"locations":[{"start":{"line":157,"column":63},"end":{"line":158,"column":61}}]},"24":{"type":"branch","line":161,"loc":{"start":{"line":161,"column":6},"end":{"line":164,"column":14}},"locations":[{"start":{"line":161,"column":6},"end":{"line":164,"column":14}}]},"25":{"type":"branch","line":162,"loc":{"start":{"line":162,"column":64},"end":{"line":163,"column":61}},"locations":[{"start":{"line":162,"column":64},"end":{"line":163,"column":61}}]},"26":{"type":"branch","line":166,"loc":{"start":{"line":166,"column":6},"end":{"line":168,"column":14}},"locations":[{"start":{"line":166,"column":6},"end":{"line":168,"column":14}}]},"27":{"type":"branch","line":170,"loc":{"start":{"line":170,"column":6},"end":{"line":171,"column":61}},"locations":[{"start":{"line":170,"column":6},"end":{"line":171,"column":61}}]},"28":{"type":"branch","line":175,"loc":{"start":{"line":175,"column":9},"end":{"line":177,"column":3}},"locations":[{"start":{"line":175,"column":9},"end":{"line":177,"column":3}}]},"29":{"type":"branch","line":181,"loc":{"start":{"line":181,"column":10},"end":{"line":183,"column":3}},"locations":[{"start":{"line":181,"column":10},"end":{"line":183,"column":3}}]},"30":{"type":"branch","line":185,"loc":{"start":{"line":185,"column":10},"end":{"line":191,"column":3}},"locations":[{"start":{"line":185,"column":10},"end":{"line":191,"column":3}}]},"31":{"type":"branch","line":187,"loc":{"start":{"line":187,"column":19},"end":{"line":189,"column":5}},"locations":[{"start":{"line":187,"column":19},"end":{"line":189,"column":5}}]},"32":{"type":"branch","line":193,"loc":{"start":{"line":193,"column":10},"end":{"line":208,"column":3}},"locations":[{"start":{"line":193,"column":10},"end":{"line":208,"column":3}}]},"33":{"type":"branch","line":210,"loc":{"start":{"line":210,"column":10},"end":{"line":267,"column":3}},"locations":[{"start":{"line":210,"column":10},"end":{"line":267,"column":3}}]},"34":{"type":"branch","line":213,"loc":{"start":{"line":213,"column":44},"end":{"line":213,"column":80}},"locations":[{"start":{"line":213,"column":44},"end":{"line":213,"column":80}}]},"35":{"type":"branch","line":229,"loc":{"start":{"line":229,"column":19},"end":{"line":260,"column":6}},"locations":[{"start":{"line":229,"column":19},"end":{"line":260,"column":6}}]},"36":{"type":"branch","line":240,"loc":{"start":{"line":240,"column":10},"end":{"line":244,"column":11}},"locations":[{"start":{"line":240,"column":10},"end":{"line":244,"column":11}}]},"37":{"type":"branch","line":254,"loc":{"start":{"line":254,"column":8},"end":{"line":256,"column":9}},"locations":[{"start":{"line":254,"column":8},"end":{"line":256,"column":9}}]},"38":{"type":"branch","line":257,"loc":{"start":{"line":257,"column":6},"end":{"line":259,"column":7}},"locations":[{"start":{"line":257,"column":6},"end":{"line":259,"column":7}}]},"39":{"type":"branch","line":262,"loc":{"start":{"line":262,"column":20},"end":{"line":264,"column":6}},"locations":[{"start":{"line":262,"column":20},"end":{"line":264,"column":6}}]},"40":{"type":"branch","line":269,"loc":{"start":{"line":269,"column":2},"end":{"line":338,"column":3}},"locations":[{"start":{"line":269,"column":2},"end":{"line":338,"column":3}}]},"41":{"type":"branch","line":330,"loc":{"start":{"line":330,"column":14},"end":{"line":333,"column":11}},"locations":[{"start":{"line":330,"column":14},"end":{"line":333,"column":11}}]},"42":{"type":"branch","line":326,"loc":{"start":{"line":326,"column":20},"end":{"line":328,"column":6}},"locations":[{"start":{"line":326,"column":20},"end":{"line":328,"column":6}}]},"43":{"type":"branch","line":340,"loc":{"start":{"line":340,"column":9},"end":{"line":353,"column":3}},"locations":[{"start":{"line":340,"column":9},"end":{"line":353,"column":3}}]},"44":{"type":"branch","line":341,"loc":{"start":{"line":341,"column":69},"end":{"line":352,"column":5}},"locations":[{"start":{"line":341,"column":69},"end":{"line":352,"column":5}}]},"45":{"type":"branch","line":357,"loc":{"start":{"line":357,"column":9},"end":{"line":369,"column":3}},"locations":[{"start":{"line":357,"column":9},"end":{"line":369,"column":3}}]},"46":{"type":"branch","line":360,"loc":{"start":{"line":360,"column":69},"end":{"line":367,"column":5}},"locations":[{"start":{"line":360,"column":69},"end":{"line":367,"column":5}}]}},"b":{"0":[17],"1":[2],"2":[2],"3":[9],"4":[9],"5":[17],"6":[17],"7":[9],"8":[1],"9":[8],"10":[0],"11":[8],"12":[9],"13":[0],"14":[3],"15":[0],"16":[2],"17":[0],"18":[0],"19":[0],"20":[0],"21":[0],"22":[2],"23":[0],"24":[2],"25":[0],"26":[0],"27":[0],"28":[402],"29":[2],"30":[3],"31":[0],"32":[2],"33":[2],"34":[0],"35":[1],"36":[0],"37":[0],"38":[0],"39":[1],"40":[2],"41":[0],"42":[2],"43":[162],"44":[0],"45":[1],"46":[0]},"fnMap":{"0":{"name":"GlslAssetManager","decl":{"start":{"line":44,"column":2},"end":{"line":67,"column":3}},"loc":{"start":{"line":44,"column":2},"end":{"line":67,"column":3}},"line":44},"1":{"name":"initializeDefaultUniforms","decl":{"start":{"line":71,"column":10},"end":{"line":89,"column":3}},"loc":{"start":{"line":71,"column":10},"end":{"line":89,"column":3}},"line":71},"2":{"name":"initializeCustomUniforms","decl":{"start":{"line":91,"column":10},"end":{"line":112,"column":3}},"loc":{"start":{"line":91,"column":10},"end":{"line":112,"column":3}},"line":91},"3":{"name":"setUniformValue","decl":{"start":{"line":114,"column":9},"end":{"line":173,"column":3}},"loc":{"start":{"line":114,"column":9},"end":{"line":173,"column":3}},"line":114},"4":{"name":"formatUniform","decl":{"start":{"line":175,"column":9},"end":{"line":177,"column":3}},"loc":{"start":{"line":175,"column":9},"end":{"line":177,"column":3}},"line":175},"5":{"name":"getTextureUnit","decl":{"start":{"line":181,"column":10},"end":{"line":183,"column":3}},"loc":{"start":{"line":181,"column":10},"end":{"line":183,"column":3}},"line":181},"6":{"name":"getUniformLocation","decl":{"start":{"line":185,"column":10},"end":{"line":191,"column":3}},"loc":{"start":{"line":185,"column":10},"end":{"line":191,"column":3}},"line":185},"7":{"name":"initializeTexture","decl":{"start":{"line":193,"column":10},"end":{"line":208,"column":3}},"loc":{"start":{"line":193,"column":10},"end":{"line":208,"column":3}},"line":193},"8":{"name":"loadStaticTexture","decl":{"start":{"line":210,"column":10},"end":{"line":267,"column":3}},"loc":{"start":{"line":210,"column":10},"end":{"line":267,"column":3}},"line":210},"9":{"name":"image.onload","decl":{"start":{"line":229,"column":19},"end":{"line":260,"column":6}},"loc":{"start":{"line":229,"column":19},"end":{"line":260,"column":6}},"line":229},"10":{"name":"image.onerror","decl":{"start":{"line":262,"column":20},"end":{"line":264,"column":6}},"loc":{"start":{"line":262,"column":20},"end":{"line":264,"column":6}},"line":262},"11":{"name":"loadDynamicTexture","decl":{"start":{"line":269,"column":2},"end":{"line":338,"column":3}},"loc":{"start":{"line":269,"column":2},"end":{"line":338,"column":3}},"line":269},"12":{"name":"video.onloadeddata","decl":{"start":{"line":275,"column":25},"end":{"line":324,"column":6}},"loc":{"start":{"line":275,"column":25},"end":{"line":324,"column":6}},"line":275},"13":{"name":"video.onerror","decl":{"start":{"line":326,"column":20},"end":{"line":328,"column":6}},"loc":{"start":{"line":326,"column":20},"end":{"line":328,"column":6}},"line":326},"14":{"name":"renderDynamicTextures","decl":{"start":{"line":340,"column":9},"end":{"line":353,"column":3}},"loc":{"start":{"line":340,"column":9},"end":{"line":353,"column":3}},"line":340},"15":{"name":"destroy","decl":{"start":{"line":357,"column":9},"end":{"line":369,"column":3}},"loc":{"start":{"line":357,"column":9},"end":{"line":369,"column":3}},"line":357}},"f":{"0":17,"1":17,"2":17,"3":9,"4":402,"5":2,"6":3,"7":2,"8":2,"9":1,"10":1,"11":2,"12":0,"13":2,"14":162,"15":1}}
,"/Users/andystewart/Development/shdr/src/glsl-canvas.ts": {"path":"/Users/andystewart/Development/shdr/src/glsl-canvas.ts","all":false,"statementMap":{"0":{"start":{"line":1,"column":0},"end":{"line":1,"column":37}},"1":{"start":{"line":2,"column":0},"end":{"line":2,"column":8}},"2":{"start":{"line":3,"column":0},"end":{"line":3,"column":25}},"3":{"start":{"line":4,"column":0},"end":{"line":4,"column":23}},"4":{"start":{"line":5,"column":0},"end":{"line":5,"column":25}},"5":{"start":{"line":6,"column":0},"end":{"line":6,"column":23}},"6":{"start":{"line":7,"column":0},"end":{"line":7,"column":19}},"8":{"start":{"line":9,"column":0},"end":{"line":9,"column":43}},"9":{"start":{"line":10,"column":0},"end":{"line":10,"column":43}},"10":{"start":{"line":11,"column":0},"end":{"line":11,"column":3}},"12":{"start":{"line":13,"column":0},"end":{"line":13,"column":18}},"18":{"start":{"line":19,"column":0},"end":{"line":19,"column":70}},"19":{"start":{"line":20,"column":0},"end":{"line":20,"column":31}},"20":{"start":{"line":21,"column":0},"end":{"line":21,"column":51}},"21":{"start":{"line":22,"column":0},"end":{"line":22,"column":40}},"22":{"start":{"line":23,"column":0},"end":{"line":23,"column":64}},"23":{"start":{"line":24,"column":0},"end":{"line":24,"column":44}},"25":{"start":{"line":26,"column":0},"end":{"line":26,"column":38}},"27":{"start":{"line":28,"column":0},"end":{"line":28,"column":35}},"28":{"start":{"line":29,"column":0},"end":{"line":29,"column":47}},"29":{"start":{"line":30,"column":0},"end":{"line":30,"column":53}},"30":{"start":{"line":31,"column":0},"end":{"line":31,"column":5}},"31":{"start":{"line":32,"column":0},"end":{"line":32,"column":40}},"32":{"start":{"line":33,"column":0},"end":{"line":33,"column":46}},"33":{"start":{"line":34,"column":0},"end":{"line":34,"column":5}},"35":{"start":{"line":36,"column":0},"end":{"line":36,"column":19}},"36":{"start":{"line":37,"column":0},"end":{"line":37,"column":70}},"37":{"start":{"line":38,"column":0},"end":{"line":38,"column":80}},"39":{"start":{"line":40,"column":0},"end":{"line":40,"column":61}},"40":{"start":{"line":41,"column":0},"end":{"line":41,"column":71}},"42":{"start":{"line":43,"column":0},"end":{"line":43,"column":68}},"43":{"start":{"line":44,"column":0},"end":{"line":44,"column":37}},"44":{"start":{"line":45,"column":0},"end":{"line":45,"column":40}},"46":{"start":{"line":47,"column":0},"end":{"line":47,"column":77}},"47":{"start":{"line":48,"column":0},"end":{"line":48,"column":48}},"48":{"start":{"line":49,"column":0},"end":{"line":49,"column":75}},"49":{"start":{"line":50,"column":0},"end":{"line":50,"column":3}},"51":{"start":{"line":52,"column":0},"end":{"line":52,"column":64}},"52":{"start":{"line":53,"column":0},"end":{"line":53,"column":40}},"53":{"start":{"line":54,"column":0},"end":{"line":54,"column":71}},"54":{"start":{"line":55,"column":0},"end":{"line":55,"column":6}},"55":{"start":{"line":56,"column":0},"end":{"line":56,"column":59}},"57":{"start":{"line":58,"column":0},"end":{"line":58,"column":41}},"58":{"start":{"line":59,"column":0},"end":{"line":59,"column":34}},"60":{"start":{"line":61,"column":0},"end":{"line":61,"column":70}},"61":{"start":{"line":62,"column":0},"end":{"line":62,"column":76}},"62":{"start":{"line":63,"column":0},"end":{"line":63,"column":14}},"63":{"start":{"line":64,"column":0},"end":{"line":64,"column":10}},"64":{"start":{"line":65,"column":0},"end":{"line":65,"column":35}},"65":{"start":{"line":66,"column":0},"end":{"line":66,"column":31}},"66":{"start":{"line":67,"column":0},"end":{"line":67,"column":5}},"68":{"start":{"line":69,"column":0},"end":{"line":69,"column":18}},"69":{"start":{"line":70,"column":0},"end":{"line":70,"column":3}},"71":{"start":{"line":72,"column":0},"end":{"line":72,"column":24}},"72":{"start":{"line":73,"column":0},"end":{"line":73,"column":30}},"73":{"start":{"line":74,"column":0},"end":{"line":74,"column":31}},"74":{"start":{"line":75,"column":0},"end":{"line":75,"column":5}},"75":{"start":{"line":76,"column":0},"end":{"line":76,"column":44}},"76":{"start":{"line":77,"column":0},"end":{"line":77,"column":48}},"77":{"start":{"line":78,"column":0},"end":{"line":78,"column":50}},"78":{"start":{"line":79,"column":0},"end":{"line":79,"column":33}},"80":{"start":{"line":81,"column":0},"end":{"line":81,"column":69}},"81":{"start":{"line":82,"column":0},"end":{"line":82,"column":22}},"82":{"start":{"line":83,"column":0},"end":{"line":83,"column":70}},"83":{"start":{"line":84,"column":0},"end":{"line":84,"column":8}},"84":{"start":{"line":85,"column":0},"end":{"line":85,"column":5}},"86":{"start":{"line":87,"column":0},"end":{"line":87,"column":19}},"87":{"start":{"line":88,"column":0},"end":{"line":88,"column":3}},"89":{"start":{"line":90,"column":0},"end":{"line":90,"column":44}},"90":{"start":{"line":91,"column":0},"end":{"line":91,"column":42}},"91":{"start":{"line":92,"column":0},"end":{"line":92,"column":53}},"92":{"start":{"line":93,"column":0},"end":{"line":93,"column":72}},"93":{"start":{"line":94,"column":0},"end":{"line":94,"column":18}},"94":{"start":{"line":95,"column":0},"end":{"line":95,"column":3}},"96":{"start":{"line":97,"column":0},"end":{"line":97,"column":25}},"97":{"start":{"line":98,"column":0},"end":{"line":98,"column":56}},"98":{"start":{"line":99,"column":0},"end":{"line":99,"column":35}},"99":{"start":{"line":100,"column":0},"end":{"line":100,"column":37}},"100":{"start":{"line":101,"column":0},"end":{"line":101,"column":3}},"102":{"start":{"line":103,"column":0},"end":{"line":103,"column":20}},"103":{"start":{"line":104,"column":0},"end":{"line":104,"column":34}},"104":{"start":{"line":105,"column":0},"end":{"line":105,"column":3}},"105":{"start":{"line":106,"column":0},"end":{"line":106,"column":1}},"107":{"start":{"line":108,"column":0},"end":{"line":108,"column":26}},"108":{"start":{"line":109,"column":0},"end":{"line":109,"column":28}}},"s":{"0":1,"1":1,"2":1,"3":1,"4":1,"5":1,"6":1,"8":1,"9":1,"10":1,"12":1,"18":1,"19":13,"20":13,"21":13,"22":13,"23":13,"25":13,"27":13,"28":13,"29":13,"30":13,"31":13,"32":13,"33":13,"35":13,"36":13,"37":13,"39":13,"40":13,"42":13,"43":13,"44":13,"46":13,"47":13,"48":13,"49":13,"51":1,"52":26,"53":26,"54":26,"55":26,"57":26,"58":26,"60":26,"61":0,"62":0,"63":0,"64":0,"65":0,"66":0,"68":26,"69":26,"71":1,"72":13,"73":13,"74":13,"75":13,"76":13,"77":13,"78":13,"80":13,"81":0,"82":0,"83":0,"84":0,"86":13,"87":13,"89":1,"90":13,"91":13,"92":13,"93":13,"94":13,"96":1,"97":22,"98":22,"99":22,"100":22,"102":1,"103":2,"104":2,"105":1,"107":1,"108":1},"branchMap":{"0":{"type":"branch","line":19,"loc":{"start":{"line":19,"column":2},"end":{"line":50,"column":3}},"locations":[{"start":{"line":19,"column":2},"end":{"line":50,"column":3}}]},"1":{"type":"branch","line":37,"loc":{"start":{"line":37,"column":18},"end":{"line":37,"column":47}},"locations":[{"start":{"line":37,"column":18},"end":{"line":37,"column":47}}]},"2":{"type":"branch","line":37,"loc":{"start":{"line":37,"column":22},"end":{"line":37,"column":70}},"locations":[{"start":{"line":37,"column":22},"end":{"line":37,"column":70}}]},"3":{"type":"branch","line":38,"loc":{"start":{"line":38,"column":32},"end":{"line":38,"column":59}},"locations":[{"start":{"line":38,"column":32},"end":{"line":38,"column":59}}]},"4":{"type":"branch","line":38,"loc":{"start":{"line":38,"column":36},"end":{"line":38,"column":80}},"locations":[{"start":{"line":38,"column":36},"end":{"line":38,"column":80}}]},"5":{"type":"branch","line":41,"loc":{"start":{"line":41,"column":46},"end":{"line":41,"column":63}},"locations":[{"start":{"line":41,"column":46},"end":{"line":41,"column":63}}]},"6":{"type":"branch","line":52,"loc":{"start":{"line":52,"column":10},"end":{"line":70,"column":3}},"locations":[{"start":{"line":52,"column":10},"end":{"line":70,"column":3}}]},"7":{"type":"branch","line":54,"loc":{"start":{"line":54,"column":15},"end":{"line":54,"column":50}},"locations":[{"start":{"line":54,"column":15},"end":{"line":54,"column":50}}]},"8":{"type":"branch","line":54,"loc":{"start":{"line":54,"column":32},"end":{"line":54,"column":71}},"locations":[{"start":{"line":54,"column":32},"end":{"line":54,"column":71}}]},"9":{"type":"branch","line":56,"loc":{"start":{"line":56,"column":17},"end":{"line":56,"column":59}},"locations":[{"start":{"line":56,"column":17},"end":{"line":56,"column":59}}]},"10":{"type":"branch","line":61,"loc":{"start":{"line":61,"column":69},"end":{"line":67,"column":5}},"locations":[{"start":{"line":61,"column":69},"end":{"line":67,"column":5}}]},"11":{"type":"branch","line":72,"loc":{"start":{"line":72,"column":10},"end":{"line":88,"column":3}},"locations":[{"start":{"line":72,"column":10},"end":{"line":88,"column":3}}]},"12":{"type":"branch","line":81,"loc":{"start":{"line":81,"column":68},"end":{"line":85,"column":5}},"locations":[{"start":{"line":81,"column":68},"end":{"line":85,"column":5}}]},"13":{"type":"branch","line":90,"loc":{"start":{"line":90,"column":10},"end":{"line":95,"column":3}},"locations":[{"start":{"line":90,"column":10},"end":{"line":95,"column":3}}]},"14":{"type":"branch","line":97,"loc":{"start":{"line":97,"column":9},"end":{"line":101,"column":3}},"locations":[{"start":{"line":97,"column":9},"end":{"line":101,"column":3}}]},"15":{"type":"branch","line":103,"loc":{"start":{"line":103,"column":9},"end":{"line":105,"column":3}},"locations":[{"start":{"line":103,"column":9},"end":{"line":105,"column":3}}]}},"b":{"0":[13],"1":[9],"2":[4],"3":[9],"4":[4],"5":[10],"6":[26],"7":[13],"8":[13],"9":[0],"10":[0],"11":[13],"12":[0],"13":[13],"14":[22],"15":[2]},"fnMap":{"0":{"name":"GlslCanvas","decl":{"start":{"line":19,"column":2},"end":{"line":50,"column":3}},"loc":{"start":{"line":19,"column":2},"end":{"line":50,"column":3}},"line":19},"1":{"name":"compileShader","decl":{"start":{"line":52,"column":10},"end":{"line":70,"column":3}},"loc":{"start":{"line":52,"column":10},"end":{"line":70,"column":3}},"line":52},"2":{"name":"createProgram","decl":{"start":{"line":72,"column":10},"end":{"line":88,"column":3}},"loc":{"start":{"line":72,"column":10},"end":{"line":88,"column":3}},"line":72},"3":{"name":"createBuffer","decl":{"start":{"line":90,"column":10},"end":{"line":95,"column":3}},"loc":{"start":{"line":90,"column":10},"end":{"line":95,"column":3}},"line":90},"4":{"name":"resizeCanvas","decl":{"start":{"line":97,"column":9},"end":{"line":101,"column":3}},"loc":{"start":{"line":97,"column":9},"end":{"line":101,"column":3}},"line":97},"5":{"name":"destroy","decl":{"start":{"line":103,"column":9},"end":{"line":105,"column":3}},"loc":{"start":{"line":103,"column":9},"end":{"line":105,"column":3}},"line":103}},"f":{"0":13,"1":26,"2":13,"3":13,"4":22,"5":2}}
,"/Users/andystewart/Development/shdr/src/index.ts": {"path":"/Users/andystewart/Development/shdr/src/index.ts","all":false,"statementMap":{"0":{"start":{"line":1,"column":0},"end":{"line":1,"column":52}},"1":{"start":{"line":2,"column":0},"end":{"line":2,"column":61}},"3":{"start":{"line":4,"column":0},"end":{"line":4,"column":59}},"14":{"start":{"line":15,"column":0},"end":{"line":15,"column":46}},"15":{"start":{"line":16,"column":0},"end":{"line":16,"column":28}},"16":{"start":{"line":17,"column":0},"end":{"line":17,"column":45}},"17":{"start":{"line":18,"column":0},"end":{"line":18,"column":55}},"18":{"start":{"line":19,"column":0},"end":{"line":19,"column":38}},"19":{"start":{"line":20,"column":0},"end":{"line":20,"column":42}},"20":{"start":{"line":21,"column":0},"end":{"line":21,"column":47}},"21":{"start":{"line":22,"column":0},"end":{"line":22,"column":37}},"22":{"start":{"line":23,"column":0},"end":{"line":23,"column":38}},"25":{"start":{"line":26,"column":0},"end":{"line":26,"column":15}},"26":{"start":{"line":27,"column":0},"end":{"line":27,"column":14}},"27":{"start":{"line":28,"column":0},"end":{"line":28,"column":9}},"28":{"start":{"line":29,"column":0},"end":{"line":29,"column":18}},"29":{"start":{"line":30,"column":0},"end":{"line":30,"column":24}},"30":{"start":{"line":31,"column":0},"end":{"line":31,"column":26}},"31":{"start":{"line":32,"column":0},"end":{"line":32,"column":18}},"32":{"start":{"line":33,"column":0},"end":{"line":33,"column":28}},"33":{"start":{"line":34,"column":0},"end":{"line":34,"column":38}},"34":{"start":{"line":35,"column":0},"end":{"line":35,"column":39}},"35":{"start":{"line":36,"column":0},"end":{"line":36,"column":14}},"36":{"start":{"line":37,"column":0},"end":{"line":37,"column":19}},"37":{"start":{"line":38,"column":0},"end":{"line":38,"column":15}},"38":{"start":{"line":39,"column":0},"end":{"line":39,"column":20}},"39":{"start":{"line":40,"column":0},"end":{"line":40,"column":17}},"40":{"start":{"line":41,"column":0},"end":{"line":41,"column":6}},"42":{"start":{"line":43,"column":0},"end":{"line":43,"column":24}},"43":{"start":{"line":44,"column":0},"end":{"line":44,"column":29}},"44":{"start":{"line":45,"column":0},"end":{"line":45,"column":3}},"46":{"start":{"line":47,"column":0},"end":{"line":47,"column":45}},"48":{"start":{"line":49,"column":0},"end":{"line":49,"column":40}},"50":{"start":{"line":51,"column":0},"end":{"line":51,"column":44}},"51":{"start":{"line":52,"column":0},"end":{"line":52,"column":31}},"54":{"start":{"line":55,"column":0},"end":{"line":55,"column":78}},"55":{"start":{"line":56,"column":0},"end":{"line":56,"column":16}},"57":{"start":{"line":58,"column":0},"end":{"line":58,"column":60}},"58":{"start":{"line":59,"column":0},"end":{"line":59,"column":61}},"59":{"start":{"line":60,"column":0},"end":{"line":60,"column":80}},"60":{"start":{"line":61,"column":0},"end":{"line":61,"column":5}},"61":{"start":{"line":62,"column":0},"end":{"line":62,"column":80}},"62":{"start":{"line":63,"column":0},"end":{"line":63,"column":17}},"63":{"start":{"line":64,"column":0},"end":{"line":64,"column":77}},"64":{"start":{"line":65,"column":0},"end":{"line":65,"column":5}},"67":{"start":{"line":68,"column":0},"end":{"line":68,"column":40}},"70":{"start":{"line":71,"column":0},"end":{"line":71,"column":74}},"72":{"start":{"line":73,"column":0},"end":{"line":73,"column":15}},"73":{"start":{"line":74,"column":0},"end":{"line":74,"column":64}},"74":{"start":{"line":75,"column":0},"end":{"line":75,"column":5}},"75":{"start":{"line":76,"column":0},"end":{"line":76,"column":3}},"77":{"start":{"line":78,"column":0},"end":{"line":78,"column":26}},"78":{"start":{"line":79,"column":0},"end":{"line":79,"column":25}},"80":{"start":{"line":81,"column":0},"end":{"line":81,"column":60}},"81":{"start":{"line":82,"column":0},"end":{"line":82,"column":62}},"83":{"start":{"line":84,"column":0},"end":{"line":84,"column":19}},"84":{"start":{"line":85,"column":0},"end":{"line":85,"column":19}},"85":{"start":{"line":86,"column":0},"end":{"line":86,"column":86}},"86":{"start":{"line":87,"column":0},"end":{"line":87,"column":8}},"87":{"start":{"line":88,"column":0},"end":{"line":88,"column":13}},"88":{"start":{"line":89,"column":0},"end":{"line":89,"column":5}},"90":{"start":{"line":91,"column":0},"end":{"line":91,"column":66}},"91":{"start":{"line":92,"column":0},"end":{"line":92,"column":79}},"93":{"start":{"line":94,"column":0},"end":{"line":94,"column":44}},"94":{"start":{"line":95,"column":0},"end":{"line":95,"column":3}},"96":{"start":{"line":97,"column":0},"end":{"line":97,"column":31}},"97":{"start":{"line":98,"column":0},"end":{"line":98,"column":39}},"99":{"start":{"line":100,"column":0},"end":{"line":100,"column":33}},"100":{"start":{"line":101,"column":0},"end":{"line":101,"column":18}},"101":{"start":{"line":102,"column":0},"end":{"line":102,"column":18}},"102":{"start":{"line":103,"column":0},"end":{"line":103,"column":57}},"103":{"start":{"line":104,"column":0},"end":{"line":104,"column":53}},"104":{"start":{"line":105,"column":0},"end":{"line":105,"column":83}},"105":{"start":{"line":106,"column":0},"end":{"line":106,"column":8}},"106":{"start":{"line":107,"column":0},"end":{"line":107,"column":16}},"107":{"start":{"line":108,"column":0},"end":{"line":108,"column":6}},"109":{"start":{"line":110,"column":0},"end":{"line":110,"column":33}},"110":{"start":{"line":111,"column":0},"end":{"line":111,"column":18}},"111":{"start":{"line":112,"column":0},"end":{"line":112,"column":18}},"112":{"start":{"line":113,"column":0},"end":{"line":113,"column":54}},"113":{"start":{"line":114,"column":0},"end":{"line":114,"column":57}},"114":{"start":{"line":115,"column":0},"end":{"line":115,"column":47}},"115":{"start":{"line":116,"column":0},"end":{"line":116,"column":77}},"116":{"start":{"line":117,"column":0},"end":{"line":117,"column":8}},"117":{"start":{"line":118,"column":0},"end":{"line":118,"column":16}},"118":{"start":{"line":119,"column":0},"end":{"line":119,"column":6}},"121":{"start":{"line":122,"column":0},"end":{"line":122,"column":52}},"122":{"start":{"line":123,"column":0},"end":{"line":123,"column":26}},"123":{"start":{"line":124,"column":0},"end":{"line":124,"column":7}},"124":{"start":{"line":125,"column":0},"end":{"line":125,"column":48}},"125":{"start":{"line":126,"column":0},"end":{"line":126,"column":3}},"127":{"start":{"line":128,"column":0},"end":{"line":128,"column":28}},"128":{"start":{"line":129,"column":0},"end":{"line":129,"column":29}},"130":{"start":{"line":131,"column":0},"end":{"line":131,"column":39}},"131":{"start":{"line":132,"column":0},"end":{"line":132,"column":70}},"132":{"start":{"line":133,"column":0},"end":{"line":133,"column":33}},"133":{"start":{"line":134,"column":0},"end":{"line":134,"column":12}},"134":{"start":{"line":135,"column":0},"end":{"line":135,"column":47}},"135":{"start":{"line":136,"column":0},"end":{"line":136,"column":5}},"137":{"start":{"line":138,"column":0},"end":{"line":138,"column":34}},"138":{"start":{"line":139,"column":0},"end":{"line":139,"column":41}},"139":{"start":{"line":140,"column":0},"end":{"line":140,"column":5}},"141":{"start":{"line":142,"column":0},"end":{"line":142,"column":47}},"142":{"start":{"line":143,"column":0},"end":{"line":143,"column":56}},"143":{"start":{"line":144,"column":0},"end":{"line":144,"column":29}},"144":{"start":{"line":145,"column":0},"end":{"line":145,"column":9}},"145":{"start":{"line":146,"column":0},"end":{"line":146,"column":5}},"147":{"start":{"line":148,"column":0},"end":{"line":148,"column":15}},"148":{"start":{"line":149,"column":0},"end":{"line":149,"column":70}},"149":{"start":{"line":150,"column":0},"end":{"line":150,"column":12}},"150":{"start":{"line":151,"column":0},"end":{"line":151,"column":43}},"151":{"start":{"line":152,"column":0},"end":{"line":152,"column":5}},"152":{"start":{"line":153,"column":0},"end":{"line":153,"column":3}},"154":{"start":{"line":155,"column":0},"end":{"line":155,"column":18}},"155":{"start":{"line":156,"column":0},"end":{"line":156,"column":62}},"157":{"start":{"line":158,"column":0},"end":{"line":158,"column":44}},"159":{"start":{"line":160,"column":0},"end":{"line":160,"column":37}},"160":{"start":{"line":161,"column":0},"end":{"line":161,"column":22}},"162":{"start":{"line":163,"column":0},"end":{"line":163,"column":47}},"163":{"start":{"line":164,"column":0},"end":{"line":164,"column":56}},"164":{"start":{"line":165,"column":0},"end":{"line":165,"column":30}},"165":{"start":{"line":166,"column":0},"end":{"line":166,"column":9}},"166":{"start":{"line":167,"column":0},"end":{"line":167,"column":5}},"167":{"start":{"line":168,"column":0},"end":{"line":168,"column":3}},"169":{"start":{"line":170,"column":0},"end":{"line":170,"column":59}},"170":{"start":{"line":171,"column":0},"end":{"line":171,"column":43}},"172":{"start":{"line":173,"column":0},"end":{"line":173,"column":26}},"173":{"start":{"line":174,"column":0},"end":{"line":174,"column":37}},"174":{"start":{"line":175,"column":0},"end":{"line":175,"column":13}},"175":{"start":{"line":176,"column":0},"end":{"line":176,"column":5}},"177":{"start":{"line":178,"column":0},"end":{"line":178,"column":54}},"178":{"start":{"line":179,"column":0},"end":{"line":179,"column":3}},"180":{"start":{"line":181,"column":0},"end":{"line":181,"column":20}},"181":{"start":{"line":182,"column":0},"end":{"line":182,"column":20}},"182":{"start":{"line":183,"column":0},"end":{"line":183,"column":26}},"183":{"start":{"line":184,"column":0},"end":{"line":184,"column":28}},"184":{"start":{"line":185,"column":0},"end":{"line":185,"column":51}},"185":{"start":{"line":186,"column":0},"end":{"line":186,"column":38}},"186":{"start":{"line":187,"column":0},"end":{"line":187,"column":3}},"188":{"start":{"line":189,"column":0},"end":{"line":189,"column":16}},"189":{"start":{"line":190,"column":0},"end":{"line":190,"column":31}},"190":{"start":{"line":191,"column":0},"end":{"line":191,"column":3}},"192":{"start":{"line":193,"column":0},"end":{"line":193,"column":18}},"193":{"start":{"line":194,"column":0},"end":{"line":194,"column":66}},"194":{"start":{"line":195,"column":0},"end":{"line":195,"column":53}},"195":{"start":{"line":196,"column":0},"end":{"line":196,"column":80}},"196":{"start":{"line":197,"column":0},"end":{"line":197,"column":21}},"197":{"start":{"line":198,"column":0},"end":{"line":198,"column":20}},"198":{"start":{"line":199,"column":0},"end":{"line":199,"column":20}},"199":{"start":{"line":200,"column":0},"end":{"line":200,"column":20}},"200":{"start":{"line":201,"column":0},"end":{"line":201,"column":70}},"201":{"start":{"line":202,"column":0},"end":{"line":202,"column":46}},"202":{"start":{"line":203,"column":0},"end":{"line":203,"column":21}},"203":{"start":{"line":204,"column":0},"end":{"line":204,"column":64}},"204":{"start":{"line":205,"column":0},"end":{"line":205,"column":41}},"205":{"start":{"line":206,"column":0},"end":{"line":206,"column":21}},"206":{"start":{"line":207,"column":0},"end":{"line":207,"column":22}},"207":{"start":{"line":208,"column":0},"end":{"line":208,"column":65}},"208":{"start":{"line":209,"column":0},"end":{"line":209,"column":41}},"209":{"start":{"line":210,"column":0},"end":{"line":210,"column":16}},"210":{"start":{"line":211,"column":0},"end":{"line":211,"column":67}},"211":{"start":{"line":212,"column":0},"end":{"line":212,"column":31}},"212":{"start":{"line":213,"column":0},"end":{"line":213,"column":7}},"213":{"start":{"line":214,"column":0},"end":{"line":214,"column":7}},"214":{"start":{"line":215,"column":0},"end":{"line":215,"column":50}},"215":{"start":{"line":216,"column":0},"end":{"line":216,"column":3}},"216":{"start":{"line":217,"column":0},"end":{"line":217,"column":1}}},"s":{"0":1,"1":1,"3":1,"14":1,"15":1,"16":1,"17":1,"18":1,"19":1,"20":1,"21":1,"22":1,"25":1,"26":10,"27":10,"28":10,"29":10,"30":10,"31":10,"32":10,"33":10,"34":10,"35":10,"36":10,"37":10,"38":10,"39":10,"40":10,"42":10,"43":10,"44":10,"46":1,"48":178,"50":162,"51":162,"54":162,"55":162,"57":162,"58":162,"59":162,"60":162,"61":162,"62":162,"63":162,"64":162,"67":162,"70":162,"72":178,"73":157,"74":157,"75":178,"77":1,"78":21,"80":21,"81":21,"83":21,"84":0,"85":0,"86":0,"87":0,"88":0,"90":21,"91":21,"93":21,"94":21,"96":1,"97":10,"99":10,"100":10,"101":10,"102":0,"103":0,"104":0,"105":0,"106":10,"107":10,"109":10,"110":10,"111":10,"112":0,"113":0,"114":0,"115":0,"116":0,"117":10,"118":10,"121":10,"122":11,"123":10,"124":10,"125":10,"127":1,"128":3,"130":3,"131":0,"132":0,"133":3,"134":3,"135":3,"137":3,"138":3,"139":3,"141":3,"142":0,"143":0,"144":0,"145":0,"147":3,"148":3,"149":3,"150":0,"151":0,"152":3,"154":1,"155":1,"157":1,"159":1,"160":1,"162":1,"163":0,"164":0,"165":0,"166":0,"167":1,"169":1,"170":1,"172":1,"173":0,"174":0,"175":0,"177":1,"178":1,"180":1,"181":1,"182":1,"183":1,"184":1,"185":1,"186":1,"188":1,"189":6,"190":6,"192":1,"193":10,"194":10,"195":10,"196":31,"197":31,"198":31,"199":31,"200":20,"201":20,"202":31,"203":0,"204":0,"205":31,"206":31,"207":0,"208":0,"209":31,"210":11,"211":11,"212":31,"213":10,"214":10,"215":10,"216":1},"branchMap":{"0":{"type":"branch","line":26,"loc":{"start":{"line":26,"column":2},"end":{"line":45,"column":3}},"locations":[{"start":{"line":26,"column":2},"end":{"line":45,"column":3}}]},"1":{"type":"branch","line":47,"loc":{"start":{"line":47,"column":10},"end":{"line":76,"column":3}},"locations":[{"start":{"line":47,"column":10},"end":{"line":76,"column":3}}]},"2":{"type":"branch","line":49,"loc":{"start":{"line":49,"column":33},"end":{"line":49,"column":40}},"locations":[{"start":{"line":49,"column":33},"end":{"line":49,"column":40}}]},"3":{"type":"branch","line":49,"loc":{"start":{"line":49,"column":33},"end":{"line":73,"column":14}},"locations":[{"start":{"line":49,"column":33},"end":{"line":73,"column":14}}]},"4":{"type":"branch","line":73,"loc":{"start":{"line":73,"column":14},"end":{"line":75,"column":5}},"locations":[{"start":{"line":73,"column":14},"end":{"line":75,"column":5}}]},"5":{"type":"branch","line":74,"loc":{"start":{"line":74,"column":41},"end":{"line":74,"column":62}},"locations":[{"start":{"line":74,"column":41},"end":{"line":74,"column":62}}]},"6":{"type":"branch","line":78,"loc":{"start":{"line":78,"column":10},"end":{"line":95,"column":3}},"locations":[{"start":{"line":78,"column":10},"end":{"line":95,"column":3}}]},"7":{"type":"branch","line":82,"loc":{"start":{"line":82,"column":52},"end":{"line":82,"column":62}},"locations":[{"start":{"line":82,"column":52},"end":{"line":82,"column":62}}]},"8":{"type":"branch","line":84,"loc":{"start":{"line":84,"column":18},"end":{"line":89,"column":5}},"locations":[{"start":{"line":84,"column":18},"end":{"line":89,"column":5}}]},"9":{"type":"branch","line":97,"loc":{"start":{"line":97,"column":10},"end":{"line":126,"column":3}},"locations":[{"start":{"line":97,"column":10},"end":{"line":126,"column":3}}]},"10":{"type":"branch","line":122,"loc":{"start":{"line":122,"column":45},"end":{"line":124,"column":5}},"locations":[{"start":{"line":122,"column":45},"end":{"line":124,"column":5}}]},"11":{"type":"branch","line":128,"loc":{"start":{"line":128,"column":9},"end":{"line":153,"column":3}},"locations":[{"start":{"line":128,"column":9},"end":{"line":153,"column":3}}]},"12":{"type":"branch","line":129,"loc":{"start":{"line":129,"column":22},"end":{"line":129,"column":29}},"locations":[{"start":{"line":129,"column":22},"end":{"line":129,"column":29}}]},"13":{"type":"branch","line":131,"loc":{"start":{"line":131,"column":38},"end":{"line":134,"column":11}},"locations":[{"start":{"line":131,"column":38},"end":{"line":134,"column":11}}]},"14":{"type":"branch","line":142,"loc":{"start":{"line":142,"column":46},"end":{"line":146,"column":5}},"locations":[{"start":{"line":142,"column":46},"end":{"line":146,"column":5}}]},"15":{"type":"branch","line":150,"loc":{"start":{"line":150,"column":4},"end":{"line":152,"column":5}},"locations":[{"start":{"line":150,"column":4},"end":{"line":152,"column":5}}]},"16":{"type":"branch","line":149,"loc":{"start":{"line":149,"column":41},"end":{"line":149,"column":68}},"locations":[{"start":{"line":149,"column":41},"end":{"line":149,"column":68}}]},"17":{"type":"branch","line":155,"loc":{"start":{"line":155,"column":9},"end":{"line":168,"column":3}},"locations":[{"start":{"line":155,"column":9},"end":{"line":168,"column":3}}]},"18":{"type":"branch","line":156,"loc":{"start":{"line":156,"column":55},"end":{"line":156,"column":62}},"locations":[{"start":{"line":156,"column":55},"end":{"line":156,"column":62}}]},"19":{"type":"branch","line":163,"loc":{"start":{"line":163,"column":46},"end":{"line":167,"column":5}},"locations":[{"start":{"line":163,"column":46},"end":{"line":167,"column":5}}]},"20":{"type":"branch","line":170,"loc":{"start":{"line":170,"column":9},"end":{"line":179,"column":3}},"locations":[{"start":{"line":170,"column":9},"end":{"line":179,"column":3}}]},"21":{"type":"branch","line":173,"loc":{"start":{"line":173,"column":25},"end":{"line":176,"column":5}},"locations":[{"start":{"line":173,"column":25},"end":{"line":176,"column":5}}]},"22":{"type":"branch","line":181,"loc":{"start":{"line":181,"column":9},"end":{"line":187,"column":3}},"locations":[{"start":{"line":181,"column":9},"end":{"line":187,"column":3}}]},"23":{"type":"branch","line":189,"loc":{"start":{"line":189,"column":2},"end":{"line":191,"column":3}},"locations":[{"start":{"line":189,"column":2},"end":{"line":191,"column":3}}]},"24":{"type":"branch","line":193,"loc":{"start":{"line":193,"column":2},"end":{"line":216,"column":3}},"locations":[{"start":{"line":193,"column":2},"end":{"line":216,"column":3}}]},"25":{"type":"branch","line":196,"loc":{"start":{"line":196,"column":47},"end":{"line":214,"column":5}},"locations":[{"start":{"line":196,"column":47},"end":{"line":214,"column":5}}]},"26":{"type":"branch","line":198,"loc":{"start":{"line":198,"column":8},"end":{"line":198,"column":20}},"locations":[{"start":{"line":198,"column":8},"end":{"line":198,"column":20}}]},"27":{"type":"branch","line":199,"loc":{"start":{"line":199,"column":8},"end":{"line":199,"column":20}},"locations":[{"start":{"line":199,"column":8},"end":{"line":199,"column":20}}]},"28":{"type":"branch","line":200,"loc":{"start":{"line":200,"column":8},"end":{"line":202,"column":46}},"locations":[{"start":{"line":200,"column":8},"end":{"line":202,"column":46}}]},"29":{"type":"branch","line":203,"loc":{"start":{"line":203,"column":8},"end":{"line":205,"column":41}},"locations":[{"start":{"line":203,"column":8},"end":{"line":205,"column":41}}]},"30":{"type":"branch","line":206,"loc":{"start":{"line":206,"column":8},"end":{"line":206,"column":21}},"locations":[{"start":{"line":206,"column":8},"end":{"line":206,"column":21}}]},"31":{"type":"branch","line":207,"loc":{"start":{"line":207,"column":8},"end":{"line":209,"column":41}},"locations":[{"start":{"line":207,"column":8},"end":{"line":209,"column":41}}]},"32":{"type":"branch","line":210,"loc":{"start":{"line":210,"column":8},"end":{"line":212,"column":31}},"locations":[{"start":{"line":210,"column":8},"end":{"line":212,"column":31}}]},"33":{"type":"branch","line":213,"loc":{"start":{"line":213,"column":6},"end":{"line":213,"column":7}},"locations":[{"start":{"line":213,"column":6},"end":{"line":213,"column":7}}]}},"b":{"0":[10],"1":[178],"2":[16],"3":[162],"4":[157],"5":[155],"6":[21],"7":[0],"8":[0],"9":[10],"10":[11],"11":[3],"12":[0],"13":[0],"14":[0],"15":[0],"16":[2],"17":[1],"18":[0],"19":[0],"20":[1],"21":[0],"22":[1],"23":[6],"24":[10],"25":[31],"26":[20],"27":[20],"28":[20],"29":[0],"30":[0],"31":[0],"32":[11],"33":[0]},"fnMap":{"0":{"name":"Shdr","decl":{"start":{"line":26,"column":2},"end":{"line":45,"column":3}},"loc":{"start":{"line":26,"column":2},"end":{"line":45,"column":3}},"line":26},"1":{"name":"render","decl":{"start":{"line":47,"column":10},"end":{"line":76,"column":3}},"loc":{"start":{"line":47,"column":10},"end":{"line":76,"column":3}},"line":47},"2":{"name":"handleResize","decl":{"start":{"line":78,"column":10},"end":{"line":95,"column":3}},"loc":{"start":{"line":78,"column":10},"end":{"line":95,"column":3}},"line":78},"3":{"name":"addEventListeners","decl":{"start":{"line":97,"column":10},"end":{"line":126,"column":3}},"loc":{"start":{"line":97,"column":10},"end":{"line":126,"column":3}},"line":97},"4":{"name":"canvas.addEventListener.signal.signal","decl":{"start":{"line":102,"column":6},"end":{"line":106,"column":8}},"loc":{"start":{"line":102,"column":6},"end":{"line":106,"column":8}},"line":102},"5":{"name":"canvas.addEventListener.signal.signal","decl":{"start":{"line":112,"column":6},"end":{"line":117,"column":8}},"loc":{"start":{"line":112,"column":6},"end":{"line":117,"column":8}},"line":112},"6":{"name":"play","decl":{"start":{"line":128,"column":9},"end":{"line":153,"column":3}},"loc":{"start":{"line":128,"column":9},"end":{"line":153,"column":3}},"line":128},"7":{"name":"pause","decl":{"start":{"line":155,"column":9},"end":{"line":168,"column":3}},"loc":{"start":{"line":155,"column":9},"end":{"line":168,"column":3}},"line":155},"8":{"name":"updateUniform","decl":{"start":{"line":170,"column":9},"end":{"line":179,"column":3}},"loc":{"start":{"line":170,"column":9},"end":{"line":179,"column":3}},"line":170},"9":{"name":"destroy","decl":{"start":{"line":181,"column":9},"end":{"line":187,"column":3}},"loc":{"start":{"line":181,"column":9},"end":{"line":187,"column":3}},"line":181},"10":{"name":"get paused","decl":{"start":{"line":189,"column":2},"end":{"line":191,"column":3}},"loc":{"start":{"line":189,"column":2},"end":{"line":191,"column":3}},"line":189},"11":{"name":"get uniforms","decl":{"start":{"line":193,"column":2},"end":{"line":216,"column":3}},"loc":{"start":{"line":193,"column":2},"end":{"line":216,"column":3}},"line":193}},"f":{"0":10,"1":178,"2":21,"3":10,"4":0,"5":0,"6":3,"7":1,"8":1,"9":1,"10":6,"11":10}}
,"/Users/andystewart/Development/shdr/src/shaders.ts": {"path":"/Users/andystewart/Development/shdr/src/shaders.ts","all":false,"statementMap":{"0":{"start":{"line":1,"column":0},"end":{"line":1,"column":30}},"7":{"start":{"line":8,"column":0},"end":{"line":8,"column":45}},"14":{"start":{"line":15,"column":0},"end":{"line":15,"column":32}},"36":{"start":{"line":37,"column":0},"end":{"line":37,"column":47}},"58":{"start":{"line":59,"column":0},"end":{"line":59,"column":8}},"59":{"start":{"line":60,"column":0},"end":{"line":60,"column":23}},"60":{"start":{"line":61,"column":0},"end":{"line":61,"column":25}},"61":{"start":{"line":62,"column":0},"end":{"line":62,"column":23}},"62":{"start":{"line":63,"column":0},"end":{"line":63,"column":25}}},"s":{"0":1,"7":1,"14":1,"36":1,"58":1,"59":1,"60":1,"61":1,"62":1},"branchMap":{},"b":{},"fnMap":{},"f":{}}
,"/Users/andystewart/Development/shdr/src/types.ts": {"path":"/Users/andystewart/Development/shdr/src/types.ts","all":true,"statementMap":{},"s":{},"branchMap":{"0":{"type":"branch","line":1,"loc":{"start":{"line":1,"column":427},"end":{"line":22,"column":72}},"locations":[{"start":{"line":1,"column":427},"end":{"line":22,"column":72}}]}},"b":{"0":[1]},"fnMap":{"0":{"name":"(empty-report)","decl":{"start":{"line":1,"column":427},"end":{"line":22,"column":72}},"loc":{"start":{"line":1,"column":427},"end":{"line":22,"column":72}},"line":1}},"f":{"0":1}}
,"/Users/andystewart/Development/shdr/src/utils.ts": {"path":"/Users/andystewart/Development/shdr/src/utils.ts","all":false,"statementMap":{"1":{"start":{"line":2,"column":0},"end":{"line":2,"column":56}},"3":{"start":{"line":4,"column":0},"end":{"line":4,"column":48}},"4":{"start":{"line":5,"column":0},"end":{"line":5,"column":41}},"6":{"start":{"line":7,"column":0},"end":{"line":7,"column":50}},"8":{"start":{"line":9,"column":0},"end":{"line":9,"column":12}},"9":{"start":{"line":10,"column":0},"end":{"line":10,"column":1}},"11":{"start":{"line":12,"column":0},"end":{"line":12,"column":23}},"12":{"start":{"line":13,"column":0},"end":{"line":13,"column":29}},"13":{"start":{"line":14,"column":0},"end":{"line":14,"column":47}},"14":{"start":{"line":15,"column":0},"end":{"line":15,"column":3}},"15":{"start":{"line":16,"column":0},"end":{"line":16,"column":49}},"16":{"start":{"line":17,"column":0},"end":{"line":17,"column":47}},"18":{"start":{"line":19,"column":0},"end":{"line":19,"column":17}},"19":{"start":{"line":20,"column":0},"end":{"line":20,"column":76}},"20":{"start":{"line":21,"column":0},"end":{"line":21,"column":10}},"21":{"start":{"line":22,"column":0},"end":{"line":22,"column":72}},"22":{"start":{"line":23,"column":0},"end":{"line":23,"column":3}},"23":{"start":{"line":24,"column":0},"end":{"line":24,"column":1}},"25":{"start":{"line":26,"column":0},"end":{"line":26,"column":26}},"26":{"start":{"line":27,"column":0},"end":{"line":27,"column":29}},"27":{"start":{"line":28,"column":0},"end":{"line":28,"column":46}},"28":{"start":{"line":29,"column":0},"end":{"line":29,"column":3}},"29":{"start":{"line":30,"column":0},"end":{"line":30,"column":64}},"31":{"start":{"line":32,"column":0},"end":{"line":32,"column":37}},"32":{"start":{"line":33,"column":0},"end":{"line":33,"column":10}},"34":{"start":{"line":35,"column":0},"end":{"line":35,"column":73}},"35":{"start":{"line":36,"column":0},"end":{"line":36,"column":73}},"36":{"start":{"line":37,"column":0},"end":{"line":37,"column":70}},"37":{"start":{"line":38,"column":0},"end":{"line":38,"column":3}},"38":{"start":{"line":39,"column":0},"end":{"line":39,"column":1}},"41":{"start":{"line":42,"column":0},"end":{"line":42,"column":45}},"42":{"start":{"line":43,"column":0},"end":{"line":43,"column":50}},"43":{"start":{"line":44,"column":0},"end":{"line":44,"column":1}},"58":{"start":{"line":59,"column":0},"end":{"line":59,"column":60}},"59":{"start":{"line":60,"column":0},"end":{"line":60,"column":36}},"60":{"start":{"line":61,"column":0},"end":{"line":61,"column":31}},"61":{"start":{"line":62,"column":0},"end":{"line":62,"column":60}},"62":{"start":{"line":63,"column":0},"end":{"line":63,"column":38}},"63":{"start":{"line":64,"column":0},"end":{"line":64,"column":60}},"64":{"start":{"line":65,"column":0},"end":{"line":65,"column":38}},"65":{"start":{"line":66,"column":0},"end":{"line":66,"column":61}},"66":{"start":{"line":67,"column":0},"end":{"line":67,"column":66}},"67":{"start":{"line":68,"column":0},"end":{"line":68,"column":72}},"68":{"start":{"line":69,"column":0},"end":{"line":69,"column":67}},"69":{"start":{"line":70,"column":0},"end":{"line":70,"column":68}},"70":{"start":{"line":71,"column":0},"end":{"line":71,"column":12}},"71":{"start":{"line":72,"column":0},"end":{"line":72,"column":75}},"72":{"start":{"line":73,"column":0},"end":{"line":73,"column":5}},"73":{"start":{"line":74,"column":0},"end":{"line":74,"column":38}},"74":{"start":{"line":75,"column":0},"end":{"line":75,"column":53}},"75":{"start":{"line":76,"column":0},"end":{"line":76,"column":70}},"76":{"start":{"line":77,"column":0},"end":{"line":77,"column":51}},"77":{"start":{"line":78,"column":0},"end":{"line":78,"column":12}},"78":{"start":{"line":79,"column":0},"end":{"line":79,"column":14}},"79":{"start":{"line":80,"column":0},"end":{"line":80,"column":21}},"80":{"start":{"line":81,"column":0},"end":{"line":81,"column":60}},"81":{"start":{"line":82,"column":0},"end":{"line":82,"column":8}},"82":{"start":{"line":83,"column":0},"end":{"line":83,"column":5}},"83":{"start":{"line":84,"column":0},"end":{"line":84,"column":43}},"84":{"start":{"line":85,"column":0},"end":{"line":85,"column":58}},"85":{"start":{"line":86,"column":0},"end":{"line":86,"column":44}},"86":{"start":{"line":87,"column":0},"end":{"line":87,"column":57}},"87":{"start":{"line":88,"column":0},"end":{"line":88,"column":10}},"88":{"start":{"line":89,"column":0},"end":{"line":89,"column":73}},"89":{"start":{"line":90,"column":0},"end":{"line":90,"column":3}},"90":{"start":{"line":91,"column":0},"end":{"line":91,"column":1}},"92":{"start":{"line":93,"column":0},"end":{"line":93,"column":56}},"93":{"start":{"line":94,"column":0},"end":{"line":94,"column":71}},"94":{"start":{"line":95,"column":0},"end":{"line":95,"column":1}},"98":{"start":{"line":99,"column":0},"end":{"line":99,"column":77}},"99":{"start":{"line":100,"column":0},"end":{"line":100,"column":29}},"100":{"start":{"line":101,"column":0},"end":{"line":101,"column":31}},"101":{"start":{"line":102,"column":0},"end":{"line":102,"column":10}},"102":{"start":{"line":103,"column":0},"end":{"line":103,"column":64}},"103":{"start":{"line":104,"column":0},"end":{"line":104,"column":32}},"104":{"start":{"line":105,"column":0},"end":{"line":105,"column":3}},"105":{"start":{"line":106,"column":0},"end":{"line":106,"column":1}},"107":{"start":{"line":108,"column":0},"end":{"line":108,"column":8}},"108":{"start":{"line":109,"column":0},"end":{"line":109,"column":13}},"109":{"start":{"line":110,"column":0},"end":{"line":110,"column":16}},"110":{"start":{"line":111,"column":0},"end":{"line":111,"column":19}},"111":{"start":{"line":112,"column":0},"end":{"line":112,"column":17}},"112":{"start":{"line":113,"column":0},"end":{"line":113,"column":16}},"113":{"start":{"line":114,"column":0},"end":{"line":114,"column":20}}},"s":{"1":1,"3":26,"4":26,"6":26,"8":25,"9":25,"11":5,"12":5,"13":5,"14":5,"15":5,"16":5,"18":5,"19":3,"20":4,"21":2,"22":2,"23":5,"25":3,"26":3,"27":3,"28":3,"29":3,"31":1,"32":2,"34":2,"35":2,"36":2,"37":2,"38":3,"41":4,"42":4,"43":4,"58":19,"59":19,"60":10,"61":2,"62":8,"63":2,"64":8,"65":1,"66":6,"67":2,"68":5,"69":1,"70":3,"71":2,"72":2,"73":19,"74":4,"75":3,"76":3,"77":3,"78":1,"79":1,"80":1,"81":1,"82":1,"83":7,"84":4,"85":4,"86":1,"87":1,"88":0,"89":0,"90":19,"92":1,"93":1,"94":1,"98":417,"99":417,"100":405,"101":417,"102":12,"103":12,"104":12,"105":417,"107":1,"108":1,"109":1,"110":1,"111":1,"112":1,"113":1},"branchMap":{"0":{"type":"branch","line":4,"loc":{"start":{"line":4,"column":0},"end":{"line":10,"column":1}},"locations":[{"start":{"line":4,"column":0},"end":{"line":10,"column":1}}]},"1":{"type":"branch","line":7,"loc":{"start":{"line":7,"column":11},"end":{"line":7,"column":50}},"locations":[{"start":{"line":7,"column":11},"end":{"line":7,"column":50}}]},"2":{"type":"branch","line":7,"loc":{"start":{"line":7,"column":48},"end":{"line":10,"column":1}},"locations":[{"start":{"line":7,"column":48},"end":{"line":10,"column":1}}]},"3":{"type":"branch","line":12,"loc":{"start":{"line":12,"column":0},"end":{"line":24,"column":1}},"locations":[{"start":{"line":12,"column":0},"end":{"line":24,"column":1}}]},"4":{"type":"branch","line":19,"loc":{"start":{"line":19,"column":16},"end":{"line":23,"column":3}},"locations":[{"start":{"line":19,"column":16},"end":{"line":23,"column":3}}]},"5":{"type":"branch","line":19,"loc":{"start":{"line":19,"column":16},"end":{"line":21,"column":9}},"locations":[{"start":{"line":19,"column":16},"end":{"line":21,"column":9}}]},"6":{"type":"branch","line":21,"loc":{"start":{"line":21,"column":2},"end":{"line":23,"column":3}},"locations":[{"start":{"line":21,"column":2},"end":{"line":23,"column":3}}]},"7":{"type":"branch","line":26,"loc":{"start":{"line":26,"column":0},"end":{"line":39,"column":1}},"locations":[{"start":{"line":26,"column":0},"end":{"line":39,"column":1}}]},"8":{"type":"branch","line":30,"loc":{"start":{"line":30,"column":30},"end":{"line":30,"column":63}},"locations":[{"start":{"line":30,"column":30},"end":{"line":30,"column":63}}]},"9":{"type":"branch","line":30,"loc":{"start":{"line":30,"column":63},"end":{"line":38,"column":3}},"locations":[{"start":{"line":30,"column":63},"end":{"line":38,"column":3}}]},"10":{"type":"branch","line":30,"loc":{"start":{"line":30,"column":63},"end":{"line":33,"column":9}},"locations":[{"start":{"line":30,"column":63},"end":{"line":33,"column":9}}]},"11":{"type":"branch","line":42,"loc":{"start":{"line":42,"column":0},"end":{"line":44,"column":1}},"locations":[{"start":{"line":42,"column":0},"end":{"line":44,"column":1}}]},"12":{"type":"branch","line":59,"loc":{"start":{"line":59,"column":0},"end":{"line":91,"column":1}},"locations":[{"start":{"line":59,"column":0},"end":{"line":91,"column":1}}]},"13":{"type":"branch","line":60,"loc":{"start":{"line":60,"column":35},"end":{"line":74,"column":13}},"locations":[{"start":{"line":60,"column":35},"end":{"line":74,"column":13}}]},"14":{"type":"branch","line":61,"loc":{"start":{"line":61,"column":30},"end":{"line":73,"column":5}},"locations":[{"start":{"line":61,"column":30},"end":{"line":73,"column":5}}]},"15":{"type":"branch","line":61,"loc":{"start":{"line":61,"column":30},"end":{"line":63,"column":15}},"locations":[{"start":{"line":61,"column":30},"end":{"line":63,"column":15}}]},"16":{"type":"branch","line":63,"loc":{"start":{"line":63,"column":37},"end":{"line":65,"column":15}},"locations":[{"start":{"line":63,"column":37},"end":{"line":65,"column":15}}]},"17":{"type":"branch","line":65,"loc":{"start":{"line":65,"column":4},"end":{"line":73,"column":5}},"locations":[{"start":{"line":65,"column":4},"end":{"line":73,"column":5}}]},"18":{"type":"branch","line":65,"loc":{"start":{"line":65,"column":37},"end":{"line":67,"column":15}},"locations":[{"start":{"line":65,"column":37},"end":{"line":67,"column":15}}]},"19":{"type":"branch","line":67,"loc":{"start":{"line":67,"column":4},"end":{"line":73,"column":5}},"locations":[{"start":{"line":67,"column":4},"end":{"line":73,"column":5}}]},"20":{"type":"branch","line":67,"loc":{"start":{"line":67,"column":37},"end":{"line":67,"column":65}},"locations":[{"start":{"line":67,"column":37},"end":{"line":67,"column":65}}]},"21":{"type":"branch","line":67,"loc":{"start":{"line":67,"column":65},"end":{"line":69,"column":15}},"locations":[{"start":{"line":67,"column":65},"end":{"line":69,"column":15}}]},"22":{"type":"branch","line":69,"loc":{"start":{"line":69,"column":4},"end":{"line":73,"column":5}},"locations":[{"start":{"line":69,"column":4},"end":{"line":73,"column":5}}]},"23":{"type":"branch","line":69,"loc":{"start":{"line":69,"column":37},"end":{"line":69,"column":66}},"locations":[{"start":{"line":69,"column":37},"end":{"line":69,"column":66}}]},"24":{"type":"branch","line":69,"loc":{"start":{"line":69,"column":66},"end":{"line":71,"column":11}},"locations":[{"start":{"line":69,"column":66},"end":{"line":71,"column":11}}]},"25":{"type":"branch","line":71,"loc":{"start":{"line":71,"column":4},"end":{"line":73,"column":5}},"locations":[{"start":{"line":71,"column":4},"end":{"line":73,"column":5}}]},"26":{"type":"branch","line":74,"loc":{"start":{"line":74,"column":2},"end":{"line":90,"column":3}},"locations":[{"start":{"line":74,"column":2},"end":{"line":90,"column":3}}]},"27":{"type":"branch","line":74,"loc":{"start":{"line":74,"column":37},"end":{"line":90,"column":3}},"locations":[{"start":{"line":74,"column":37},"end":{"line":90,"column":3}}]},"28":{"type":"branch","line":74,"loc":{"start":{"line":74,"column":37},"end":{"line":84,"column":13}},"locations":[{"start":{"line":74,"column":37},"end":{"line":84,"column":13}}]},"29":{"type":"branch","line":75,"loc":{"start":{"line":75,"column":26},"end":{"line":75,"column":52}},"locations":[{"start":{"line":75,"column":26},"end":{"line":75,"column":52}}]},"30":{"type":"branch","line":75,"loc":{"start":{"line":75,"column":52},"end":{"line":83,"column":5}},"locations":[{"start":{"line":75,"column":52},"end":{"line":83,"column":5}}]},"31":{"type":"branch","line":78,"loc":{"start":{"line":78,"column":4},"end":{"line":83,"column":5}},"locations":[{"start":{"line":78,"column":4},"end":{"line":83,"column":5}}]},"32":{"type":"branch","line":84,"loc":{"start":{"line":84,"column":2},"end":{"line":90,"column":3}},"locations":[{"start":{"line":84,"column":2},"end":{"line":90,"column":3}}]},"33":{"type":"branch","line":84,"loc":{"start":{"line":84,"column":42},"end":{"line":90,"column":3}},"locations":[{"start":{"line":84,"column":42},"end":{"line":90,"column":3}}]},"34":{"type":"branch","line":86,"loc":{"start":{"line":86,"column":2},"end":{"line":90,"column":3}},"locations":[{"start":{"line":86,"column":2},"end":{"line":90,"column":3}}]},"35":{"type":"branch","line":88,"loc":{"start":{"line":88,"column":2},"end":{"line":90,"column":3}},"locations":[{"start":{"line":88,"column":2},"end":{"line":90,"column":3}}]},"36":{"type":"branch","line":93,"loc":{"start":{"line":93,"column":0},"end":{"line":95,"column":1}},"locations":[{"start":{"line":93,"column":0},"end":{"line":95,"column":1}}]},"37":{"type":"branch","line":99,"loc":{"start":{"line":99,"column":0},"end":{"line":106,"column":1}},"locations":[{"start":{"line":99,"column":0},"end":{"line":106,"column":1}}]},"38":{"type":"branch","line":100,"loc":{"start":{"line":100,"column":28},"end":{"line":102,"column":9}},"locations":[{"start":{"line":100,"column":28},"end":{"line":102,"column":9}}]},"39":{"type":"branch","line":102,"loc":{"start":{"line":102,"column":2},"end":{"line":105,"column":3}},"locations":[{"start":{"line":102,"column":2},"end":{"line":105,"column":3}}]}},"b":{"0":[26],"1":[1],"2":[25],"3":[5],"4":[4],"5":[3],"6":[2],"7":[3],"8":[1],"9":[2],"10":[1],"11":[4],"12":[19],"13":[10],"14":[8],"15":[2],"16":[2],"17":[6],"18":[1],"19":[5],"20":[3],"21":[2],"22":[3],"23":[1],"24":[1],"25":[2],"26":[9],"27":[7],"28":[4],"29":[3],"30":[3],"31":[1],"32":[5],"33":[4],"34":[1],"35":[0],"36":[1],"37":[417],"38":[405],"39":[12]},"fnMap":{"0":{"name":"getContext","decl":{"start":{"line":4,"column":0},"end":{"line":10,"column":1}},"loc":{"start":{"line":4,"column":0},"end":{"line":10,"column":1}},"line":4},"1":{"name":"updateTexture","decl":{"start":{"line":12,"column":0},"end":{"line":24,"column":1}},"loc":{"start":{"line":12,"column":0},"end":{"line":24,"column":1}},"line":12},"2":{"name":"setTextureParams","decl":{"start":{"line":26,"column":0},"end":{"line":39,"column":1}},"loc":{"start":{"line":26,"column":0},"end":{"line":39,"column":1}},"line":26},"3":{"name":"isPowerOf2","decl":{"start":{"line":42,"column":0},"end":{"line":44,"column":1}},"loc":{"start":{"line":42,"column":0},"end":{"line":44,"column":1}},"line":42},"4":{"name":"getUniformType","decl":{"start":{"line":59,"column":0},"end":{"line":91,"column":1}},"loc":{"start":{"line":59,"column":0},"end":{"line":91,"column":1}},"line":59},"5":{"name":"setUniformWarning","decl":{"start":{"line":93,"column":0},"end":{"line":95,"column":1}},"loc":{"start":{"line":93,"column":0},"end":{"line":95,"column":1}},"line":93},"6":{"name":"formatUniform","decl":{"start":{"line":99,"column":0},"end":{"line":106,"column":1}},"loc":{"start":{"line":99,"column":0},"end":{"line":106,"column":1}},"line":99}},"f":{"0":26,"1":5,"2":3,"3":4,"4":19,"5":1,"6":417}}
,"/Users/andystewart/Development/shdr/src/validators.ts": {"path":"/Users/andystewart/Development/shdr/src/validators.ts","all":false,"statementMap":{"2":{"start":{"line":3,"column":0},"end":{"line":3,"column":35}},"3":{"start":{"line":4,"column":0},"end":{"line":4,"column":35}},"4":{"start":{"line":5,"column":0},"end":{"line":5,"column":1}},"6":{"start":{"line":7,"column":0},"end":{"line":7,"column":35}},"7":{"start":{"line":8,"column":0},"end":{"line":8,"column":35}},"8":{"start":{"line":9,"column":0},"end":{"line":9,"column":1}},"10":{"start":{"line":11,"column":0},"end":{"line":11,"column":33}},"11":{"start":{"line":12,"column":0},"end":{"line":12,"column":36}},"12":{"start":{"line":13,"column":0},"end":{"line":13,"column":1}},"14":{"start":{"line":15,"column":0},"end":{"line":15,"column":48}},"15":{"start":{"line":16,"column":0},"end":{"line":16,"column":77}},"16":{"start":{"line":17,"column":0},"end":{"line":17,"column":1}},"18":{"start":{"line":19,"column":0},"end":{"line":19,"column":48}},"19":{"start":{"line":20,"column":0},"end":{"line":20,"column":77}},"20":{"start":{"line":21,"column":0},"end":{"line":21,"column":1}},"22":{"start":{"line":23,"column":0},"end":{"line":23,"column":48}},"23":{"start":{"line":24,"column":0},"end":{"line":24,"column":77}},"24":{"start":{"line":25,"column":0},"end":{"line":25,"column":1}},"26":{"start":{"line":27,"column":0},"end":{"line":27,"column":50}},"27":{"start":{"line":28,"column":0},"end":{"line":28,"column":49}},"28":{"start":{"line":29,"column":0},"end":{"line":29,"column":70}},"29":{"start":{"line":30,"column":0},"end":{"line":30,"column":51}},"31":{"start":{"line":32,"column":0},"end":{"line":32,"column":72}},"32":{"start":{"line":33,"column":0},"end":{"line":33,"column":1}},"34":{"start":{"line":35,"column":0},"end":{"line":35,"column":50}},"35":{"start":{"line":36,"column":0},"end":{"line":36,"column":49}},"36":{"start":{"line":37,"column":0},"end":{"line":37,"column":52}},"37":{"start":{"line":38,"column":0},"end":{"line":38,"column":51}},"39":{"start":{"line":40,"column":0},"end":{"line":40,"column":72}},"40":{"start":{"line":41,"column":0},"end":{"line":41,"column":1}},"42":{"start":{"line":43,"column":0},"end":{"line":43,"column":8}},"43":{"start":{"line":44,"column":0},"end":{"line":44,"column":11}},"44":{"start":{"line":45,"column":0},"end":{"line":45,"column":11}},"45":{"start":{"line":46,"column":0},"end":{"line":46,"column":9}},"46":{"start":{"line":47,"column":0},"end":{"line":47,"column":9}},"47":{"start":{"line":48,"column":0},"end":{"line":48,"column":9}},"48":{"start":{"line":49,"column":0},"end":{"line":49,"column":9}},"49":{"start":{"line":50,"column":0},"end":{"line":50,"column":14}},"50":{"start":{"line":51,"column":0},"end":{"line":51,"column":14}}},"s":{"2":105,"3":105,"4":105,"6":16,"7":16,"8":16,"10":11,"11":11,"12":11,"14":23,"15":23,"16":23,"18":19,"19":19,"20":19,"22":20,"23":20,"24":20,"26":50,"27":50,"28":45,"29":45,"31":45,"32":45,"34":45,"35":45,"36":40,"37":40,"39":40,"40":40,"42":1,"43":1,"44":1,"45":1,"46":1,"47":1,"48":1,"49":1,"50":1},"branchMap":{"0":{"type":"branch","line":3,"loc":{"start":{"line":3,"column":0},"end":{"line":5,"column":1}},"locations":[{"start":{"line":3,"column":0},"end":{"line":5,"column":1}}]},"1":{"type":"branch","line":7,"loc":{"start":{"line":7,"column":0},"end":{"line":9,"column":1}},"locations":[{"start":{"line":7,"column":0},"end":{"line":9,"column":1}}]},"2":{"type":"branch","line":11,"loc":{"start":{"line":11,"column":0},"end":{"line":13,"column":1}},"locations":[{"start":{"line":11,"column":0},"end":{"line":13,"column":1}}]},"3":{"type":"branch","line":15,"loc":{"start":{"line":15,"column":0},"end":{"line":17,"column":1}},"locations":[{"start":{"line":15,"column":0},"end":{"line":17,"column":1}}]},"4":{"type":"branch","line":16,"loc":{"start":{"line":16,"column":28},"end":{"line":16,"column":55}},"locations":[{"start":{"line":16,"column":28},"end":{"line":16,"column":55}}]},"5":{"type":"branch","line":16,"loc":{"start":{"line":16,"column":50},"end":{"line":16,"column":77}},"locations":[{"start":{"line":16,"column":50},"end":{"line":16,"column":77}}]},"6":{"type":"branch","line":19,"loc":{"start":{"line":19,"column":0},"end":{"line":21,"column":1}},"locations":[{"start":{"line":19,"column":0},"end":{"line":21,"column":1}}]},"7":{"type":"branch","line":20,"loc":{"start":{"line":20,"column":28},"end":{"line":20,"column":55}},"locations":[{"start":{"line":20,"column":28},"end":{"line":20,"column":55}}]},"8":{"type":"branch","line":20,"loc":{"start":{"line":20,"column":50},"end":{"line":20,"column":77}},"locations":[{"start":{"line":20,"column":50},"end":{"line":20,"column":77}}]},"9":{"type":"branch","line":23,"loc":{"start":{"line":23,"column":0},"end":{"line":25,"column":1}},"locations":[{"start":{"line":23,"column":0},"end":{"line":25,"column":1}}]},"10":{"type":"branch","line":24,"loc":{"start":{"line":24,"column":28},"end":{"line":24,"column":55}},"locations":[{"start":{"line":24,"column":28},"end":{"line":24,"column":55}}]},"11":{"type":"branch","line":24,"loc":{"start":{"line":24,"column":50},"end":{"line":24,"column":77}},"locations":[{"start":{"line":24,"column":50},"end":{"line":24,"column":77}}]},"12":{"type":"branch","line":27,"loc":{"start":{"line":27,"column":0},"end":{"line":33,"column":1}},"locations":[{"start":{"line":27,"column":0},"end":{"line":33,"column":1}}]},"13":{"type":"branch","line":28,"loc":{"start":{"line":28,"column":36},"end":{"line":28,"column":49}},"locations":[{"start":{"line":28,"column":36},"end":{"line":28,"column":49}}]},"14":{"type":"branch","line":28,"loc":{"start":{"line":28,"column":43},"end":{"line":33,"column":1}},"locations":[{"start":{"line":28,"column":43},"end":{"line":33,"column":1}}]},"15":{"type":"branch","line":32,"loc":{"start":{"line":32,"column":30},"end":{"line":32,"column":70}},"locations":[{"start":{"line":32,"column":30},"end":{"line":32,"column":70}}]},"16":{"type":"branch","line":35,"loc":{"start":{"line":35,"column":0},"end":{"line":41,"column":1}},"locations":[{"start":{"line":35,"column":0},"end":{"line":41,"column":1}}]},"17":{"type":"branch","line":36,"loc":{"start":{"line":36,"column":36},"end":{"line":36,"column":49}},"locations":[{"start":{"line":36,"column":36},"end":{"line":36,"column":49}}]},"18":{"type":"branch","line":36,"loc":{"start":{"line":36,"column":43},"end":{"line":41,"column":1}},"locations":[{"start":{"line":36,"column":43},"end":{"line":41,"column":1}}]},"19":{"type":"branch","line":40,"loc":{"start":{"line":40,"column":30},"end":{"line":40,"column":70}},"locations":[{"start":{"line":40,"column":30},"end":{"line":40,"column":70}}]}},"b":{"0":[105],"1":[16],"2":[11],"3":[23],"4":[18],"5":[14],"6":[19],"7":[15],"8":[11],"9":[20],"10":[16],"11":[11],"12":[50],"13":[5],"14":[45],"15":[175],"16":[45],"17":[5],"18":[40],"19":[96]},"fnMap":{"0":{"name":"isNumber","decl":{"start":{"line":3,"column":0},"end":{"line":5,"column":1}},"loc":{"start":{"line":3,"column":0},"end":{"line":5,"column":1}},"line":3},"1":{"name":"isString","decl":{"start":{"line":7,"column":0},"end":{"line":9,"column":1}},"loc":{"start":{"line":7,"column":0},"end":{"line":9,"column":1}},"line":7},"2":{"name":"isBool","decl":{"start":{"line":11,"column":0},"end":{"line":13,"column":1}},"loc":{"start":{"line":11,"column":0},"end":{"line":13,"column":1}},"line":11},"3":{"name":"isVec2","decl":{"start":{"line":15,"column":0},"end":{"line":17,"column":1}},"loc":{"start":{"line":15,"column":0},"end":{"line":17,"column":1}},"line":15},"4":{"name":"isVec3","decl":{"start":{"line":19,"column":0},"end":{"line":21,"column":1}},"loc":{"start":{"line":19,"column":0},"end":{"line":21,"column":1}},"line":19},"5":{"name":"isVec4","decl":{"start":{"line":23,"column":0},"end":{"line":25,"column":1}},"loc":{"start":{"line":23,"column":0},"end":{"line":25,"column":1}},"line":23},"6":{"name":"isImageFile","decl":{"start":{"line":27,"column":0},"end":{"line":33,"column":1}},"loc":{"start":{"line":27,"column":0},"end":{"line":33,"column":1}},"line":27},"7":{"name":"isVideoFile","decl":{"start":{"line":35,"column":0},"end":{"line":41,"column":1}},"loc":{"start":{"line":35,"column":0},"end":{"line":41,"column":1}},"line":35}},"f":{"0":105,"1":16,"2":11,"3":23,"4":19,"5":20,"6":50,"7":45}}
,"/Users/andystewart/Development/shdr/src/tests/_test-assets.ts": {"path":"/Users/andystewart/Development/shdr/src/tests/_test-assets.ts","all":false,"statementMap":{"0":{"start":{"line":1,"column":0},"end":{"line":1,"column":45}},"22":{"start":{"line":23,"column":0},"end":{"line":23,"column":42}},"50":{"start":{"line":51,"column":0},"end":{"line":51,"column":45}},"72":{"start":{"line":73,"column":0},"end":{"line":73,"column":22}},"73":{"start":{"line":74,"column":0},"end":{"line":74,"column":27}},"74":{"start":{"line":75,"column":0},"end":{"line":75,"column":22}},"75":{"start":{"line":76,"column":0},"end":{"line":76,"column":14}},"76":{"start":{"line":77,"column":0},"end":{"line":77,"column":9}},"77":{"start":{"line":78,"column":0},"end":{"line":78,"column":4}},"78":{"start":{"line":79,"column":0},"end":{"line":79,"column":1}},"80":{"start":{"line":81,"column":0},"end":{"line":81,"column":79}}},"s":{"0":1,"22":1,"50":1,"72":6,"73":6,"74":6,"75":6,"76":6,"77":6,"78":6,"80":1},"branchMap":{"0":{"type":"branch","line":73,"loc":{"start":{"line":73,"column":0},"end":{"line":79,"column":1}},"locations":[{"start":{"line":73,"column":0},"end":{"line":79,"column":1}}]},"1":{"type":"branch","line":74,"loc":{"start":{"line":74,"column":21},"end":{"line":77,"column":9}},"locations":[{"start":{"line":74,"column":21},"end":{"line":77,"column":9}}]},"2":{"type":"branch","line":75,"loc":{"start":{"line":75,"column":15},"end":{"line":77,"column":7}},"locations":[{"start":{"line":75,"column":15},"end":{"line":77,"column":7}}]}},"b":{"0":[6],"1":[6],"2":[6]},"fnMap":{"0":{"name":"tick","decl":{"start":{"line":73,"column":0},"end":{"line":79,"column":1}},"loc":{"start":{"line":73,"column":0},"end":{"line":79,"column":1}},"line":73}},"f":{"0":6}}
}
