{"/Users/andystewart/Development/shdr/src/glsl-asset-manager.ts": {"path":"/Users/andystewart/Development/shdr/src/glsl-asset-manager.ts","all":false,"statementMap":{"0":{"start":{"line":1,"column":0},"end":{"line":1,"column":8}},"1":{"start":{"line":2,"column":0},"end":{"line":2,"column":17}},"2":{"start":{"line":3,"column":0},"end":{"line":3,"column":19}},"3":{"start":{"line":4,"column":0},"end":{"line":4,"column":16}},"4":{"start":{"line":5,"column":0},"end":{"line":5,"column":16}},"5":{"start":{"line":6,"column":0},"end":{"line":6,"column":20}},"7":{"start":{"line":8,"column":0},"end":{"line":8,"column":17}},"9":{"start":{"line":10,"column":0},"end":{"line":10,"column":8}},"10":{"start":{"line":11,"column":0},"end":{"line":11,"column":9}},"11":{"start":{"line":12,"column":0},"end":{"line":12,"column":14}},"12":{"start":{"line":13,"column":0},"end":{"line":13,"column":11}},"13":{"start":{"line":14,"column":0},"end":{"line":14,"column":11}},"14":{"start":{"line":15,"column":0},"end":{"line":15,"column":9}},"15":{"start":{"line":16,"column":0},"end":{"line":16,"column":9}},"16":{"start":{"line":17,"column":0},"end":{"line":17,"column":9}},"17":{"start":{"line":18,"column":0},"end":{"line":18,"column":14}},"18":{"start":{"line":19,"column":0},"end":{"line":19,"column":22}},"44":{"start":{"line":45,"column":0},"end":{"line":45,"column":24}},"47":{"start":{"line":48,"column":0},"end":{"line":48,"column":59}},"48":{"start":{"line":49,"column":0},"end":{"line":49,"column":66}},"49":{"start":{"line":50,"column":0},"end":{"line":50,"column":68}},"50":{"start":{"line":51,"column":0},"end":{"line":51,"column":39}},"51":{"start":{"line":52,"column":0},"end":{"line":52,"column":46}},"56":{"start":{"line":57,"column":0},"end":{"line":57,"column":66}},"58":{"start":{"line":59,"column":0},"end":{"line":59,"column":14}},"59":{"start":{"line":60,"column":0},"end":{"line":60,"column":31}},"60":{"start":{"line":61,"column":0},"end":{"line":61,"column":26}},"61":{"start":{"line":62,"column":0},"end":{"line":62,"column":32}},"62":{"start":{"line":63,"column":0},"end":{"line":63,"column":26}},"63":{"start":{"line":64,"column":0},"end":{"line":64,"column":28}},"64":{"start":{"line":65,"column":0},"end":{"line":65,"column":5}},"65":{"start":{"line":66,"column":0},"end":{"line":66,"column":17}},"66":{"start":{"line":67,"column":0},"end":{"line":67,"column":27}},"67":{"start":{"line":68,"column":0},"end":{"line":68,"column":39}},"68":{"start":{"line":69,"column":0},"end":{"line":69,"column":35}},"70":{"start":{"line":71,"column":0},"end":{"line":71,"column":77}},"71":{"start":{"line":72,"column":0},"end":{"line":72,"column":19}},"72":{"start":{"line":73,"column":0},"end":{"line":73,"column":41}},"73":{"start":{"line":74,"column":0},"end":{"line":74,"column":59}},"74":{"start":{"line":75,"column":0},"end":{"line":75,"column":19}},"75":{"start":{"line":76,"column":0},"end":{"line":76,"column":8}},"76":{"start":{"line":77,"column":0},"end":{"line":77,"column":30}},"77":{"start":{"line":78,"column":0},"end":{"line":78,"column":6}},"79":{"start":{"line":80,"column":0},"end":{"line":80,"column":37}},"80":{"start":{"line":81,"column":0},"end":{"line":81,"column":51}},"81":{"start":{"line":82,"column":0},"end":{"line":82,"column":3}},"85":{"start":{"line":86,"column":0},"end":{"line":86,"column":39}},"86":{"start":{"line":87,"column":0},"end":{"line":87,"column":48}},"87":{"start":{"line":88,"column":0},"end":{"line":88,"column":76}},"88":{"start":{"line":89,"column":0},"end":{"line":89,"column":23}},"89":{"start":{"line":90,"column":0},"end":{"line":90,"column":77}},"90":{"start":{"line":91,"column":0},"end":{"line":91,"column":5}},"92":{"start":{"line":93,"column":0},"end":{"line":93,"column":53}},"93":{"start":{"line":94,"column":0},"end":{"line":94,"column":74}},"94":{"start":{"line":95,"column":0},"end":{"line":95,"column":22}},"95":{"start":{"line":96,"column":0},"end":{"line":96,"column":74}},"96":{"start":{"line":97,"column":0},"end":{"line":97,"column":5}},"98":{"start":{"line":99,"column":0},"end":{"line":99,"column":50}},"99":{"start":{"line":100,"column":0},"end":{"line":100,"column":78}},"100":{"start":{"line":101,"column":0},"end":{"line":101,"column":24}},"101":{"start":{"line":102,"column":0},"end":{"line":102,"column":78}},"102":{"start":{"line":103,"column":0},"end":{"line":103,"column":5}},"103":{"start":{"line":104,"column":0},"end":{"line":104,"column":3}},"105":{"start":{"line":106,"column":0},"end":{"line":106,"column":58}},"106":{"start":{"line":107,"column":0},"end":{"line":107,"column":58}},"107":{"start":{"line":108,"column":0},"end":{"line":108,"column":45}},"108":{"start":{"line":109,"column":0},"end":{"line":109,"column":70}},"109":{"start":{"line":110,"column":0},"end":{"line":110,"column":22}},"110":{"start":{"line":111,"column":0},"end":{"line":111,"column":21}},"111":{"start":{"line":112,"column":0},"end":{"line":112,"column":117}},"112":{"start":{"line":113,"column":0},"end":{"line":113,"column":10}},"113":{"start":{"line":114,"column":0},"end":{"line":114,"column":17}},"114":{"start":{"line":115,"column":0},"end":{"line":115,"column":7}},"116":{"start":{"line":117,"column":0},"end":{"line":117,"column":43}},"118":{"start":{"line":119,"column":0},"end":{"line":119,"column":28}},"119":{"start":{"line":120,"column":0},"end":{"line":120,"column":40}},"120":{"start":{"line":121,"column":0},"end":{"line":121,"column":17}},"121":{"start":{"line":122,"column":0},"end":{"line":122,"column":7}},"123":{"start":{"line":124,"column":0},"end":{"line":124,"column":65}},"124":{"start":{"line":125,"column":0},"end":{"line":125,"column":50}},"125":{"start":{"line":126,"column":0},"end":{"line":126,"column":5}},"126":{"start":{"line":127,"column":0},"end":{"line":127,"column":3}},"128":{"start":{"line":129,"column":0},"end":{"line":129,"column":62}},"129":{"start":{"line":130,"column":0},"end":{"line":130,"column":43}},"130":{"start":{"line":131,"column":0},"end":{"line":131,"column":40}},"132":{"start":{"line":133,"column":0},"end":{"line":133,"column":15}},"133":{"start":{"line":134,"column":0},"end":{"line":134,"column":60}},"134":{"start":{"line":135,"column":0},"end":{"line":135,"column":13}},"135":{"start":{"line":136,"column":0},"end":{"line":136,"column":5}},"137":{"start":{"line":138,"column":0},"end":{"line":138,"column":35}},"139":{"start":{"line":140,"column":0},"end":{"line":140,"column":19}},"140":{"start":{"line":141,"column":0},"end":{"line":141,"column":19}},"141":{"start":{"line":142,"column":0},"end":{"line":142,"column":64}},"142":{"start":{"line":143,"column":0},"end":{"line":143,"column":61}},"143":{"start":{"line":144,"column":0},"end":{"line":144,"column":14}},"145":{"start":{"line":146,"column":0},"end":{"line":146,"column":18}},"146":{"start":{"line":147,"column":0},"end":{"line":147,"column":63}},"147":{"start":{"line":148,"column":0},"end":{"line":148,"column":59}},"148":{"start":{"line":149,"column":0},"end":{"line":149,"column":14}},"150":{"start":{"line":151,"column":0},"end":{"line":151,"column":18}},"151":{"start":{"line":152,"column":0},"end":{"line":152,"column":63}},"152":{"start":{"line":153,"column":0},"end":{"line":153,"column":59}},"153":{"start":{"line":154,"column":0},"end":{"line":154,"column":14}},"155":{"start":{"line":156,"column":0},"end":{"line":156,"column":18}},"156":{"start":{"line":157,"column":0},"end":{"line":157,"column":63}},"157":{"start":{"line":158,"column":0},"end":{"line":158,"column":59}},"158":{"start":{"line":159,"column":0},"end":{"line":159,"column":14}},"160":{"start":{"line":161,"column":0},"end":{"line":161,"column":17}},"161":{"start":{"line":162,"column":0},"end":{"line":162,"column":64}},"162":{"start":{"line":163,"column":0},"end":{"line":163,"column":61}},"163":{"start":{"line":164,"column":0},"end":{"line":164,"column":14}},"165":{"start":{"line":166,"column":0},"end":{"line":166,"column":18}},"166":{"start":{"line":167,"column":0},"end":{"line":167,"column":70}},"167":{"start":{"line":168,"column":0},"end":{"line":168,"column":62}},"168":{"start":{"line":169,"column":0},"end":{"line":169,"column":14}},"170":{"start":{"line":171,"column":0},"end":{"line":171,"column":19}},"171":{"start":{"line":172,"column":0},"end":{"line":172,"column":65}},"172":{"start":{"line":173,"column":0},"end":{"line":173,"column":61}},"173":{"start":{"line":174,"column":0},"end":{"line":174,"column":14}},"175":{"start":{"line":176,"column":0},"end":{"line":176,"column":19}},"176":{"start":{"line":177,"column":0},"end":{"line":177,"column":66}},"177":{"start":{"line":178,"column":0},"end":{"line":178,"column":61}},"178":{"start":{"line":179,"column":0},"end":{"line":179,"column":14}},"180":{"start":{"line":181,"column":0},"end":{"line":181,"column":20}},"181":{"start":{"line":182,"column":0},"end":{"line":182,"column":38}},"182":{"start":{"line":183,"column":0},"end":{"line":183,"column":14}},"184":{"start":{"line":185,"column":0},"end":{"line":185,"column":14}},"185":{"start":{"line":186,"column":0},"end":{"line":186,"column":61}},"186":{"start":{"line":187,"column":0},"end":{"line":187,"column":5}},"187":{"start":{"line":188,"column":0},"end":{"line":188,"column":3}},"189":{"start":{"line":190,"column":0},"end":{"line":190,"column":38}},"190":{"start":{"line":191,"column":0},"end":{"line":191,"column":69}},"191":{"start":{"line":192,"column":0},"end":{"line":192,"column":3}},"195":{"start":{"line":196,"column":0},"end":{"line":196,"column":28}},"196":{"start":{"line":197,"column":0},"end":{"line":197,"column":64}},"197":{"start":{"line":198,"column":0},"end":{"line":198,"column":3}},"199":{"start":{"line":200,"column":0},"end":{"line":200,"column":44}},"200":{"start":{"line":201,"column":0},"end":{"line":201,"column":68}},"201":{"start":{"line":202,"column":0},"end":{"line":202,"column":20}},"202":{"start":{"line":203,"column":0},"end":{"line":203,"column":72}},"203":{"start":{"line":204,"column":0},"end":{"line":204,"column":5}},"204":{"start":{"line":205,"column":0},"end":{"line":205,"column":20}},"205":{"start":{"line":206,"column":0},"end":{"line":206,"column":3}},"207":{"start":{"line":208,"column":0},"end":{"line":208,"column":43}},"209":{"start":{"line":210,"column":0},"end":{"line":210,"column":51}},"210":{"start":{"line":211,"column":0},"end":{"line":211,"column":44}},"211":{"start":{"line":212,"column":0},"end":{"line":212,"column":46}},"214":{"start":{"line":215,"column":0},"end":{"line":215,"column":45}},"217":{"start":{"line":218,"column":0},"end":{"line":218,"column":58}},"218":{"start":{"line":219,"column":0},"end":{"line":219,"column":53}},"219":{"start":{"line":220,"column":0},"end":{"line":220,"column":27}},"221":{"start":{"line":222,"column":0},"end":{"line":222,"column":43}},"222":{"start":{"line":223,"column":0},"end":{"line":223,"column":3}},"224":{"start":{"line":225,"column":0},"end":{"line":225,"column":56}},"225":{"start":{"line":226,"column":0},"end":{"line":226,"column":64}},"226":{"start":{"line":227,"column":0},"end":{"line":227,"column":20}},"227":{"start":{"line":228,"column":0},"end":{"line":228,"column":80}},"228":{"start":{"line":229,"column":0},"end":{"line":229,"column":76}},"231":{"start":{"line":232,"column":0},"end":{"line":232,"column":73}},"232":{"start":{"line":233,"column":0},"end":{"line":233,"column":23}},"233":{"start":{"line":234,"column":0},"end":{"line":234,"column":35}},"234":{"start":{"line":235,"column":0},"end":{"line":235,"column":21}},"235":{"start":{"line":236,"column":0},"end":{"line":236,"column":31}},"236":{"start":{"line":237,"column":0},"end":{"line":237,"column":9}},"237":{"start":{"line":238,"column":0},"end":{"line":238,"column":5}},"240":{"start":{"line":241,"column":0},"end":{"line":241,"column":30}},"241":{"start":{"line":242,"column":0},"end":{"line":242,"column":36}},"243":{"start":{"line":244,"column":0},"end":{"line":244,"column":26}},"244":{"start":{"line":245,"column":0},"end":{"line":245,"column":11}},"245":{"start":{"line":246,"column":0},"end":{"line":246,"column":54}},"247":{"start":{"line":248,"column":0},"end":{"line":248,"column":22}},"248":{"start":{"line":249,"column":0},"end":{"line":249,"column":29}},"249":{"start":{"line":250,"column":0},"end":{"line":250,"column":41}},"250":{"start":{"line":251,"column":0},"end":{"line":251,"column":27}},"251":{"start":{"line":252,"column":0},"end":{"line":252,"column":37}},"252":{"start":{"line":253,"column":0},"end":{"line":253,"column":15}},"253":{"start":{"line":254,"column":0},"end":{"line":254,"column":71}},"254":{"start":{"line":255,"column":0},"end":{"line":255,"column":18}},"255":{"start":{"line":256,"column":0},"end":{"line":256,"column":25}},"256":{"start":{"line":257,"column":0},"end":{"line":257,"column":125}},"257":{"start":{"line":258,"column":0},"end":{"line":258,"column":14}},"258":{"start":{"line":259,"column":0},"end":{"line":259,"column":11}},"260":{"start":{"line":261,"column":0},"end":{"line":261,"column":65}},"261":{"start":{"line":262,"column":0},"end":{"line":262,"column":65}},"262":{"start":{"line":263,"column":0},"end":{"line":263,"column":65}},"263":{"start":{"line":264,"column":0},"end":{"line":264,"column":43}},"264":{"start":{"line":265,"column":0},"end":{"line":265,"column":40}},"266":{"start":{"line":267,"column":0},"end":{"line":267,"column":57}},"267":{"start":{"line":268,"column":0},"end":{"line":268,"column":52}},"269":{"start":{"line":270,"column":0},"end":{"line":270,"column":41}},"270":{"start":{"line":271,"column":0},"end":{"line":271,"column":52}},"271":{"start":{"line":272,"column":0},"end":{"line":272,"column":16}},"272":{"start":{"line":273,"column":0},"end":{"line":273,"column":72}},"273":{"start":{"line":274,"column":0},"end":{"line":274,"column":9}},"274":{"start":{"line":275,"column":0},"end":{"line":275,"column":23}},"275":{"start":{"line":276,"column":0},"end":{"line":276,"column":23}},"276":{"start":{"line":277,"column":0},"end":{"line":277,"column":68}},"277":{"start":{"line":278,"column":0},"end":{"line":278,"column":19}},"278":{"start":{"line":279,"column":0},"end":{"line":279,"column":16}},"279":{"start":{"line":280,"column":0},"end":{"line":280,"column":11}},"280":{"start":{"line":281,"column":0},"end":{"line":281,"column":52}},"281":{"start":{"line":282,"column":0},"end":{"line":282,"column":7}},"282":{"start":{"line":283,"column":0},"end":{"line":283,"column":6}},"284":{"start":{"line":285,"column":0},"end":{"line":285,"column":32}},"285":{"start":{"line":286,"column":0},"end":{"line":286,"column":21}},"286":{"start":{"line":287,"column":0},"end":{"line":287,"column":66}},"287":{"start":{"line":288,"column":0},"end":{"line":288,"column":17}},"288":{"start":{"line":289,"column":0},"end":{"line":289,"column":14}},"289":{"start":{"line":290,"column":0},"end":{"line":290,"column":9}},"290":{"start":{"line":291,"column":0},"end":{"line":291,"column":50}},"291":{"start":{"line":292,"column":0},"end":{"line":292,"column":6}},"293":{"start":{"line":294,"column":0},"end":{"line":294,"column":20}},"294":{"start":{"line":295,"column":0},"end":{"line":295,"column":3}},"296":{"start":{"line":297,"column":0},"end":{"line":297,"column":64}},"297":{"start":{"line":298,"column":0},"end":{"line":298,"column":50}},"298":{"start":{"line":299,"column":0},"end":{"line":299,"column":23}},"299":{"start":{"line":300,"column":0},"end":{"line":300,"column":26}},"300":{"start":{"line":301,"column":0},"end":{"line":301,"column":29}},"302":{"start":{"line":303,"column":0},"end":{"line":303,"column":32}},"303":{"start":{"line":304,"column":0},"end":{"line":304,"column":57}},"304":{"start":{"line":305,"column":0},"end":{"line":305,"column":22}},"305":{"start":{"line":306,"column":0},"end":{"line":306,"column":36}},"306":{"start":{"line":307,"column":0},"end":{"line":307,"column":32}},"307":{"start":{"line":308,"column":0},"end":{"line":308,"column":32}},"308":{"start":{"line":309,"column":0},"end":{"line":309,"column":78}},"310":{"start":{"line":311,"column":0},"end":{"line":311,"column":25}},"311":{"start":{"line":312,"column":0},"end":{"line":312,"column":37}},"312":{"start":{"line":313,"column":0},"end":{"line":313,"column":23}},"313":{"start":{"line":314,"column":0},"end":{"line":314,"column":33}},"314":{"start":{"line":315,"column":0},"end":{"line":315,"column":11}},"315":{"start":{"line":316,"column":0},"end":{"line":316,"column":7}},"318":{"start":{"line":319,"column":0},"end":{"line":319,"column":61}},"320":{"start":{"line":321,"column":0},"end":{"line":321,"column":19}},"322":{"start":{"line":323,"column":0},"end":{"line":323,"column":11}},"323":{"start":{"line":324,"column":0},"end":{"line":324,"column":55}},"324":{"start":{"line":325,"column":0},"end":{"line":325,"column":63}},"326":{"start":{"line":327,"column":0},"end":{"line":327,"column":22}},"327":{"start":{"line":328,"column":0},"end":{"line":328,"column":29}},"328":{"start":{"line":329,"column":0},"end":{"line":329,"column":41}},"329":{"start":{"line":330,"column":0},"end":{"line":330,"column":27}},"330":{"start":{"line":331,"column":0},"end":{"line":331,"column":37}},"331":{"start":{"line":332,"column":0},"end":{"line":332,"column":15}},"332":{"start":{"line":333,"column":0},"end":{"line":333,"column":30}},"333":{"start":{"line":334,"column":0},"end":{"line":334,"column":27}},"334":{"start":{"line":335,"column":0},"end":{"line":335,"column":31}},"335":{"start":{"line":336,"column":0},"end":{"line":336,"column":31}},"336":{"start":{"line":337,"column":0},"end":{"line":337,"column":14}},"337":{"start":{"line":338,"column":0},"end":{"line":338,"column":18}},"338":{"start":{"line":339,"column":0},"end":{"line":339,"column":25}},"339":{"start":{"line":340,"column":0},"end":{"line":340,"column":125}},"340":{"start":{"line":341,"column":0},"end":{"line":341,"column":14}},"341":{"start":{"line":342,"column":0},"end":{"line":342,"column":11}},"343":{"start":{"line":344,"column":0},"end":{"line":344,"column":65}},"344":{"start":{"line":345,"column":0},"end":{"line":345,"column":65}},"345":{"start":{"line":346,"column":0},"end":{"line":346,"column":51}},"346":{"start":{"line":347,"column":0},"end":{"line":347,"column":48}},"347":{"start":{"line":348,"column":0},"end":{"line":348,"column":9}},"349":{"start":{"line":350,"column":0},"end":{"line":350,"column":39}},"350":{"start":{"line":351,"column":0},"end":{"line":351,"column":50}},"351":{"start":{"line":352,"column":0},"end":{"line":352,"column":23}},"352":{"start":{"line":353,"column":0},"end":{"line":353,"column":23}},"353":{"start":{"line":354,"column":0},"end":{"line":354,"column":68}},"354":{"start":{"line":355,"column":0},"end":{"line":355,"column":19}},"355":{"start":{"line":356,"column":0},"end":{"line":356,"column":16}},"356":{"start":{"line":357,"column":0},"end":{"line":357,"column":11}},"357":{"start":{"line":358,"column":0},"end":{"line":358,"column":64}},"358":{"start":{"line":359,"column":0},"end":{"line":359,"column":7}},"359":{"start":{"line":360,"column":0},"end":{"line":360,"column":6}},"361":{"start":{"line":362,"column":0},"end":{"line":362,"column":32}},"362":{"start":{"line":363,"column":0},"end":{"line":363,"column":21}},"363":{"start":{"line":364,"column":0},"end":{"line":364,"column":66}},"364":{"start":{"line":365,"column":0},"end":{"line":365,"column":17}},"365":{"start":{"line":366,"column":0},"end":{"line":366,"column":14}},"366":{"start":{"line":367,"column":0},"end":{"line":367,"column":9}},"367":{"start":{"line":368,"column":0},"end":{"line":368,"column":62}},"368":{"start":{"line":369,"column":0},"end":{"line":369,"column":6}},"370":{"start":{"line":371,"column":0},"end":{"line":371,"column":15}},"371":{"start":{"line":372,"column":0},"end":{"line":372,"column":80}},"372":{"start":{"line":373,"column":0},"end":{"line":373,"column":31}},"373":{"start":{"line":374,"column":0},"end":{"line":374,"column":12}},"374":{"start":{"line":375,"column":0},"end":{"line":375,"column":24}},"375":{"start":{"line":376,"column":0},"end":{"line":376,"column":38}},"376":{"start":{"line":377,"column":0},"end":{"line":377,"column":22}},"377":{"start":{"line":378,"column":0},"end":{"line":378,"column":5}},"378":{"start":{"line":379,"column":0},"end":{"line":379,"column":3}},"380":{"start":{"line":381,"column":0},"end":{"line":381,"column":34}},"381":{"start":{"line":382,"column":0},"end":{"line":382,"column":70}},"382":{"start":{"line":383,"column":0},"end":{"line":383,"column":61}},"383":{"start":{"line":384,"column":0},"end":{"line":384,"column":61}},"384":{"start":{"line":385,"column":0},"end":{"line":385,"column":25}},"385":{"start":{"line":386,"column":0},"end":{"line":386,"column":27}},"386":{"start":{"line":387,"column":0},"end":{"line":387,"column":10}},"387":{"start":{"line":388,"column":0},"end":{"line":388,"column":21}},"388":{"start":{"line":389,"column":0},"end":{"line":389,"column":21}},"389":{"start":{"line":390,"column":0},"end":{"line":390,"column":30}},"390":{"start":{"line":391,"column":0},"end":{"line":391,"column":21}},"391":{"start":{"line":392,"column":0},"end":{"line":392,"column":8}},"392":{"start":{"line":393,"column":0},"end":{"line":393,"column":5}},"393":{"start":{"line":394,"column":0},"end":{"line":394,"column":3}},"397":{"start":{"line":398,"column":0},"end":{"line":398,"column":20}},"398":{"start":{"line":399,"column":0},"end":{"line":399,"column":77}},"399":{"start":{"line":400,"column":0},"end":{"line":400,"column":32}},"400":{"start":{"line":401,"column":0},"end":{"line":401,"column":70}},"401":{"start":{"line":402,"column":0},"end":{"line":402,"column":42}},"402":{"start":{"line":403,"column":0},"end":{"line":403,"column":39}},"403":{"start":{"line":404,"column":0},"end":{"line":404,"column":57}},"404":{"start":{"line":405,"column":0},"end":{"line":405,"column":14}},"405":{"start":{"line":406,"column":0},"end":{"line":406,"column":39}},"406":{"start":{"line":407,"column":0},"end":{"line":407,"column":7}},"407":{"start":{"line":408,"column":0},"end":{"line":408,"column":5}},"408":{"start":{"line":409,"column":0},"end":{"line":409,"column":33}},"409":{"start":{"line":410,"column":0},"end":{"line":410,"column":3}},"411":{"start":{"line":412,"column":0},"end":{"line":412,"column":25}},"412":{"start":{"line":413,"column":0},"end":{"line":413,"column":12}},"413":{"start":{"line":414,"column":0},"end":{"line":414,"column":69}},"414":{"start":{"line":415,"column":0},"end":{"line":415,"column":66}},"416":{"start":{"line":417,"column":0},"end":{"line":417,"column":3}},"417":{"start":{"line":418,"column":0},"end":{"line":418,"column":1}},"419":{"start":{"line":420,"column":0},"end":{"line":420,"column":32}}},"s":{"0":1,"1":1,"2":1,"3":1,"4":1,"5":1,"7":1,"9":1,"10":1,"11":1,"12":1,"13":1,"14":1,"15":1,"16":1,"17":1,"18":1,"44":1,"47":1,"48":1,"49":1,"50":1,"51":1,"56":1,"58":1,"59":17,"60":17,"61":17,"62":17,"63":17,"64":17,"65":17,"66":17,"67":17,"68":17,"70":17,"71":17,"72":9,"73":9,"74":9,"75":9,"76":17,"77":17,"79":17,"80":17,"81":17,"85":1,"86":17,"87":17,"88":17,"89":17,"90":17,"92":17,"93":17,"94":17,"95":17,"96":17,"98":17,"99":17,"100":17,"101":17,"102":17,"103":17,"105":1,"106":17,"107":9,"108":9,"109":9,"110":1,"111":1,"112":1,"113":1,"114":1,"116":8,"118":9,"119":0,"120":0,"121":0,"123":8,"124":8,"125":8,"126":17,"128":1,"129":9,"130":9,"132":9,"133":0,"134":0,"135":0,"137":9,"139":9,"140":9,"141":3,"142":0,"143":3,"145":9,"146":2,"147":0,"148":2,"150":9,"151":0,"152":0,"153":0,"155":9,"156":0,"157":0,"158":0,"160":9,"161":0,"162":0,"163":0,"165":9,"166":0,"167":0,"168":0,"170":9,"171":2,"172":0,"173":2,"175":9,"176":2,"177":0,"178":2,"180":9,"181":0,"182":0,"184":9,"185":0,"186":9,"187":9,"189":1,"190":406,"191":406,"195":1,"196":3,"197":3,"199":1,"200":4,"201":4,"202":0,"203":0,"204":4,"205":4,"207":1,"209":3,"210":3,"211":3,"214":3,"217":3,"218":3,"219":3,"221":3,"222":3,"224":1,"225":2,"226":2,"227":2,"228":2,"231":2,"232":2,"233":2,"234":2,"235":2,"236":2,"237":2,"240":2,"241":2,"243":2,"244":1,"245":1,"247":1,"248":1,"249":1,"250":1,"251":1,"252":1,"253":1,"254":1,"255":0,"256":0,"257":0,"258":0,"260":1,"261":1,"262":1,"263":1,"264":1,"266":1,"267":1,"269":1,"270":1,"271":1,"272":0,"273":0,"274":1,"275":0,"276":0,"277":0,"278":0,"279":0,"280":0,"281":0,"282":1,"284":2,"285":1,"286":1,"287":1,"288":1,"289":1,"290":1,"291":1,"293":2,"294":2,"296":1,"297":2,"298":2,"299":2,"300":2,"302":2,"303":1,"304":1,"305":1,"306":1,"307":0,"308":1,"310":1,"311":1,"312":1,"313":1,"314":1,"315":1,"318":1,"320":1,"322":1,"323":1,"324":1,"326":1,"327":1,"328":1,"329":1,"330":1,"331":1,"332":1,"333":1,"334":1,"335":1,"336":1,"337":1,"338":0,"339":0,"340":0,"341":0,"343":1,"344":1,"345":1,"346":1,"347":1,"349":0,"350":0,"351":1,"352":1,"353":1,"354":1,"355":1,"356":1,"357":1,"358":1,"359":1,"361":2,"362":1,"363":1,"364":1,"365":1,"366":1,"367":1,"368":1,"370":2,"371":0,"372":0,"373":2,"374":2,"375":2,"376":2,"377":2,"378":2,"380":1,"381":162,"382":0,"383":0,"384":0,"385":0,"386":0,"387":0,"388":0,"389":0,"390":0,"391":0,"392":0,"393":162,"397":1,"398":1,"399":1,"400":1,"401":0,"402":0,"403":0,"404":0,"405":0,"406":0,"407":0,"408":1,"409":1,"411":1,"412":1,"413":1,"414":1,"416":1,"417":1,"419":1},"branchMap":{"0":{"type":"branch","line":59,"loc":{"start":{"line":59,"column":2},"end":{"line":82,"column":3}},"locations":[{"start":{"line":59,"column":2},"end":{"line":82,"column":3}}]},"1":{"type":"branch","line":72,"loc":{"start":{"line":72,"column":6},"end":{"line":76,"column":8}},"locations":[{"start":{"line":72,"column":6},"end":{"line":76,"column":8}}]},"2":{"type":"branch","line":73,"loc":{"start":{"line":73,"column":28},"end":{"line":73,"column":41}},"locations":[{"start":{"line":73,"column":28},"end":{"line":73,"column":41}}]},"3":{"type":"branch","line":74,"loc":{"start":{"line":74,"column":25},"end":{"line":74,"column":46}},"locations":[{"start":{"line":74,"column":25},"end":{"line":74,"column":46}}]},"4":{"type":"branch","line":74,"loc":{"start":{"line":74,"column":46},"end":{"line":74,"column":59}},"locations":[{"start":{"line":74,"column":46},"end":{"line":74,"column":59}}]},"5":{"type":"branch","line":86,"loc":{"start":{"line":86,"column":10},"end":{"line":104,"column":3}},"locations":[{"start":{"line":86,"column":10},"end":{"line":104,"column":3}}]},"6":{"type":"branch","line":106,"loc":{"start":{"line":106,"column":10},"end":{"line":127,"column":3}},"locations":[{"start":{"line":106,"column":10},"end":{"line":127,"column":3}}]},"7":{"type":"branch","line":107,"loc":{"start":{"line":107,"column":57},"end":{"line":126,"column":5}},"locations":[{"start":{"line":107,"column":57},"end":{"line":126,"column":5}}]},"8":{"type":"branch","line":110,"loc":{"start":{"line":110,"column":21},"end":{"line":115,"column":7}},"locations":[{"start":{"line":110,"column":21},"end":{"line":115,"column":7}}]},"9":{"type":"branch","line":115,"loc":{"start":{"line":115,"column":6},"end":{"line":119,"column":27}},"locations":[{"start":{"line":115,"column":6},"end":{"line":119,"column":27}}]},"10":{"type":"branch","line":119,"loc":{"start":{"line":119,"column":27},"end":{"line":122,"column":7}},"locations":[{"start":{"line":119,"column":27},"end":{"line":122,"column":7}}]},"11":{"type":"branch","line":122,"loc":{"start":{"line":122,"column":6},"end":{"line":126,"column":5}},"locations":[{"start":{"line":122,"column":6},"end":{"line":126,"column":5}}]},"12":{"type":"branch","line":129,"loc":{"start":{"line":129,"column":9},"end":{"line":188,"column":3}},"locations":[{"start":{"line":129,"column":9},"end":{"line":188,"column":3}}]},"13":{"type":"branch","line":133,"loc":{"start":{"line":133,"column":14},"end":{"line":136,"column":5}},"locations":[{"start":{"line":133,"column":14},"end":{"line":136,"column":5}}]},"14":{"type":"branch","line":141,"loc":{"start":{"line":141,"column":6},"end":{"line":144,"column":14}},"locations":[{"start":{"line":141,"column":6},"end":{"line":144,"column":14}}]},"15":{"type":"branch","line":142,"loc":{"start":{"line":142,"column":62},"end":{"line":143,"column":61}},"locations":[{"start":{"line":142,"column":62},"end":{"line":143,"column":61}}]},"16":{"type":"branch","line":146,"loc":{"start":{"line":146,"column":6},"end":{"line":149,"column":14}},"locations":[{"start":{"line":146,"column":6},"end":{"line":149,"column":14}}]},"17":{"type":"branch","line":147,"loc":{"start":{"line":147,"column":61},"end":{"line":148,"column":59}},"locations":[{"start":{"line":147,"column":61},"end":{"line":148,"column":59}}]},"18":{"type":"branch","line":151,"loc":{"start":{"line":151,"column":6},"end":{"line":154,"column":14}},"locations":[{"start":{"line":151,"column":6},"end":{"line":154,"column":14}}]},"19":{"type":"branch","line":156,"loc":{"start":{"line":156,"column":6},"end":{"line":159,"column":14}},"locations":[{"start":{"line":156,"column":6},"end":{"line":159,"column":14}}]},"20":{"type":"branch","line":161,"loc":{"start":{"line":161,"column":6},"end":{"line":164,"column":14}},"locations":[{"start":{"line":161,"column":6},"end":{"line":164,"column":14}}]},"21":{"type":"branch","line":166,"loc":{"start":{"line":166,"column":6},"end":{"line":169,"column":14}},"locations":[{"start":{"line":166,"column":6},"end":{"line":169,"column":14}}]},"22":{"type":"branch","line":171,"loc":{"start":{"line":171,"column":6},"end":{"line":174,"column":14}},"locations":[{"start":{"line":171,"column":6},"end":{"line":174,"column":14}}]},"23":{"type":"branch","line":172,"loc":{"start":{"line":172,"column":63},"end":{"line":173,"column":61}},"locations":[{"start":{"line":172,"column":63},"end":{"line":173,"column":61}}]},"24":{"type":"branch","line":176,"loc":{"start":{"line":176,"column":6},"end":{"line":179,"column":14}},"locations":[{"start":{"line":176,"column":6},"end":{"line":179,"column":14}}]},"25":{"type":"branch","line":177,"loc":{"start":{"line":177,"column":64},"end":{"line":178,"column":61}},"locations":[{"start":{"line":177,"column":64},"end":{"line":178,"column":61}}]},"26":{"type":"branch","line":181,"loc":{"start":{"line":181,"column":6},"end":{"line":183,"column":14}},"locations":[{"start":{"line":181,"column":6},"end":{"line":183,"column":14}}]},"27":{"type":"branch","line":185,"loc":{"start":{"line":185,"column":6},"end":{"line":186,"column":61}},"locations":[{"start":{"line":185,"column":6},"end":{"line":186,"column":61}}]},"28":{"type":"branch","line":190,"loc":{"start":{"line":190,"column":9},"end":{"line":192,"column":3}},"locations":[{"start":{"line":190,"column":9},"end":{"line":192,"column":3}}]},"29":{"type":"branch","line":196,"loc":{"start":{"line":196,"column":10},"end":{"line":198,"column":3}},"locations":[{"start":{"line":196,"column":10},"end":{"line":198,"column":3}}]},"30":{"type":"branch","line":200,"loc":{"start":{"line":200,"column":10},"end":{"line":206,"column":3}},"locations":[{"start":{"line":200,"column":10},"end":{"line":206,"column":3}}]},"31":{"type":"branch","line":202,"loc":{"start":{"line":202,"column":19},"end":{"line":204,"column":5}},"locations":[{"start":{"line":202,"column":19},"end":{"line":204,"column":5}}]},"32":{"type":"branch","line":208,"loc":{"start":{"line":208,"column":10},"end":{"line":223,"column":3}},"locations":[{"start":{"line":208,"column":10},"end":{"line":223,"column":3}}]},"33":{"type":"branch","line":225,"loc":{"start":{"line":225,"column":10},"end":{"line":295,"column":3}},"locations":[{"start":{"line":225,"column":10},"end":{"line":295,"column":3}}]},"34":{"type":"branch","line":228,"loc":{"start":{"line":228,"column":44},"end":{"line":228,"column":80}},"locations":[{"start":{"line":228,"column":44},"end":{"line":228,"column":80}}]},"35":{"type":"branch","line":244,"loc":{"start":{"line":244,"column":19},"end":{"line":283,"column":6}},"locations":[{"start":{"line":244,"column":19},"end":{"line":283,"column":6}}]},"36":{"type":"branch","line":255,"loc":{"start":{"line":255,"column":10},"end":{"line":259,"column":11}},"locations":[{"start":{"line":255,"column":10},"end":{"line":259,"column":11}}]},"37":{"type":"branch","line":272,"loc":{"start":{"line":272,"column":8},"end":{"line":274,"column":9}},"locations":[{"start":{"line":272,"column":8},"end":{"line":274,"column":9}}]},"38":{"type":"branch","line":275,"loc":{"start":{"line":275,"column":6},"end":{"line":282,"column":7}},"locations":[{"start":{"line":275,"column":6},"end":{"line":282,"column":7}}]},"39":{"type":"branch","line":285,"loc":{"start":{"line":285,"column":20},"end":{"line":292,"column":6}},"locations":[{"start":{"line":285,"column":20},"end":{"line":292,"column":6}}]},"40":{"type":"branch","line":297,"loc":{"start":{"line":297,"column":2},"end":{"line":379,"column":3}},"locations":[{"start":{"line":297,"column":2},"end":{"line":379,"column":3}}]},"41":{"type":"branch","line":371,"loc":{"start":{"line":371,"column":14},"end":{"line":374,"column":11}},"locations":[{"start":{"line":371,"column":14},"end":{"line":374,"column":11}}]},"42":{"type":"branch","line":303,"loc":{"start":{"line":303,"column":25},"end":{"line":360,"column":6}},"locations":[{"start":{"line":303,"column":25},"end":{"line":360,"column":6}}]},"43":{"type":"branch","line":307,"loc":{"start":{"line":307,"column":19},"end":{"line":308,"column":32}},"locations":[{"start":{"line":307,"column":19},"end":{"line":308,"column":32}}]},"44":{"type":"branch","line":338,"loc":{"start":{"line":338,"column":10},"end":{"line":342,"column":11}},"locations":[{"start":{"line":338,"column":10},"end":{"line":342,"column":11}}]},"45":{"type":"branch","line":348,"loc":{"start":{"line":348,"column":8},"end":{"line":351,"column":50}},"locations":[{"start":{"line":348,"column":8},"end":{"line":351,"column":50}}]},"46":{"type":"branch","line":358,"loc":{"start":{"line":358,"column":13},"end":{"line":358,"column":64}},"locations":[{"start":{"line":358,"column":13},"end":{"line":358,"column":64}}]},"47":{"type":"branch","line":362,"loc":{"start":{"line":362,"column":20},"end":{"line":369,"column":6}},"locations":[{"start":{"line":362,"column":20},"end":{"line":369,"column":6}}]},"48":{"type":"branch","line":368,"loc":{"start":{"line":368,"column":43},"end":{"line":368,"column":59}},"locations":[{"start":{"line":368,"column":43},"end":{"line":368,"column":59}}]},"49":{"type":"branch","line":381,"loc":{"start":{"line":381,"column":9},"end":{"line":394,"column":3}},"locations":[{"start":{"line":381,"column":9},"end":{"line":394,"column":3}}]},"50":{"type":"branch","line":382,"loc":{"start":{"line":382,"column":69},"end":{"line":393,"column":5}},"locations":[{"start":{"line":382,"column":69},"end":{"line":393,"column":5}}]},"51":{"type":"branch","line":398,"loc":{"start":{"line":398,"column":9},"end":{"line":410,"column":3}},"locations":[{"start":{"line":398,"column":9},"end":{"line":410,"column":3}}]},"52":{"type":"branch","line":401,"loc":{"start":{"line":401,"column":69},"end":{"line":408,"column":5}},"locations":[{"start":{"line":401,"column":69},"end":{"line":408,"column":5}}]},"53":{"type":"branch","line":412,"loc":{"start":{"line":412,"column":2},"end":{"line":417,"column":3}},"locations":[{"start":{"line":412,"column":2},"end":{"line":417,"column":3}}]}},"b":{"0":[17],"1":[9],"2":[2],"3":[7],"4":[2],"5":[17],"6":[17],"7":[9],"8":[1],"9":[8],"10":[0],"11":[8],"12":[9],"13":[0],"14":[3],"15":[0],"16":[2],"17":[0],"18":[0],"19":[0],"20":[0],"21":[0],"22":[2],"23":[0],"24":[2],"25":[0],"26":[0],"27":[0],"28":[406],"29":[3],"30":[4],"31":[0],"32":[3],"33":[2],"34":[0],"35":[1],"36":[0],"37":[0],"38":[0],"39":[1],"40":[2],"41":[0],"42":[1],"43":[0],"44":[0],"45":[0],"46":[0],"47":[1],"48":[0],"49":[162],"50":[0],"51":[1],"52":[0],"53":[1]},"fnMap":{"0":{"name":"GlslAssetManager","decl":{"start":{"line":59,"column":2},"end":{"line":82,"column":3}},"loc":{"start":{"line":59,"column":2},"end":{"line":82,"column":3}},"line":59},"1":{"name":"GlslAssetManager.totalAssetCount.Object.values.reduce.images","decl":{"start":{"line":72,"column":6},"end":{"line":76,"column":8}},"loc":{"start":{"line":72,"column":6},"end":{"line":76,"column":8}},"line":72},"2":{"name":"initializeDefaultUniforms","decl":{"start":{"line":86,"column":10},"end":{"line":104,"column":3}},"loc":{"start":{"line":86,"column":10},"end":{"line":104,"column":3}},"line":86},"3":{"name":"initializeCustomUniforms","decl":{"start":{"line":106,"column":10},"end":{"line":127,"column":3}},"loc":{"start":{"line":106,"column":10},"end":{"line":127,"column":3}},"line":106},"4":{"name":"setUniformValue","decl":{"start":{"line":129,"column":9},"end":{"line":188,"column":3}},"loc":{"start":{"line":129,"column":9},"end":{"line":188,"column":3}},"line":129},"5":{"name":"formatUniform","decl":{"start":{"line":190,"column":9},"end":{"line":192,"column":3}},"loc":{"start":{"line":190,"column":9},"end":{"line":192,"column":3}},"line":190},"6":{"name":"getTextureUnit","decl":{"start":{"line":196,"column":10},"end":{"line":198,"column":3}},"loc":{"start":{"line":196,"column":10},"end":{"line":198,"column":3}},"line":196},"7":{"name":"getUniformLocation","decl":{"start":{"line":200,"column":10},"end":{"line":206,"column":3}},"loc":{"start":{"line":200,"column":10},"end":{"line":206,"column":3}},"line":200},"8":{"name":"initializeTexture","decl":{"start":{"line":208,"column":10},"end":{"line":223,"column":3}},"loc":{"start":{"line":208,"column":10},"end":{"line":223,"column":3}},"line":208},"9":{"name":"loadStaticTexture","decl":{"start":{"line":225,"column":10},"end":{"line":295,"column":3}},"loc":{"start":{"line":225,"column":10},"end":{"line":295,"column":3}},"line":225},"10":{"name":"image.onload","decl":{"start":{"line":244,"column":19},"end":{"line":283,"column":6}},"loc":{"start":{"line":244,"column":19},"end":{"line":283,"column":6}},"line":244},"11":{"name":"image.onerror","decl":{"start":{"line":285,"column":20},"end":{"line":292,"column":6}},"loc":{"start":{"line":285,"column":20},"end":{"line":292,"column":6}},"line":285},"12":{"name":"loadDynamicTexture","decl":{"start":{"line":297,"column":2},"end":{"line":379,"column":3}},"loc":{"start":{"line":297,"column":2},"end":{"line":379,"column":3}},"line":297},"13":{"name":"video.onloadeddata","decl":{"start":{"line":303,"column":25},"end":{"line":360,"column":6}},"loc":{"start":{"line":303,"column":25},"end":{"line":360,"column":6}},"line":303},"14":{"name":"video.onerror","decl":{"start":{"line":362,"column":20},"end":{"line":369,"column":6}},"loc":{"start":{"line":362,"column":20},"end":{"line":369,"column":6}},"line":362},"15":{"name":"renderDynamicTextures","decl":{"start":{"line":381,"column":9},"end":{"line":394,"column":3}},"loc":{"start":{"line":381,"column":9},"end":{"line":394,"column":3}},"line":381},"16":{"name":"destroy","decl":{"start":{"line":398,"column":9},"end":{"line":410,"column":3}},"loc":{"start":{"line":398,"column":9},"end":{"line":410,"column":3}},"line":398},"17":{"name":"get allAssetsLoaded","decl":{"start":{"line":412,"column":2},"end":{"line":417,"column":3}},"loc":{"start":{"line":412,"column":2},"end":{"line":417,"column":3}},"line":412}},"f":{"0":17,"1":9,"2":17,"3":17,"4":9,"5":406,"6":3,"7":4,"8":3,"9":2,"10":1,"11":1,"12":2,"13":1,"14":1,"15":162,"16":1,"17":1}}
,"/Users/andystewart/Development/shdr/src/glsl-canvas.ts": {"path":"/Users/andystewart/Development/shdr/src/glsl-canvas.ts","all":false,"statementMap":{"0":{"start":{"line":1,"column":0},"end":{"line":1,"column":37}},"1":{"start":{"line":2,"column":0},"end":{"line":2,"column":8}},"2":{"start":{"line":3,"column":0},"end":{"line":3,"column":25}},"3":{"start":{"line":4,"column":0},"end":{"line":4,"column":23}},"4":{"start":{"line":5,"column":0},"end":{"line":5,"column":25}},"5":{"start":{"line":6,"column":0},"end":{"line":6,"column":23}},"6":{"start":{"line":7,"column":0},"end":{"line":7,"column":19}},"8":{"start":{"line":9,"column":0},"end":{"line":9,"column":43}},"9":{"start":{"line":10,"column":0},"end":{"line":10,"column":43}},"10":{"start":{"line":11,"column":0},"end":{"line":11,"column":3}},"12":{"start":{"line":13,"column":0},"end":{"line":13,"column":18}},"18":{"start":{"line":19,"column":0},"end":{"line":19,"column":70}},"19":{"start":{"line":20,"column":0},"end":{"line":20,"column":31}},"20":{"start":{"line":21,"column":0},"end":{"line":21,"column":51}},"21":{"start":{"line":22,"column":0},"end":{"line":22,"column":40}},"22":{"start":{"line":23,"column":0},"end":{"line":23,"column":64}},"23":{"start":{"line":24,"column":0},"end":{"line":24,"column":44}},"25":{"start":{"line":26,"column":0},"end":{"line":26,"column":38}},"27":{"start":{"line":28,"column":0},"end":{"line":28,"column":35}},"28":{"start":{"line":29,"column":0},"end":{"line":29,"column":47}},"29":{"start":{"line":30,"column":0},"end":{"line":30,"column":53}},"30":{"start":{"line":31,"column":0},"end":{"line":31,"column":5}},"31":{"start":{"line":32,"column":0},"end":{"line":32,"column":40}},"32":{"start":{"line":33,"column":0},"end":{"line":33,"column":46}},"33":{"start":{"line":34,"column":0},"end":{"line":34,"column":5}},"35":{"start":{"line":36,"column":0},"end":{"line":36,"column":19}},"36":{"start":{"line":37,"column":0},"end":{"line":37,"column":70}},"37":{"start":{"line":38,"column":0},"end":{"line":38,"column":80}},"39":{"start":{"line":40,"column":0},"end":{"line":40,"column":61}},"40":{"start":{"line":41,"column":0},"end":{"line":41,"column":71}},"42":{"start":{"line":43,"column":0},"end":{"line":43,"column":68}},"43":{"start":{"line":44,"column":0},"end":{"line":44,"column":37}},"44":{"start":{"line":45,"column":0},"end":{"line":45,"column":40}},"46":{"start":{"line":47,"column":0},"end":{"line":47,"column":77}},"47":{"start":{"line":48,"column":0},"end":{"line":48,"column":48}},"48":{"start":{"line":49,"column":0},"end":{"line":49,"column":75}},"49":{"start":{"line":50,"column":0},"end":{"line":50,"column":3}},"51":{"start":{"line":52,"column":0},"end":{"line":52,"column":64}},"52":{"start":{"line":53,"column":0},"end":{"line":53,"column":40}},"53":{"start":{"line":54,"column":0},"end":{"line":54,"column":71}},"54":{"start":{"line":55,"column":0},"end":{"line":55,"column":6}},"55":{"start":{"line":56,"column":0},"end":{"line":56,"column":59}},"57":{"start":{"line":58,"column":0},"end":{"line":58,"column":41}},"58":{"start":{"line":59,"column":0},"end":{"line":59,"column":34}},"60":{"start":{"line":61,"column":0},"end":{"line":61,"column":70}},"61":{"start":{"line":62,"column":0},"end":{"line":62,"column":76}},"62":{"start":{"line":63,"column":0},"end":{"line":63,"column":14}},"63":{"start":{"line":64,"column":0},"end":{"line":64,"column":10}},"64":{"start":{"line":65,"column":0},"end":{"line":65,"column":35}},"65":{"start":{"line":66,"column":0},"end":{"line":66,"column":31}},"66":{"start":{"line":67,"column":0},"end":{"line":67,"column":5}},"68":{"start":{"line":69,"column":0},"end":{"line":69,"column":18}},"69":{"start":{"line":70,"column":0},"end":{"line":70,"column":3}},"71":{"start":{"line":72,"column":0},"end":{"line":72,"column":24}},"72":{"start":{"line":73,"column":0},"end":{"line":73,"column":30}},"73":{"start":{"line":74,"column":0},"end":{"line":74,"column":31}},"74":{"start":{"line":75,"column":0},"end":{"line":75,"column":5}},"75":{"start":{"line":76,"column":0},"end":{"line":76,"column":44}},"76":{"start":{"line":77,"column":0},"end":{"line":77,"column":48}},"77":{"start":{"line":78,"column":0},"end":{"line":78,"column":50}},"78":{"start":{"line":79,"column":0},"end":{"line":79,"column":33}},"80":{"start":{"line":81,"column":0},"end":{"line":81,"column":69}},"81":{"start":{"line":82,"column":0},"end":{"line":82,"column":22}},"82":{"start":{"line":83,"column":0},"end":{"line":83,"column":70}},"83":{"start":{"line":84,"column":0},"end":{"line":84,"column":8}},"84":{"start":{"line":85,"column":0},"end":{"line":85,"column":5}},"86":{"start":{"line":87,"column":0},"end":{"line":87,"column":19}},"87":{"start":{"line":88,"column":0},"end":{"line":88,"column":3}},"89":{"start":{"line":90,"column":0},"end":{"line":90,"column":44}},"90":{"start":{"line":91,"column":0},"end":{"line":91,"column":42}},"91":{"start":{"line":92,"column":0},"end":{"line":92,"column":53}},"92":{"start":{"line":93,"column":0},"end":{"line":93,"column":72}},"93":{"start":{"line":94,"column":0},"end":{"line":94,"column":18}},"94":{"start":{"line":95,"column":0},"end":{"line":95,"column":3}},"96":{"start":{"line":97,"column":0},"end":{"line":97,"column":25}},"97":{"start":{"line":98,"column":0},"end":{"line":98,"column":56}},"98":{"start":{"line":99,"column":0},"end":{"line":99,"column":35}},"99":{"start":{"line":100,"column":0},"end":{"line":100,"column":37}},"100":{"start":{"line":101,"column":0},"end":{"line":101,"column":3}},"102":{"start":{"line":103,"column":0},"end":{"line":103,"column":20}},"103":{"start":{"line":104,"column":0},"end":{"line":104,"column":34}},"104":{"start":{"line":105,"column":0},"end":{"line":105,"column":3}},"105":{"start":{"line":106,"column":0},"end":{"line":106,"column":1}},"107":{"start":{"line":108,"column":0},"end":{"line":108,"column":26}},"108":{"start":{"line":109,"column":0},"end":{"line":109,"column":28}}},"s":{"0":1,"1":1,"2":1,"3":1,"4":1,"5":1,"6":1,"8":1,"9":1,"10":1,"12":1,"18":1,"19":13,"20":13,"21":13,"22":13,"23":13,"25":13,"27":13,"28":13,"29":13,"30":13,"31":13,"32":13,"33":13,"35":13,"36":13,"37":13,"39":13,"40":13,"42":13,"43":13,"44":13,"46":13,"47":13,"48":13,"49":13,"51":1,"52":26,"53":26,"54":26,"55":26,"57":26,"58":26,"60":26,"61":0,"62":0,"63":0,"64":0,"65":0,"66":0,"68":26,"69":26,"71":1,"72":13,"73":13,"74":13,"75":13,"76":13,"77":13,"78":13,"80":13,"81":0,"82":0,"83":0,"84":0,"86":13,"87":13,"89":1,"90":13,"91":13,"92":13,"93":13,"94":13,"96":1,"97":22,"98":22,"99":22,"100":22,"102":1,"103":2,"104":2,"105":1,"107":1,"108":1},"branchMap":{"0":{"type":"branch","line":19,"loc":{"start":{"line":19,"column":2},"end":{"line":50,"column":3}},"locations":[{"start":{"line":19,"column":2},"end":{"line":50,"column":3}}]},"1":{"type":"branch","line":37,"loc":{"start":{"line":37,"column":18},"end":{"line":37,"column":47}},"locations":[{"start":{"line":37,"column":18},"end":{"line":37,"column":47}}]},"2":{"type":"branch","line":37,"loc":{"start":{"line":37,"column":22},"end":{"line":37,"column":70}},"locations":[{"start":{"line":37,"column":22},"end":{"line":37,"column":70}}]},"3":{"type":"branch","line":38,"loc":{"start":{"line":38,"column":32},"end":{"line":38,"column":59}},"locations":[{"start":{"line":38,"column":32},"end":{"line":38,"column":59}}]},"4":{"type":"branch","line":38,"loc":{"start":{"line":38,"column":36},"end":{"line":38,"column":80}},"locations":[{"start":{"line":38,"column":36},"end":{"line":38,"column":80}}]},"5":{"type":"branch","line":41,"loc":{"start":{"line":41,"column":46},"end":{"line":41,"column":63}},"locations":[{"start":{"line":41,"column":46},"end":{"line":41,"column":63}}]},"6":{"type":"branch","line":52,"loc":{"start":{"line":52,"column":10},"end":{"line":70,"column":3}},"locations":[{"start":{"line":52,"column":10},"end":{"line":70,"column":3}}]},"7":{"type":"branch","line":54,"loc":{"start":{"line":54,"column":15},"end":{"line":54,"column":50}},"locations":[{"start":{"line":54,"column":15},"end":{"line":54,"column":50}}]},"8":{"type":"branch","line":54,"loc":{"start":{"line":54,"column":32},"end":{"line":54,"column":71}},"locations":[{"start":{"line":54,"column":32},"end":{"line":54,"column":71}}]},"9":{"type":"branch","line":56,"loc":{"start":{"line":56,"column":17},"end":{"line":56,"column":59}},"locations":[{"start":{"line":56,"column":17},"end":{"line":56,"column":59}}]},"10":{"type":"branch","line":61,"loc":{"start":{"line":61,"column":69},"end":{"line":67,"column":5}},"locations":[{"start":{"line":61,"column":69},"end":{"line":67,"column":5}}]},"11":{"type":"branch","line":72,"loc":{"start":{"line":72,"column":10},"end":{"line":88,"column":3}},"locations":[{"start":{"line":72,"column":10},"end":{"line":88,"column":3}}]},"12":{"type":"branch","line":81,"loc":{"start":{"line":81,"column":68},"end":{"line":85,"column":5}},"locations":[{"start":{"line":81,"column":68},"end":{"line":85,"column":5}}]},"13":{"type":"branch","line":90,"loc":{"start":{"line":90,"column":10},"end":{"line":95,"column":3}},"locations":[{"start":{"line":90,"column":10},"end":{"line":95,"column":3}}]},"14":{"type":"branch","line":97,"loc":{"start":{"line":97,"column":9},"end":{"line":101,"column":3}},"locations":[{"start":{"line":97,"column":9},"end":{"line":101,"column":3}}]},"15":{"type":"branch","line":103,"loc":{"start":{"line":103,"column":9},"end":{"line":105,"column":3}},"locations":[{"start":{"line":103,"column":9},"end":{"line":105,"column":3}}]}},"b":{"0":[13],"1":[9],"2":[4],"3":[9],"4":[4],"5":[10],"6":[26],"7":[13],"8":[13],"9":[0],"10":[0],"11":[13],"12":[0],"13":[13],"14":[22],"15":[2]},"fnMap":{"0":{"name":"GlslCanvas","decl":{"start":{"line":19,"column":2},"end":{"line":50,"column":3}},"loc":{"start":{"line":19,"column":2},"end":{"line":50,"column":3}},"line":19},"1":{"name":"compileShader","decl":{"start":{"line":52,"column":10},"end":{"line":70,"column":3}},"loc":{"start":{"line":52,"column":10},"end":{"line":70,"column":3}},"line":52},"2":{"name":"createProgram","decl":{"start":{"line":72,"column":10},"end":{"line":88,"column":3}},"loc":{"start":{"line":72,"column":10},"end":{"line":88,"column":3}},"line":72},"3":{"name":"createBuffer","decl":{"start":{"line":90,"column":10},"end":{"line":95,"column":3}},"loc":{"start":{"line":90,"column":10},"end":{"line":95,"column":3}},"line":90},"4":{"name":"resizeCanvas","decl":{"start":{"line":97,"column":9},"end":{"line":101,"column":3}},"loc":{"start":{"line":97,"column":9},"end":{"line":101,"column":3}},"line":97},"5":{"name":"destroy","decl":{"start":{"line":103,"column":9},"end":{"line":105,"column":3}},"loc":{"start":{"line":103,"column":9},"end":{"line":105,"column":3}},"line":103}},"f":{"0":13,"1":26,"2":13,"3":13,"4":22,"5":2}}
,"/Users/andystewart/Development/shdr/src/index.ts": {"path":"/Users/andystewart/Development/shdr/src/index.ts","all":false,"statementMap":{"0":{"start":{"line":1,"column":0},"end":{"line":1,"column":52}},"1":{"start":{"line":2,"column":0},"end":{"line":2,"column":61}},"3":{"start":{"line":4,"column":0},"end":{"line":4,"column":59}},"14":{"start":{"line":15,"column":0},"end":{"line":15,"column":46}},"15":{"start":{"line":16,"column":0},"end":{"line":16,"column":28}},"16":{"start":{"line":17,"column":0},"end":{"line":17,"column":45}},"17":{"start":{"line":18,"column":0},"end":{"line":18,"column":55}},"18":{"start":{"line":19,"column":0},"end":{"line":19,"column":38}},"19":{"start":{"line":20,"column":0},"end":{"line":20,"column":42}},"20":{"start":{"line":21,"column":0},"end":{"line":21,"column":47}},"21":{"start":{"line":22,"column":0},"end":{"line":22,"column":37}},"22":{"start":{"line":23,"column":0},"end":{"line":23,"column":38}},"25":{"start":{"line":26,"column":0},"end":{"line":26,"column":15}},"26":{"start":{"line":27,"column":0},"end":{"line":27,"column":14}},"27":{"start":{"line":28,"column":0},"end":{"line":28,"column":9}},"28":{"start":{"line":29,"column":0},"end":{"line":29,"column":18}},"29":{"start":{"line":30,"column":0},"end":{"line":30,"column":24}},"30":{"start":{"line":31,"column":0},"end":{"line":31,"column":26}},"31":{"start":{"line":32,"column":0},"end":{"line":32,"column":18}},"32":{"start":{"line":33,"column":0},"end":{"line":33,"column":28}},"33":{"start":{"line":34,"column":0},"end":{"line":34,"column":38}},"34":{"start":{"line":35,"column":0},"end":{"line":35,"column":39}},"35":{"start":{"line":36,"column":0},"end":{"line":36,"column":14}},"36":{"start":{"line":37,"column":0},"end":{"line":37,"column":19}},"37":{"start":{"line":38,"column":0},"end":{"line":38,"column":15}},"38":{"start":{"line":39,"column":0},"end":{"line":39,"column":20}},"39":{"start":{"line":40,"column":0},"end":{"line":40,"column":17}},"40":{"start":{"line":41,"column":0},"end":{"line":41,"column":6}},"42":{"start":{"line":43,"column":0},"end":{"line":43,"column":24}},"43":{"start":{"line":44,"column":0},"end":{"line":44,"column":29}},"44":{"start":{"line":45,"column":0},"end":{"line":45,"column":3}},"46":{"start":{"line":47,"column":0},"end":{"line":47,"column":45}},"48":{"start":{"line":49,"column":0},"end":{"line":49,"column":40}},"50":{"start":{"line":51,"column":0},"end":{"line":51,"column":44}},"51":{"start":{"line":52,"column":0},"end":{"line":52,"column":31}},"54":{"start":{"line":55,"column":0},"end":{"line":55,"column":78}},"55":{"start":{"line":56,"column":0},"end":{"line":56,"column":16}},"57":{"start":{"line":58,"column":0},"end":{"line":58,"column":60}},"58":{"start":{"line":59,"column":0},"end":{"line":59,"column":61}},"59":{"start":{"line":60,"column":0},"end":{"line":60,"column":80}},"60":{"start":{"line":61,"column":0},"end":{"line":61,"column":5}},"61":{"start":{"line":62,"column":0},"end":{"line":62,"column":80}},"62":{"start":{"line":63,"column":0},"end":{"line":63,"column":17}},"63":{"start":{"line":64,"column":0},"end":{"line":64,"column":77}},"64":{"start":{"line":65,"column":0},"end":{"line":65,"column":5}},"67":{"start":{"line":68,"column":0},"end":{"line":68,"column":40}},"70":{"start":{"line":71,"column":0},"end":{"line":71,"column":74}},"72":{"start":{"line":73,"column":0},"end":{"line":73,"column":15}},"73":{"start":{"line":74,"column":0},"end":{"line":74,"column":64}},"74":{"start":{"line":75,"column":0},"end":{"line":75,"column":5}},"75":{"start":{"line":76,"column":0},"end":{"line":76,"column":3}},"77":{"start":{"line":78,"column":0},"end":{"line":78,"column":26}},"78":{"start":{"line":79,"column":0},"end":{"line":79,"column":25}},"80":{"start":{"line":81,"column":0},"end":{"line":81,"column":60}},"81":{"start":{"line":82,"column":0},"end":{"line":82,"column":62}},"83":{"start":{"line":84,"column":0},"end":{"line":84,"column":19}},"84":{"start":{"line":85,"column":0},"end":{"line":85,"column":19}},"85":{"start":{"line":86,"column":0},"end":{"line":86,"column":86}},"86":{"start":{"line":87,"column":0},"end":{"line":87,"column":8}},"87":{"start":{"line":88,"column":0},"end":{"line":88,"column":13}},"88":{"start":{"line":89,"column":0},"end":{"line":89,"column":5}},"90":{"start":{"line":91,"column":0},"end":{"line":91,"column":66}},"91":{"start":{"line":92,"column":0},"end":{"line":92,"column":79}},"93":{"start":{"line":94,"column":0},"end":{"line":94,"column":44}},"94":{"start":{"line":95,"column":0},"end":{"line":95,"column":3}},"96":{"start":{"line":97,"column":0},"end":{"line":97,"column":31}},"97":{"start":{"line":98,"column":0},"end":{"line":98,"column":39}},"99":{"start":{"line":100,"column":0},"end":{"line":100,"column":33}},"100":{"start":{"line":101,"column":0},"end":{"line":101,"column":18}},"101":{"start":{"line":102,"column":0},"end":{"line":102,"column":18}},"102":{"start":{"line":103,"column":0},"end":{"line":103,"column":57}},"103":{"start":{"line":104,"column":0},"end":{"line":104,"column":53}},"104":{"start":{"line":105,"column":0},"end":{"line":105,"column":83}},"105":{"start":{"line":106,"column":0},"end":{"line":106,"column":8}},"106":{"start":{"line":107,"column":0},"end":{"line":107,"column":16}},"107":{"start":{"line":108,"column":0},"end":{"line":108,"column":6}},"109":{"start":{"line":110,"column":0},"end":{"line":110,"column":33}},"110":{"start":{"line":111,"column":0},"end":{"line":111,"column":18}},"111":{"start":{"line":112,"column":0},"end":{"line":112,"column":18}},"112":{"start":{"line":113,"column":0},"end":{"line":113,"column":54}},"113":{"start":{"line":114,"column":0},"end":{"line":114,"column":57}},"114":{"start":{"line":115,"column":0},"end":{"line":115,"column":47}},"115":{"start":{"line":116,"column":0},"end":{"line":116,"column":77}},"116":{"start":{"line":117,"column":0},"end":{"line":117,"column":8}},"117":{"start":{"line":118,"column":0},"end":{"line":118,"column":16}},"118":{"start":{"line":119,"column":0},"end":{"line":119,"column":6}},"121":{"start":{"line":122,"column":0},"end":{"line":122,"column":52}},"122":{"start":{"line":123,"column":0},"end":{"line":123,"column":26}},"123":{"start":{"line":124,"column":0},"end":{"line":124,"column":7}},"124":{"start":{"line":125,"column":0},"end":{"line":125,"column":48}},"125":{"start":{"line":126,"column":0},"end":{"line":126,"column":3}},"127":{"start":{"line":128,"column":0},"end":{"line":128,"column":28}},"128":{"start":{"line":129,"column":0},"end":{"line":129,"column":29}},"130":{"start":{"line":131,"column":0},"end":{"line":131,"column":39}},"131":{"start":{"line":132,"column":0},"end":{"line":132,"column":70}},"132":{"start":{"line":133,"column":0},"end":{"line":133,"column":33}},"133":{"start":{"line":134,"column":0},"end":{"line":134,"column":12}},"134":{"start":{"line":135,"column":0},"end":{"line":135,"column":47}},"135":{"start":{"line":136,"column":0},"end":{"line":136,"column":5}},"137":{"start":{"line":138,"column":0},"end":{"line":138,"column":34}},"138":{"start":{"line":139,"column":0},"end":{"line":139,"column":41}},"139":{"start":{"line":140,"column":0},"end":{"line":140,"column":5}},"141":{"start":{"line":142,"column":0},"end":{"line":142,"column":47}},"142":{"start":{"line":143,"column":0},"end":{"line":143,"column":56}},"143":{"start":{"line":144,"column":0},"end":{"line":144,"column":29}},"144":{"start":{"line":145,"column":0},"end":{"line":145,"column":9}},"145":{"start":{"line":146,"column":0},"end":{"line":146,"column":5}},"147":{"start":{"line":148,"column":0},"end":{"line":148,"column":15}},"148":{"start":{"line":149,"column":0},"end":{"line":149,"column":70}},"149":{"start":{"line":150,"column":0},"end":{"line":150,"column":12}},"150":{"start":{"line":151,"column":0},"end":{"line":151,"column":43}},"151":{"start":{"line":152,"column":0},"end":{"line":152,"column":5}},"152":{"start":{"line":153,"column":0},"end":{"line":153,"column":3}},"154":{"start":{"line":155,"column":0},"end":{"line":155,"column":18}},"155":{"start":{"line":156,"column":0},"end":{"line":156,"column":62}},"157":{"start":{"line":158,"column":0},"end":{"line":158,"column":44}},"159":{"start":{"line":160,"column":0},"end":{"line":160,"column":37}},"160":{"start":{"line":161,"column":0},"end":{"line":161,"column":22}},"162":{"start":{"line":163,"column":0},"end":{"line":163,"column":47}},"163":{"start":{"line":164,"column":0},"end":{"line":164,"column":56}},"164":{"start":{"line":165,"column":0},"end":{"line":165,"column":30}},"165":{"start":{"line":166,"column":0},"end":{"line":166,"column":9}},"166":{"start":{"line":167,"column":0},"end":{"line":167,"column":5}},"167":{"start":{"line":168,"column":0},"end":{"line":168,"column":3}},"169":{"start":{"line":170,"column":0},"end":{"line":170,"column":59}},"170":{"start":{"line":171,"column":0},"end":{"line":171,"column":43}},"172":{"start":{"line":173,"column":0},"end":{"line":173,"column":26}},"173":{"start":{"line":174,"column":0},"end":{"line":174,"column":37}},"174":{"start":{"line":175,"column":0},"end":{"line":175,"column":13}},"175":{"start":{"line":176,"column":0},"end":{"line":176,"column":5}},"177":{"start":{"line":178,"column":0},"end":{"line":178,"column":54}},"178":{"start":{"line":179,"column":0},"end":{"line":179,"column":3}},"180":{"start":{"line":181,"column":0},"end":{"line":181,"column":20}},"181":{"start":{"line":182,"column":0},"end":{"line":182,"column":20}},"182":{"start":{"line":183,"column":0},"end":{"line":183,"column":26}},"183":{"start":{"line":184,"column":0},"end":{"line":184,"column":28}},"184":{"start":{"line":185,"column":0},"end":{"line":185,"column":51}},"185":{"start":{"line":186,"column":0},"end":{"line":186,"column":38}},"186":{"start":{"line":187,"column":0},"end":{"line":187,"column":3}},"188":{"start":{"line":189,"column":0},"end":{"line":189,"column":16}},"189":{"start":{"line":190,"column":0},"end":{"line":190,"column":31}},"190":{"start":{"line":191,"column":0},"end":{"line":191,"column":3}},"192":{"start":{"line":193,"column":0},"end":{"line":193,"column":18}},"193":{"start":{"line":194,"column":0},"end":{"line":194,"column":66}},"194":{"start":{"line":195,"column":0},"end":{"line":195,"column":53}},"195":{"start":{"line":196,"column":0},"end":{"line":196,"column":80}},"196":{"start":{"line":197,"column":0},"end":{"line":197,"column":21}},"197":{"start":{"line":198,"column":0},"end":{"line":198,"column":20}},"198":{"start":{"line":199,"column":0},"end":{"line":199,"column":20}},"199":{"start":{"line":200,"column":0},"end":{"line":200,"column":20}},"200":{"start":{"line":201,"column":0},"end":{"line":201,"column":70}},"201":{"start":{"line":202,"column":0},"end":{"line":202,"column":46}},"202":{"start":{"line":203,"column":0},"end":{"line":203,"column":21}},"203":{"start":{"line":204,"column":0},"end":{"line":204,"column":64}},"204":{"start":{"line":205,"column":0},"end":{"line":205,"column":41}},"205":{"start":{"line":206,"column":0},"end":{"line":206,"column":21}},"206":{"start":{"line":207,"column":0},"end":{"line":207,"column":22}},"207":{"start":{"line":208,"column":0},"end":{"line":208,"column":65}},"208":{"start":{"line":209,"column":0},"end":{"line":209,"column":41}},"209":{"start":{"line":210,"column":0},"end":{"line":210,"column":16}},"210":{"start":{"line":211,"column":0},"end":{"line":211,"column":67}},"211":{"start":{"line":212,"column":0},"end":{"line":212,"column":31}},"212":{"start":{"line":213,"column":0},"end":{"line":213,"column":7}},"213":{"start":{"line":214,"column":0},"end":{"line":214,"column":7}},"214":{"start":{"line":215,"column":0},"end":{"line":215,"column":50}},"215":{"start":{"line":216,"column":0},"end":{"line":216,"column":3}},"217":{"start":{"line":218,"column":0},"end":{"line":218,"column":30}},"218":{"start":{"line":219,"column":0},"end":{"line":219,"column":42}},"219":{"start":{"line":220,"column":0},"end":{"line":220,"column":33}},"220":{"start":{"line":221,"column":0},"end":{"line":221,"column":3}},"221":{"start":{"line":222,"column":0},"end":{"line":222,"column":1}}},"s":{"0":1,"1":1,"3":1,"14":1,"15":1,"16":1,"17":1,"18":1,"19":1,"20":1,"21":1,"22":1,"25":1,"26":10,"27":10,"28":10,"29":10,"30":10,"31":10,"32":10,"33":10,"34":10,"35":10,"36":10,"37":10,"38":10,"39":10,"40":10,"42":10,"43":10,"44":10,"46":1,"48":178,"50":162,"51":162,"54":162,"55":162,"57":162,"58":162,"59":162,"60":162,"61":162,"62":162,"63":162,"64":162,"67":162,"70":162,"72":178,"73":157,"74":157,"75":178,"77":1,"78":21,"80":21,"81":21,"83":21,"84":0,"85":0,"86":0,"87":0,"88":0,"90":21,"91":21,"93":21,"94":21,"96":1,"97":10,"99":10,"100":10,"101":10,"102":0,"103":0,"104":0,"105":0,"106":10,"107":10,"109":10,"110":10,"111":10,"112":0,"113":0,"114":0,"115":0,"116":0,"117":10,"118":10,"121":10,"122":11,"123":10,"124":10,"125":10,"127":1,"128":3,"130":3,"131":0,"132":0,"133":3,"134":3,"135":3,"137":3,"138":3,"139":3,"141":3,"142":0,"143":0,"144":0,"145":0,"147":3,"148":3,"149":3,"150":0,"151":0,"152":3,"154":1,"155":1,"157":1,"159":1,"160":1,"162":1,"163":0,"164":0,"165":0,"166":0,"167":1,"169":1,"170":1,"172":1,"173":0,"174":0,"175":0,"177":1,"178":1,"180":1,"181":1,"182":1,"183":1,"184":1,"185":1,"186":1,"188":1,"189":6,"190":6,"192":1,"193":10,"194":10,"195":10,"196":31,"197":31,"198":31,"199":31,"200":20,"201":20,"202":31,"203":0,"204":0,"205":31,"206":31,"207":0,"208":0,"209":31,"210":11,"211":11,"212":31,"213":10,"214":10,"215":10,"217":1,"218":0,"219":0,"220":0,"221":1},"branchMap":{"0":{"type":"branch","line":26,"loc":{"start":{"line":26,"column":2},"end":{"line":45,"column":3}},"locations":[{"start":{"line":26,"column":2},"end":{"line":45,"column":3}}]},"1":{"type":"branch","line":47,"loc":{"start":{"line":47,"column":10},"end":{"line":76,"column":3}},"locations":[{"start":{"line":47,"column":10},"end":{"line":76,"column":3}}]},"2":{"type":"branch","line":49,"loc":{"start":{"line":49,"column":33},"end":{"line":49,"column":40}},"locations":[{"start":{"line":49,"column":33},"end":{"line":49,"column":40}}]},"3":{"type":"branch","line":49,"loc":{"start":{"line":49,"column":33},"end":{"line":73,"column":14}},"locations":[{"start":{"line":49,"column":33},"end":{"line":73,"column":14}}]},"4":{"type":"branch","line":73,"loc":{"start":{"line":73,"column":14},"end":{"line":75,"column":5}},"locations":[{"start":{"line":73,"column":14},"end":{"line":75,"column":5}}]},"5":{"type":"branch","line":74,"loc":{"start":{"line":74,"column":41},"end":{"line":74,"column":62}},"locations":[{"start":{"line":74,"column":41},"end":{"line":74,"column":62}}]},"6":{"type":"branch","line":78,"loc":{"start":{"line":78,"column":10},"end":{"line":95,"column":3}},"locations":[{"start":{"line":78,"column":10},"end":{"line":95,"column":3}}]},"7":{"type":"branch","line":82,"loc":{"start":{"line":82,"column":52},"end":{"line":82,"column":62}},"locations":[{"start":{"line":82,"column":52},"end":{"line":82,"column":62}}]},"8":{"type":"branch","line":84,"loc":{"start":{"line":84,"column":18},"end":{"line":89,"column":5}},"locations":[{"start":{"line":84,"column":18},"end":{"line":89,"column":5}}]},"9":{"type":"branch","line":97,"loc":{"start":{"line":97,"column":10},"end":{"line":126,"column":3}},"locations":[{"start":{"line":97,"column":10},"end":{"line":126,"column":3}}]},"10":{"type":"branch","line":122,"loc":{"start":{"line":122,"column":45},"end":{"line":124,"column":5}},"locations":[{"start":{"line":122,"column":45},"end":{"line":124,"column":5}}]},"11":{"type":"branch","line":128,"loc":{"start":{"line":128,"column":9},"end":{"line":153,"column":3}},"locations":[{"start":{"line":128,"column":9},"end":{"line":153,"column":3}}]},"12":{"type":"branch","line":129,"loc":{"start":{"line":129,"column":22},"end":{"line":129,"column":29}},"locations":[{"start":{"line":129,"column":22},"end":{"line":129,"column":29}}]},"13":{"type":"branch","line":131,"loc":{"start":{"line":131,"column":38},"end":{"line":134,"column":11}},"locations":[{"start":{"line":131,"column":38},"end":{"line":134,"column":11}}]},"14":{"type":"branch","line":142,"loc":{"start":{"line":142,"column":46},"end":{"line":146,"column":5}},"locations":[{"start":{"line":142,"column":46},"end":{"line":146,"column":5}}]},"15":{"type":"branch","line":150,"loc":{"start":{"line":150,"column":4},"end":{"line":152,"column":5}},"locations":[{"start":{"line":150,"column":4},"end":{"line":152,"column":5}}]},"16":{"type":"branch","line":149,"loc":{"start":{"line":149,"column":41},"end":{"line":149,"column":68}},"locations":[{"start":{"line":149,"column":41},"end":{"line":149,"column":68}}]},"17":{"type":"branch","line":155,"loc":{"start":{"line":155,"column":9},"end":{"line":168,"column":3}},"locations":[{"start":{"line":155,"column":9},"end":{"line":168,"column":3}}]},"18":{"type":"branch","line":156,"loc":{"start":{"line":156,"column":55},"end":{"line":156,"column":62}},"locations":[{"start":{"line":156,"column":55},"end":{"line":156,"column":62}}]},"19":{"type":"branch","line":163,"loc":{"start":{"line":163,"column":46},"end":{"line":167,"column":5}},"locations":[{"start":{"line":163,"column":46},"end":{"line":167,"column":5}}]},"20":{"type":"branch","line":170,"loc":{"start":{"line":170,"column":9},"end":{"line":179,"column":3}},"locations":[{"start":{"line":170,"column":9},"end":{"line":179,"column":3}}]},"21":{"type":"branch","line":173,"loc":{"start":{"line":173,"column":25},"end":{"line":176,"column":5}},"locations":[{"start":{"line":173,"column":25},"end":{"line":176,"column":5}}]},"22":{"type":"branch","line":181,"loc":{"start":{"line":181,"column":9},"end":{"line":187,"column":3}},"locations":[{"start":{"line":181,"column":9},"end":{"line":187,"column":3}}]},"23":{"type":"branch","line":189,"loc":{"start":{"line":189,"column":2},"end":{"line":191,"column":3}},"locations":[{"start":{"line":189,"column":2},"end":{"line":191,"column":3}}]},"24":{"type":"branch","line":193,"loc":{"start":{"line":193,"column":2},"end":{"line":216,"column":3}},"locations":[{"start":{"line":193,"column":2},"end":{"line":216,"column":3}}]},"25":{"type":"branch","line":196,"loc":{"start":{"line":196,"column":47},"end":{"line":214,"column":5}},"locations":[{"start":{"line":196,"column":47},"end":{"line":214,"column":5}}]},"26":{"type":"branch","line":198,"loc":{"start":{"line":198,"column":8},"end":{"line":198,"column":20}},"locations":[{"start":{"line":198,"column":8},"end":{"line":198,"column":20}}]},"27":{"type":"branch","line":199,"loc":{"start":{"line":199,"column":8},"end":{"line":199,"column":20}},"locations":[{"start":{"line":199,"column":8},"end":{"line":199,"column":20}}]},"28":{"type":"branch","line":200,"loc":{"start":{"line":200,"column":8},"end":{"line":202,"column":46}},"locations":[{"start":{"line":200,"column":8},"end":{"line":202,"column":46}}]},"29":{"type":"branch","line":203,"loc":{"start":{"line":203,"column":8},"end":{"line":205,"column":41}},"locations":[{"start":{"line":203,"column":8},"end":{"line":205,"column":41}}]},"30":{"type":"branch","line":206,"loc":{"start":{"line":206,"column":8},"end":{"line":206,"column":21}},"locations":[{"start":{"line":206,"column":8},"end":{"line":206,"column":21}}]},"31":{"type":"branch","line":207,"loc":{"start":{"line":207,"column":8},"end":{"line":209,"column":41}},"locations":[{"start":{"line":207,"column":8},"end":{"line":209,"column":41}}]},"32":{"type":"branch","line":210,"loc":{"start":{"line":210,"column":8},"end":{"line":212,"column":31}},"locations":[{"start":{"line":210,"column":8},"end":{"line":212,"column":31}}]},"33":{"type":"branch","line":213,"loc":{"start":{"line":213,"column":6},"end":{"line":213,"column":7}},"locations":[{"start":{"line":213,"column":6},"end":{"line":213,"column":7}}]}},"b":{"0":[10],"1":[178],"2":[16],"3":[162],"4":[157],"5":[155],"6":[21],"7":[0],"8":[0],"9":[10],"10":[11],"11":[3],"12":[0],"13":[0],"14":[0],"15":[0],"16":[2],"17":[1],"18":[0],"19":[0],"20":[1],"21":[0],"22":[1],"23":[6],"24":[10],"25":[31],"26":[20],"27":[20],"28":[20],"29":[0],"30":[0],"31":[0],"32":[11],"33":[0]},"fnMap":{"0":{"name":"Shdr","decl":{"start":{"line":26,"column":2},"end":{"line":45,"column":3}},"loc":{"start":{"line":26,"column":2},"end":{"line":45,"column":3}},"line":26},"1":{"name":"render","decl":{"start":{"line":47,"column":10},"end":{"line":76,"column":3}},"loc":{"start":{"line":47,"column":10},"end":{"line":76,"column":3}},"line":47},"2":{"name":"handleResize","decl":{"start":{"line":78,"column":10},"end":{"line":95,"column":3}},"loc":{"start":{"line":78,"column":10},"end":{"line":95,"column":3}},"line":78},"3":{"name":"addEventListeners","decl":{"start":{"line":97,"column":10},"end":{"line":126,"column":3}},"loc":{"start":{"line":97,"column":10},"end":{"line":126,"column":3}},"line":97},"4":{"name":"canvas.addEventListener.signal.signal","decl":{"start":{"line":102,"column":6},"end":{"line":106,"column":8}},"loc":{"start":{"line":102,"column":6},"end":{"line":106,"column":8}},"line":102},"5":{"name":"canvas.addEventListener.signal.signal","decl":{"start":{"line":112,"column":6},"end":{"line":117,"column":8}},"loc":{"start":{"line":112,"column":6},"end":{"line":117,"column":8}},"line":112},"6":{"name":"play","decl":{"start":{"line":128,"column":9},"end":{"line":153,"column":3}},"loc":{"start":{"line":128,"column":9},"end":{"line":153,"column":3}},"line":128},"7":{"name":"pause","decl":{"start":{"line":155,"column":9},"end":{"line":168,"column":3}},"loc":{"start":{"line":155,"column":9},"end":{"line":168,"column":3}},"line":155},"8":{"name":"updateUniform","decl":{"start":{"line":170,"column":9},"end":{"line":179,"column":3}},"loc":{"start":{"line":170,"column":9},"end":{"line":179,"column":3}},"line":170},"9":{"name":"destroy","decl":{"start":{"line":181,"column":9},"end":{"line":187,"column":3}},"loc":{"start":{"line":181,"column":9},"end":{"line":187,"column":3}},"line":181},"10":{"name":"get paused","decl":{"start":{"line":189,"column":2},"end":{"line":191,"column":3}},"loc":{"start":{"line":189,"column":2},"end":{"line":191,"column":3}},"line":189},"11":{"name":"get uniforms","decl":{"start":{"line":193,"column":2},"end":{"line":216,"column":3}},"loc":{"start":{"line":193,"column":2},"end":{"line":216,"column":3}},"line":193},"12":{"name":"set onLoad","decl":{"start":{"line":218,"column":2},"end":{"line":221,"column":3}},"loc":{"start":{"line":218,"column":2},"end":{"line":221,"column":3}},"line":218}},"f":{"0":10,"1":178,"2":21,"3":10,"4":0,"5":0,"6":3,"7":1,"8":1,"9":1,"10":6,"11":10,"12":0}}
,"/Users/andystewart/Development/shdr/src/shaders.ts": {"path":"/Users/andystewart/Development/shdr/src/shaders.ts","all":false,"statementMap":{"0":{"start":{"line":1,"column":0},"end":{"line":1,"column":30}},"7":{"start":{"line":8,"column":0},"end":{"line":8,"column":45}},"14":{"start":{"line":15,"column":0},"end":{"line":15,"column":32}},"36":{"start":{"line":37,"column":0},"end":{"line":37,"column":47}},"58":{"start":{"line":59,"column":0},"end":{"line":59,"column":8}},"59":{"start":{"line":60,"column":0},"end":{"line":60,"column":23}},"60":{"start":{"line":61,"column":0},"end":{"line":61,"column":25}},"61":{"start":{"line":62,"column":0},"end":{"line":62,"column":23}},"62":{"start":{"line":63,"column":0},"end":{"line":63,"column":25}}},"s":{"0":1,"7":1,"14":1,"36":1,"58":1,"59":1,"60":1,"61":1,"62":1},"branchMap":{},"b":{},"fnMap":{},"f":{}}
,"/Users/andystewart/Development/shdr/src/types.ts": {"path":"/Users/andystewart/Development/shdr/src/types.ts","all":true,"statementMap":{},"s":{},"branchMap":{"0":{"type":"branch","line":1,"loc":{"start":{"line":1,"column":427},"end":{"line":22,"column":72}},"locations":[{"start":{"line":1,"column":427},"end":{"line":22,"column":72}}]}},"b":{"0":[1]},"fnMap":{"0":{"name":"(empty-report)","decl":{"start":{"line":1,"column":427},"end":{"line":22,"column":72}},"loc":{"start":{"line":1,"column":427},"end":{"line":22,"column":72}},"line":1}},"f":{"0":1}}
,"/Users/andystewart/Development/shdr/src/utils.ts": {"path":"/Users/andystewart/Development/shdr/src/utils.ts","all":false,"statementMap":{"1":{"start":{"line":2,"column":0},"end":{"line":2,"column":56}},"3":{"start":{"line":4,"column":0},"end":{"line":4,"column":48}},"4":{"start":{"line":5,"column":0},"end":{"line":5,"column":41}},"6":{"start":{"line":7,"column":0},"end":{"line":7,"column":50}},"8":{"start":{"line":9,"column":0},"end":{"line":9,"column":12}},"9":{"start":{"line":10,"column":0},"end":{"line":10,"column":1}},"11":{"start":{"line":12,"column":0},"end":{"line":12,"column":23}},"12":{"start":{"line":13,"column":0},"end":{"line":13,"column":29}},"13":{"start":{"line":14,"column":0},"end":{"line":14,"column":47}},"14":{"start":{"line":15,"column":0},"end":{"line":15,"column":3}},"15":{"start":{"line":16,"column":0},"end":{"line":16,"column":49}},"16":{"start":{"line":17,"column":0},"end":{"line":17,"column":47}},"18":{"start":{"line":19,"column":0},"end":{"line":19,"column":17}},"19":{"start":{"line":20,"column":0},"end":{"line":20,"column":76}},"20":{"start":{"line":21,"column":0},"end":{"line":21,"column":10}},"21":{"start":{"line":22,"column":0},"end":{"line":22,"column":72}},"22":{"start":{"line":23,"column":0},"end":{"line":23,"column":3}},"23":{"start":{"line":24,"column":0},"end":{"line":24,"column":1}},"25":{"start":{"line":26,"column":0},"end":{"line":26,"column":26}},"26":{"start":{"line":27,"column":0},"end":{"line":27,"column":29}},"27":{"start":{"line":28,"column":0},"end":{"line":28,"column":46}},"28":{"start":{"line":29,"column":0},"end":{"line":29,"column":3}},"29":{"start":{"line":30,"column":0},"end":{"line":30,"column":64}},"31":{"start":{"line":32,"column":0},"end":{"line":32,"column":37}},"32":{"start":{"line":33,"column":0},"end":{"line":33,"column":10}},"34":{"start":{"line":35,"column":0},"end":{"line":35,"column":73}},"35":{"start":{"line":36,"column":0},"end":{"line":36,"column":73}},"36":{"start":{"line":37,"column":0},"end":{"line":37,"column":70}},"37":{"start":{"line":38,"column":0},"end":{"line":38,"column":3}},"38":{"start":{"line":39,"column":0},"end":{"line":39,"column":1}},"41":{"start":{"line":42,"column":0},"end":{"line":42,"column":45}},"42":{"start":{"line":43,"column":0},"end":{"line":43,"column":50}},"43":{"start":{"line":44,"column":0},"end":{"line":44,"column":1}},"58":{"start":{"line":59,"column":0},"end":{"line":59,"column":60}},"59":{"start":{"line":60,"column":0},"end":{"line":60,"column":36}},"60":{"start":{"line":61,"column":0},"end":{"line":61,"column":31}},"61":{"start":{"line":62,"column":0},"end":{"line":62,"column":60}},"62":{"start":{"line":63,"column":0},"end":{"line":63,"column":38}},"63":{"start":{"line":64,"column":0},"end":{"line":64,"column":60}},"64":{"start":{"line":65,"column":0},"end":{"line":65,"column":38}},"65":{"start":{"line":66,"column":0},"end":{"line":66,"column":61}},"66":{"start":{"line":67,"column":0},"end":{"line":67,"column":66}},"67":{"start":{"line":68,"column":0},"end":{"line":68,"column":72}},"68":{"start":{"line":69,"column":0},"end":{"line":69,"column":67}},"69":{"start":{"line":70,"column":0},"end":{"line":70,"column":68}},"70":{"start":{"line":71,"column":0},"end":{"line":71,"column":12}},"71":{"start":{"line":72,"column":0},"end":{"line":72,"column":75}},"72":{"start":{"line":73,"column":0},"end":{"line":73,"column":5}},"73":{"start":{"line":74,"column":0},"end":{"line":74,"column":38}},"74":{"start":{"line":75,"column":0},"end":{"line":75,"column":53}},"75":{"start":{"line":76,"column":0},"end":{"line":76,"column":70}},"76":{"start":{"line":77,"column":0},"end":{"line":77,"column":51}},"77":{"start":{"line":78,"column":0},"end":{"line":78,"column":12}},"78":{"start":{"line":79,"column":0},"end":{"line":79,"column":14}},"79":{"start":{"line":80,"column":0},"end":{"line":80,"column":21}},"80":{"start":{"line":81,"column":0},"end":{"line":81,"column":60}},"81":{"start":{"line":82,"column":0},"end":{"line":82,"column":8}},"82":{"start":{"line":83,"column":0},"end":{"line":83,"column":5}},"83":{"start":{"line":84,"column":0},"end":{"line":84,"column":43}},"84":{"start":{"line":85,"column":0},"end":{"line":85,"column":58}},"85":{"start":{"line":86,"column":0},"end":{"line":86,"column":44}},"86":{"start":{"line":87,"column":0},"end":{"line":87,"column":57}},"87":{"start":{"line":88,"column":0},"end":{"line":88,"column":10}},"88":{"start":{"line":89,"column":0},"end":{"line":89,"column":73}},"89":{"start":{"line":90,"column":0},"end":{"line":90,"column":3}},"90":{"start":{"line":91,"column":0},"end":{"line":91,"column":1}},"92":{"start":{"line":93,"column":0},"end":{"line":93,"column":56}},"93":{"start":{"line":94,"column":0},"end":{"line":94,"column":71}},"94":{"start":{"line":95,"column":0},"end":{"line":95,"column":1}},"98":{"start":{"line":99,"column":0},"end":{"line":99,"column":77}},"99":{"start":{"line":100,"column":0},"end":{"line":100,"column":29}},"100":{"start":{"line":101,"column":0},"end":{"line":101,"column":31}},"101":{"start":{"line":102,"column":0},"end":{"line":102,"column":10}},"102":{"start":{"line":103,"column":0},"end":{"line":103,"column":64}},"103":{"start":{"line":104,"column":0},"end":{"line":104,"column":32}},"104":{"start":{"line":105,"column":0},"end":{"line":105,"column":3}},"105":{"start":{"line":106,"column":0},"end":{"line":106,"column":1}},"107":{"start":{"line":108,"column":0},"end":{"line":108,"column":8}},"108":{"start":{"line":109,"column":0},"end":{"line":109,"column":13}},"109":{"start":{"line":110,"column":0},"end":{"line":110,"column":16}},"110":{"start":{"line":111,"column":0},"end":{"line":111,"column":19}},"111":{"start":{"line":112,"column":0},"end":{"line":112,"column":17}},"112":{"start":{"line":113,"column":0},"end":{"line":113,"column":16}},"113":{"start":{"line":114,"column":0},"end":{"line":114,"column":20}}},"s":{"1":1,"3":26,"4":26,"6":26,"8":25,"9":25,"11":7,"12":7,"13":7,"14":7,"15":7,"16":7,"18":7,"19":4,"20":6,"21":3,"22":3,"23":7,"25":4,"26":4,"27":4,"28":4,"29":4,"31":1,"32":3,"34":3,"35":3,"36":3,"37":3,"38":4,"41":5,"42":5,"43":5,"58":19,"59":19,"60":10,"61":2,"62":8,"63":2,"64":8,"65":1,"66":6,"67":2,"68":5,"69":1,"70":3,"71":2,"72":2,"73":19,"74":4,"75":3,"76":3,"77":3,"78":1,"79":1,"80":1,"81":1,"82":1,"83":9,"84":4,"85":4,"86":1,"87":1,"88":0,"89":0,"90":19,"92":1,"93":1,"94":1,"98":417,"99":417,"100":405,"101":417,"102":12,"103":12,"104
[...]
nch","line":67,"loc":{"start":{"line":67,"column":65},"end":{"line":69,"column":15}},"locations":[{"start":{"line":67,"column":65},"end":{"line":69,"column":15}}]},"23":{"type":"branch","line":69,"loc":{"start":{"line":69,"column":4},"end":{"line":73,"column":5}},"locations":[{"start":{"line":69,"column":4},"end":{"line":73,"column":5}}]},"24":{"type":"branch","line":69,"loc":{"start":{"line":69,"column":37},"end":{"line":69,"column":66}},"locations":[{"start":{"line":69,"column":37},"end":{"line":69,"column":66}}]},"25":{"type":"branch","line":69,"loc":{"start":{"line":69,"column":66},"end":{"line":71,"column":11}},"locations":[{"start":{"line":69,"column":66},"end":{"line":71,"column":11}}]},"26":{"type":"branch","line":71,"loc":{"start":{"line":71,"column":4},"end":{"line":73,"column":5}},"locations":[{"start":{"line":71,"column":4},"end":{"line":73,"column":5}}]},"27":{"type":"branch","line":74,"loc":{"start":{"line":74,"column":2},"end":{"line":90,"column":3}},"locations":[{"start":{"line":74,"column":2},"end":{"line":90,"column":3}}]},"28":{"type":"branch","line":74,"loc":{"start":{"line":74,"column":37},"end":{"line":84,"column":13}},"locations":[{"start":{"line":74,"column":37},"end":{"line":84,"column":13}}]},"29":{"type":"branch","line":75,"loc":{"start":{"line":75,"column":26},"end":{"line":75,"column":52}},"locations":[{"start":{"line":75,"column":26},"end":{"line":75,"column":52}}]},"30":{"type":"branch","line":75,"loc":{"start":{"line":75,"column":52},"end":{"line":83,"column":5}},"locations":[{"start":{"line":75,"column":52},"end":{"line":83,"column":5}}]},"31":{"type":"branch","line":78,"loc":{"start":{"line":78,"column":4},"end":{"line":83,"column":5}},"locations":[{"start":{"line":78,"column":4},"end":{"line":83,"column":5}}]},"32":{"type":"branch","line":84,"loc":{"start":{"line":84,"column":2},"end":{"line":90,"column":3}},"locations":[{"start":{"line":84,"column":2},"end":{"line":90,"column":3}}]},"33":{"type":"branch","line":84,"loc":{"start":{"line":84,"column":42},"end":{"line":90,"column":3}},"locations":[{"start":{"line":84,"column":42},"end":{"line":90,"column":3}}]},"34":{"type":"branch","line":86,"loc":{"start":{"line":86,"column":2},"end":{"line":90,"column":3}},"locations":[{"start":{"line":86,"column":2},"end":{"line":90,"column":3}}]},"35":{"type":"branch","line":88,"loc":{"start":{"line":88,"column":2},"end":{"line":90,"column":3}},"locations":[{"start":{"line":88,"column":2},"end":{"line":90,"column":3}}]},"36":{"type":"branch","line":93,"loc":{"start":{"line":93,"column":0},"end":{"line":95,"column":1}},"locations":[{"start":{"line":93,"column":0},"end":{"line":95,"column":1}}]},"37":{"type":"branch","line":99,"loc":{"start":{"line":99,"column":0},"end":{"line":106,"column":1}},"locations":[{"start":{"line":99,"column":0},"end":{"line":106,"column":1}}]},"38":{"type":"branch","line":100,"loc":{"start":{"line":100,"column":28},"end":{"line":102,"column":9}},"locations":[{"start":{"line":100,"column":28},"end":{"line":102,"column":9}}]},"39":{"type":"branch","line":102,"loc":{"start":{"line":102,"column":2},"end":{"line":105,"column":3}},"locations":[{"start":{"line":102,"column":2},"end":{"line":105,"column":3}}]}},"b":{"0":[26],"1":[1],"2":[25],"3":[7],"4":[6],"5":[4],"6":[3],"7":[4],"8":[1],"9":[3],"10":[1],"11":[5],"12":[4],"13":[19],"14":[10],"15":[8],"16":[2],"17":[2],"18":[6],"19":[1],"20":[5],"21":[3],"22":[2],"23":[3],"24":[1],"25":[1],"26":[2],"27":[9],"28":[4],"29":[3],"30":[3],"31":[1],"32":[5],"33":[4],"34":[1],"35":[0],"36":[1],"37":[417],"38":[405],"39":[12]},"fnMap":{"0":{"name":"getContext","decl":{"start":{"line":4,"column":0},"end":{"line":10,"column":1}},"loc":{"start":{"line":4,"column":0},"end":{"line":10,"column":1}},"line":4},"1":{"name":"updateTexture","decl":{"start":{"line":12,"column":0},"end":{"line":24,"column":1}},"loc":{"start":{"line":12,"column":0},"end":{"line":24,"column":1}},"line":12},"2":{"name":"setTextureParams","decl":{"start":{"line":26,"column":0},"end":{"line":39,"column":1}},"loc":{"start":{"line":26,"column":0},"end":{"line":39,"column":1}},"line":26},"3":{"name":"isPowerOf2","decl":{"start":{"line":42,"column":0},"end":{"line":44,"column":1}},"loc":{"start":{"line":42,"column":0},"end":{"line":44,"column":1}},"line":42},"4":{"name":"getUniformType","decl":{"start":{"line":59,"column":0},"end":{"line":91,"column":1}},"loc":{"start":{"line":59,"column":0},"end":{"line":91,"column":1}},"line":59},"5":{"name":"setUniformWarning","decl":{"start":{"line":93,"column":0},"end":{"line":95,"column":1}},"loc":{"start":{"line":93,"column":0},"end":{"line":95,"column":1}},"line":93},"6":{"name":"formatUniform","decl":{"start":{"line":99,"column":0},"end":{"line":106,"column":1}},"loc":{"start":{"line":99,"column":0},"end":{"line":106,"column":1}},"line":99}},"f":{"0":26,"1":7,"2":4,"3":5,"4":19,"5":1,"6":417}}
,"/Users/andystewart/Development/shdr/src/validators.ts": {"path":"/Users/andystewart/Development/shdr/src/validators.ts","all":false,"statementMap":{"2":{"start":{"line":3,"column":0},"end":{"line":3,"column":35}},"3":{"start":{"line":4,"column":0},"end":{"line":4,"column":35}},"4":{"start":{"line":5,"column":0},"end":{"line":5,"column":1}},"6":{"start":{"line":7,"column":0},"end":{"line":7,"column":35}},"7":{"start":{"line":8,"column":0},"end":{"line":8,"column":35}},"8":{"start":{"line":9,"column":0},"end":{"line":9,"column":1}},"10":{"start":{"line":11,"column":0},"end":{"line":11,"column":33}},"11":{"start":{"line":12,"column":0},"end":{"line":12,"column":36}},"12":{"start":{"line":13,"column":0},"end":{"line":13,"column":1}},"14":{"start":{"line":15,"column":0},"end":{"line":15,"column":48}},"15":{"start":{"line":16,"column":0},"end":{"line":16,"column":77}},"16":{"start":{"line":17,"column":0},"end":{"line":17,"column":1}},"18":{"start":{"line":19,"column":0},"end":{"line":19,"column":48}},"19":{"start":{"line":20,"column":0},"end":{"line":20,"column":77}},"20":{"start":{"line":21,"column":0},"end":{"line":21,"column":1}},"22":{"start":{"line":23,"column":0},"end":{"line":23,"column":48}},"23":{"start":{"line":24,"column":0},"end":{"line":24,"column":77}},"24":{"start":{"line":25,"column":0},"end":{"line":25,"column":1}},"26":{"start":{"line":27,"column":0},"end":{"line":27,"column":50}},"27":{"start":{"line":28,"column":0},"end":{"line":28,"column":49}},"28":{"start":{"line":29,"column":0},"end":{"line":29,"column":70}},"29":{"start":{"line":30,"column":0},"end":{"line":30,"column":51}},"31":{"start":{"line":32,"column":0},"end":{"line":32,"column":72}},"32":{"start":{"line":33,"column":0},"end":{"line":33,"column":1}},"34":{"start":{"line":35,"column":0},"end":{"line":35,"column":50}},"35":{"start":{"line":36,"column":0},"end":{"line":36,"column":49}},"36":{"start":{"line":37,"column":0},"end":{"line":37,"column":52}},"37":{"start":{"line":38,"column":0},"end":{"line":38,"column":51}},"39":{"start":{"line":40,"column":0},"end":{"line":40,"column":72}},"40":{"start":{"line":41,"column":0},"end":{"line":41,"column":1}},"42":{"start":{"line":43,"column":0},"end":{"line":43,"column":8}},"43":{"start":{"line":44,"column":0},"end":{"line":44,"column":11}},"44":{"start":{"line":45,"column":0},"end":{"line":45,"column":11}},"45":{"start":{"line":46,"column":0},"end":{"line":46,"column":9}},"46":{"start":{"line":47,"column":0},"end":{"line":47,"column":9}},"47":{"start":{"line":48,"column":0},"end":{"line":48,"column":9}},"48":{"start":{"line":49,"column":0},"end":{"line":49,"column":9}},"49":{"start":{"line":50,"column":0},"end":{"line":50,"column":14}},"50":{"start":{"line":51,"column":0},"end":{"line":51,"column":14}}},"s":{"2":105,"3":105,"4":105,"6":16,"7":16,"8":16,"10":11,"11":11,"12":11,"14":23,"15":23,"16":23,"18":19,"19":19,"20":19,"22":20,"23":20,"24":20,"26":50,"27":50,"28":45,"29":45,"31":45,"32":45,"34":45,"35":45,"36":40,"37":40,"39":40,"40":40,"42":1,"43":1,"44":1,"45":1,"46":1,"47":1,"48":1,"49":1,"50":1},"branchMap":{"0":{"type":"branch","line":3,"loc":{"start":{"line":3,"column":0},"end":{"line":5,"column":1}},"locations":[{"start":{"line":3,"column":0},"end":{"line":5,"column":1}}]},"1":{"type":"branch","line":7,"loc":{"start":{"line":7,"column":0},"end":{"line":9,"column":1}},"locations":[{"start":{"line":7,"column":0},"end":{"line":9,"column":1}}]},"2":{"type":"branch","line":11,"loc":{"start":{"line":11,"column":0},"end":{"line":13,"column":1}},"locations":[{"start":{"line":11,"column":0},"end":{"line":13,"column":1}}]},"3":{"type":"branch","line":15,"loc":{"start":{"line":15,"column":0},"end":{"line":17,"column":1}},"locations":[{"start":{"line":15,"column":0},"end":{"line":17,"column":1}}]},"4":{"type":"branch","line":16,"loc":{"start":{"line":16,"column":28},"end":{"line":16,"column":55}},"locations":[{"start":{"line":16,"column":28},"end":{"line":16,"column":55}}]},"5":{"type":"branch","line":16,"loc":{"start":{"line":16,"column":50},"end":{"line":16,"column":77}},"locations":[{"start":{"line":16,"column":50},"end":{"line":16,"column":77}}]},"6":{"type":"branch","line":19,"loc":{"start":{"line":19,"column":0},"end":{"line":21,"column":1}},"locations":[{"start":{"line":19,"column":0},"end":{"line":21,"column":1}}]},"7":{"type":"branch","line":20,"loc":{"start":{"line":20,"column":28},"end":{"line":20,"column":55}},"locations":[{"start":{"line":20,"column":28},"end":{"line":20,"column":55}}]},"8":{"type":"branch","line":20,"loc":{"start":{"line":20,"column":50},"end":{"line":20,"column":77}},"locations":[{"start":{"line":20,"column":50},"end":{"line":20,"column":77}}]},"9":{"type":"branch","line":23,"loc":{"start":{"line":23,"column":0},"end":{"line":25,"column":1}},"locations":[{"start":{"line":23,"column":0},"end":{"line":25,"column":1}}]},"10":{"type":"branch","line":24,"loc":{"start":{"line":24,"column":28},"end":{"line":24,"column":55}},"locations":[{"start":{"line":24,"column":28},"end":{"line":24,"column":55}}]},"11":{"type":"branch","line":24,"loc":{"start":{"line":24,"column":50},"end":{"line":24,"column":77}},"locations":[{"start":{"line":24,"column":50},"end":{"line":24,"column":77}}]},"12":{"type":"branch","line":27,"loc":{"start":{"line":27,"column":0},"end":{"line":33,"column":1}},"locations":[{"start":{"line":27,"column":0},"end":{"line":33,"column":1}}]},"13":{"type":"branch","line":28,"loc":{"start":{"line":28,"column":36},"end":{"line":28,"column":49}},"locations":[{"start":{"line":28,"column":36},"end":{"line":28,"column":49}}]},"14":{"type":"branch","line":28,"loc":{"start":{"line":28,"column":43},"end":{"line":33,"column":1}},"locations":[{"start":{"line":28,"column":43},"end":{"line":33,"column":1}}]},"15":{"type":"branch","line":32,"loc":{"start":{"line":32,"column":30},"end":{"line":32,"column":70}},"locations":[{"start":{"line":32,"column":30},"end":{"line":32,"column":70}}]},"16":{"type":"branch","line":35,"loc":{"start":{"line":35,"column":0},"end":{"line":41,"column":1}},"locations":[{"start":{"line":35,"column":0},"end":{"line":41,"column":1}}]},"17":{"type":"branch","line":36,"loc":{"start":{"line":36,"column":36},"end":{"line":36,"column":49}},"locations":[{"start":{"line":36,"column":36},"end":{"line":36,"column":49}}]},"18":{"type":"branch","line":36,"loc":{"start":{"line":36,"column":43},"end":{"line":41,"column":1}},"locations":[{"start":{"line":36,"column":43},"end":{"line":41,"column":1}}]},"19":{"type":"branch","line":40,"loc":{"start":{"line":40,"column":30},"end":{"line":40,"column":70}},"locations":[{"start":{"line":40,"column":30},"end":{"line":40,"column":70}}]}},"b":{"0":[105],"1":[16],"2":[11],"3":[23],"4":[18],"5":[14],"6":[19],"7":[15],"8":[11],"9":[20],"10":[16],"11":[11],"12":[50],"13":[5],"14":[45],"15":[175],"16":[45],"17":[5],"18":[40],"19":[96]},"fnMap":{"0":{"name":"isNumber","decl":{"start":{"line":3,"column":0},"end":{"line":5,"column":1}},"loc":{"start":{"line":3,"column":0},"end":{"line":5,"column":1}},"line":3},"1":{"name":"isString","decl":{"start":{"line":7,"column":0},"end":{"line":9,"column":1}},"loc":{"start":{"line":7,"column":0},"end":{"line":9,"column":1}},"line":7},"2":{"name":"isBool","decl":{"start":{"line":11,"column":0},"end":{"line":13,"column":1}},"loc":{"start":{"line":11,"column":0},"end":{"line":13,"column":1}},"line":11},"3":{"name":"isVec2","decl":{"start":{"line":15,"column":0},"end":{"line":17,"column":1}},"loc":{"start":{"line":15,"column":0},"end":{"line":17,"column":1}},"line":15},"4":{"name":"isVec3","decl":{"start":{"line":19,"column":0},"end":{"line":21,"column":1}},"loc":{"start":{"line":19,"column":0},"end":{"line":21,"column":1}},"line":19},"5":{"name":"isVec4","decl":{"start":{"line":23,"column":0},"end":{"line":25,"column":1}},"loc":{"start":{"line":23,"column":0},"end":{"line":25,"column":1}},"line":23},"6":{"name":"isImageFile","decl":{"start":{"line":27,"column":0},"end":{"line":33,"column":1}},"loc":{"start":{"line":27,"column":0},"end":{"line":33,"column":1}},"line":27},"7":{"name":"isVideoFile","decl":{"start":{"line":35,"column":0},"end":{"line":41,"column":1}},"loc":{"start":{"line":35,"column":0},"end":{"line":41,"column":1}},"line":35}},"f":{"0":105,"1":16,"2":11,"3":23,"4":19,"5":20,"6":50,"7":45}}
,"/Users/andystewart/Development/shdr/src/tests/_test-assets.ts": {"path":"/Users/andystewart/Development/shdr/src/tests/_test-assets.ts","all":false,"statementMap":{"0":{"start":{"line":1,"column":0},"end":{"line":1,"column":28}},"2":{"start":{"line":3,"column":0},"end":{"line":3,"column":45}},"24":{"start":{"line":25,"column":0},"end":{"line":25,"column":42}},"52":{"start":{"line":53,"column":0},"end":{"line":53,"column":45}},"74":{"start":{"line":75,"column":0},"end":{"line":75,"column":22}},"75":{"start":{"line":76,"column":0},"end":{"line":76,"column":27}},"76":{"start":{"line":77,"column":0},"end":{"line":77,"column":22}},"77":{"start":{"line":78,"column":0},"end":{"line":78,"column":14}},"78":{"start":{"line":79,"column":0},"end":{"line":79,"column":9}},"79":{"start":{"line":80,"column":0},"end":{"line":80,"column":4}},"80":{"start":{"line":81,"column":0},"end":{"line":81,"column":1}},"82":{"start":{"line":83,"column":0},"end":{"line":83,"column":48}},"84":{"start":{"line":85,"column":0},"end":{"line":85,"column":32}},"85":{"start":{"line":86,"column":0},"end":{"line":86,"column":55}},"87":{"start":{"line":88,"column":0},"end":{"line":88,"column":75}},"88":{"start":{"line":89,"column":0},"end":{"line":89,"column":26}},"89":{"start":{"line":90,"column":0},"end":{"line":90,"column":50}},"90":{"start":{"line":91,"column":0},"end":{"line":91,"column":32}},"91":{"start":{"line":92,"column":0},"end":{"line":92,"column":28}},"92":{"start":{"line":93,"column":0},"end":{"line":93,"column":47}},"93":{"start":{"line":94,"column":0},"end":{"line":94,"column":36}},"94":{"start":{"line":95,"column":0},"end":{"line":95,"column":47}},"95":{"start":{"line":96,"column":0},"end":{"line":96,"column":34}},"96":{"start":{"line":97,"column":0},"end":{"line":97,"column":16}},"97":{"start":{"line":98,"column":0},"end":{"line":98,"column":20}},"98":{"start":{"line":99,"column":0},"end":{"line":99,"column":41}},"99":{"start":{"line":100,"column":0},"end":{"line":100,"column":47}},"100":{"start":{"line":101,"column":0},"end":{"line":101,"column":39}},"101":{"start":{"line":102,"column":0},"end":{"line":102,"column":16}},"102":{"start":{"line":103,"column":0},"end":{"line":103,"column":13}},"103":{"start":{"line":104,"column":0},"end":{"line":104,"column":17}},"104":{"start":{"line":105,"column":0},"end":{"line":105,"column":10}},"105":{"start":{"line":106,"column":0},"end":{"line":106,"column":19}},"106":{"start":{"line":107,"column":0},"end":{"line":107,"column":20}},"107":{"start":{"line":108,"column":0},"end":{"line":108,"column":10}},"108":{"start":{"line":109,"column":0},"end":{"line":109,"column":22}},"109":{"start":{"line":110,"column":0},"end":{"line":110,"column":23}},"110":{"start":{"line":111,"column":0},"end":{"line":111,"column":22}},"111":{"start":{"line":112,"column":0},"end":{"line":112,"column":34}},"112":{"start":{"line":113,"column":0},"end":{"line":113,"column":37}},"113":{"start":{"line":114,"column":0},"end":{"line":114,"column":27}},"114":{"start":{"line":115,"column":0},"end":{"line":115,"column":22}},"115":{"start":{"line":116,"column":0},"end":{"line":116,"column":8}},"116":{"start":{"line":117,"column":0},"end":{"line":117,"column":33}},"117":{"start":{"line":118,"column":0},"end":{"line":118,"column":41}},"118":{"start":{"line":119,"column":0},"end":{"line":119,"column":5}},"120":{"start":{"line":121,"column":0},"end":{"line":121,"column":53}},"121":{"start":{"line":122,"column":0},"end":{"line":122,"column":5}},"122":{"start":{"line":123,"column":0},"end":{"line":123,"column":2}},"124":{"start":{"line":125,"column":0},"end":{"line":125,"column":8}},"125":{"start":{"line":126,"column":0},"end":{"line":126,"column":23}},"126":{"start":{"line":127,"column":0},"end":{"line":127,"column":20}},"127":{"start":{"line":128,"column":0},"end":{"line":128,"column":23}},"128":{"start":{"line":129,"column":0},"end":{"line":129,"column":7}},"129":{"start":{"line":130,"column":0},"end":{"line":130,"column":19}}},"s":{"0":1,"2":1,"24":1,"52":1,"74":6,"75":6,"76":6,"77":6,"78":6,"79":6,"80":6,"82":1,"84":1,"85":2,"87":2,"88":4,"89":2,"90":2,"91":2,"92":2,"93":1,"94":1,"95":1,"96":1,"97":1,"98":1,"99":1,"100":1,"101":1,"102":1,"103":2,"104":2,"105":2,"106":0,"107":0,"108":2,"109":2,"110":2,"111":2,"112":2,"113":2,"114":2,"115":2,"116":2,"117":2,"118":2,"120":2,"121":2,"122":2,"124":1,"125":1,"126":1,"127":1,"128":1,"129":1},"branchMap":{"0":{"type":"branch","line":75,"loc":{"start":{"line":75,"column":0},"end":{"line":81,"column":1}},"locations":[{"start":{"line":75,"column":0},"end":{"line":81,"column":1}}]},"1":{"type":"branch","line":76,"loc":{"start":{"line":76,"column":21},"end":{"line":79,"column":9}},"locations":[{"start":{"line":76,"column":21},"end":{"line":79,"column":9}}]},"2":{"type":"branch","line":77,"loc":{"start":{"line":77,"column":15},"end":{"line":79,"column":7}},"locations":[{"start":{"line":77,"column":15},"end":{"line":79,"column":7}}]},"3":{"type":"branch","line":85,"loc":{"start":{"line":85,"column":25},"end":{"line":123,"column":2}},"locations":[{"start":{"line":85,"column":25},"end":{"line":123,"column":2}}]},"4":{"type":"branch","line":88,"loc":{"start":{"line":88,"column":57},"end":{"line":122,"column":3}},"locations":[{"start":{"line":88,"column":57},"end":{"line":122,"column":3}}]},"5":{"type":"branch","line":89,"loc":{"start":{"line":89,"column":25},"end":{"line":121,"column":53}},"locations":[{"start":{"line":89,"column":25},"end":{"line":121,"column":53}}]},"6":{"type":"branch","line":91,"loc":{"start":{"line":91,"column":8},"end":{"line":105,"column":10}},"locations":[{"start":{"line":91,"column":8},"end":{"line":105,"column":10}}]},"7":{"type":"branch","line":92,"loc":{"start":{"line":92,"column":21},"end":{"line":104,"column":13}},"locations":[{"start":{"line":92,"column":21},"end":{"line":104,"column":13}}]},"8":{"type":"branch","line":93,"loc":{"start":{"line":93,"column":46},"end":{"line":103,"column":13}},"locations":[{"start":{"line":93,"column":46},"end":{"line":103,"column":13}}]}},"b":{"0":[6],"1":[6],"2":[6],"3":[2],"4":[4],"5":[2],"6":[2],"7":[2],"8":[1]},"fnMap":{"0":{"name":"tick","decl":{"start":{"line":75,"column":0},"end":{"line":81,"column":1}},"loc":{"start":{"line":75,"column":0},"end":{"line":81,"column":1}},"line":75},"1":{"name":"mockVideoElement","decl":{"start":{"line":85,"column":25},"end":{"line":123,"column":2}},"loc":{"start":{"line":85,"column":25},"end":{"line":123,"column":2}},"line":85},"2":{"name":"set src","decl":{"start":{"line":91,"column":8},"end":{"line":105,"column":10}},"loc":{"start":{"line":91,"column":8},"end":{"line":105,"column":10}},"line":91},"3":{"name":"get src","decl":{"start":{"line":106,"column":8},"end":{"line":108,"column":10}},"loc":{"start":{"line":106,"column":8},"end":{"line":108,"column":10}},"line":106}},"f":{"0":6,"1":2,"2":2,"3":0}}
}
